2025-03-09 18:00:16,457 - INFO - baostock登录成功
2025-03-09 18:00:16,457 - INFO - 开始运行策略...
2025-03-09 18:00:16,552 - INFO - 当前价格: 24.74
2025-03-09 18:00:16,553 - INFO - 5日均线: 24.83 (前值: 24.83)
2025-03-09 18:00:16,553 - INFO - 10日均线: 24.92 (前值: 25.00)
2025-03-09 18:00:16,553 - INFO - 20日均线: 25.56
2025-03-09 18:00:16,553 - INFO - RSI: 25.00
2025-03-09 18:00:16,553 - INFO - MACD: -0.27, Signal: -0.14
2025-03-09 18:00:16,553 - INFO - KDJ: K=23.85, D=19.03, J=33.51
2025-03-09 18:00:16,554 - INFO - 布林带: 上轨=27.09, 中轨=25.56, 下轨=24.03
2025-03-09 18:00:16,554 - INFO - ATR: 0.55
2025-03-09 18:00:16,554 - INFO - 成交量: 9862273
2025-03-09 18:00:16,554 - INFO - 5日均量: 9609536
2025-03-09 18:00:16,554 - INFO - 当前状态: 现金=100000.00, 持仓=0股, 买入价=0
2025-03-09 18:00:16,555 - INFO - 总价值: 100000.00
2025-03-09 18:00:16,555 - INFO - --------------------------------
2025-03-09 18:00:16,555 - INFO - 信号分析:
2025-03-09 18:00:16,555 - INFO - 均线金叉: 否
2025-03-09 18:00:16,555 - INFO - 成交量确认: 否
2025-03-09 18:00:16,555 - INFO - RSI买入信号: 是 (RSI=25.00, 阈值=30)
2025-03-09 18:00:16,555 - INFO - MACD金叉: 否
2025-03-09 18:00:16,556 - INFO - KDJ金叉: 否
2025-03-09 18:00:16,556 - INFO - 布林带下轨反弹: 是
2025-03-09 18:00:16,556 - INFO - 价格在20日均线上方: 否
2025-03-09 18:00:16,556 - INFO - 均线死叉: 否
2025-03-09 18:00:16,556 - INFO - RSI卖出信号: 否 (RSI=25.00, 阈值=75)
2025-03-09 18:00:16,556 - INFO - MACD死叉: 否
2025-03-09 18:00:16,557 - INFO - KDJ死叉: 否
2025-03-09 18:00:16,557 - INFO - 布林带上轨回落: 否
2025-03-09 18:00:16,557 - INFO - 价格在20日均线下方: 是
2025-03-09 18:00:16,557 - INFO - --------------------------------
2025-03-09 18:00:16,557 - INFO - 交易信号:
2025-03-09 18:00:16,557 - INFO - 买入信号1 (均线金叉+成交量+趋势): 否
2025-03-09 18:00:16,557 - INFO - 买入信号2 (RSI超卖+布林带下轨+成交量): 否
2025-03-09 18:00:16,557 - INFO - 买入信号3 (MACD金叉+KDJ金叉+趋势): 否
2025-03-09 18:00:16,557 - INFO - 卖出信号1 (均线死叉+趋势): 否
2025-03-09 18:00:16,558 - INFO - 卖出信号2 (RSI超买+布林带上轨): 否
2025-03-09 18:00:16,558 - INFO - 卖出信号3 (MACD死叉+KDJ死叉): 否
2025-03-09 18:00:16,558 - INFO - --------------------------------
