2025-03-01 21:22:54,660 - INFO - 获取到0只创业板股票
2025-03-01 21:22:54,918 - INFO - 开始回测...
2025-03-01 21:22:54,919 - INFO - 
=== 回测结果 ===
2025-03-01 21:22:54,919 - INFO - 测试股票数量: 0
2025-03-01 21:22:54,919 - INFO - 盈利股票数量: 0
2025-03-01 21:23:21,813 - INFO - 获取到20只创业板股票
2025-03-01 21:23:22,073 - INFO - 开始回测...
2025-03-01 21:23:22,074 - INFO - 正在回测 sz.300001
2025-03-01 21:23:22,304 - INFO - 正在回测 sz.300002
2025-03-01 21:23:22,906 - INFO - 正在回测 sz.300003
2025-03-01 21:23:23,174 - INFO - 正在回测 sz.300004
2025-03-01 21:23:23,772 - INFO - 正在回测 sz.300005
2025-03-01 21:23:23,995 - INFO - 正在回测 sz.300006
2025-03-01 21:23:24,267 - INFO - 正在回测 sz.300007
2025-03-01 21:23:24,533 - INFO - 正在回测 sz.300008
2025-03-01 21:23:25,185 - INFO - 正在回测 sz.300009
2025-03-01 21:23:25,653 - INFO - 正在回测 sz.300010
2025-03-01 21:23:25,954 - INFO - 正在回测 sz.300011
2025-03-01 21:23:26,250 - INFO - 正在回测 sz.300012
2025-03-01 21:23:26,525 - INFO - 正在回测 sz.300013
2025-03-01 21:23:27,510 - ERROR - 获取sz.300013数据出错: could not convert string to float: 
2025-03-01 21:23:27,510 - INFO - 正在回测 sz.300014
2025-03-01 21:23:28,192 - INFO - 正在回测 sz.300015
2025-03-01 21:23:29,016 - INFO - 正在回测 sz.300016
2025-03-01 21:23:29,486 - INFO - 正在回测 sz.300017
2025-03-01 21:23:29,767 - INFO - 正在回测 sz.300018
2025-03-01 21:23:30,211 - ERROR - 获取sz.300018数据出错: could not convert string to float: 
2025-03-01 21:23:30,211 - INFO - 正在回测 sz.300019
2025-03-01 21:23:30,928 - INFO - 正在回测 sz.300020
2025-03-01 21:23:31,229 - INFO - 
=== 回测结果 ===
2025-03-01 21:23:31,229 - INFO - 测试股票数量: 20
2025-03-01 21:23:31,229 - INFO - 盈利股票数量: 0
2025-03-01 21:24:08,528 - INFO - 获取到20只创业板股票
2025-03-01 21:24:08,611 - INFO - 开始回测...
2025-03-01 21:24:08,612 - INFO - 正在回测 sz.300001
2025-03-01 21:24:09,170 - INFO - 成功获取sz.300001的历史数据，共485条有效记录
2025-03-01 21:24:09,269 - INFO - 正在回测 sz.300002
2025-03-01 21:24:09,393 - INFO - 成功获取sz.300002的历史数据，共485条有效记录
2025-03-01 21:24:09,491 - INFO - 正在回测 sz.300003
2025-03-01 21:24:09,734 - INFO - 成功获取sz.300003的历史数据，共485条有效记录
2025-03-01 21:24:09,835 - INFO - 正在回测 sz.300004
2025-03-01 21:24:10,199 - INFO - 成功获取sz.300004的历史数据，共485条有效记录
2025-03-01 21:24:10,306 - INFO - 正在回测 sz.300005
2025-03-01 21:24:11,204 - INFO - 成功获取sz.300005的历史数据，共485条有效记录
2025-03-01 21:24:11,299 - INFO - 正在回测 sz.300006
2025-03-01 21:24:12,020 - INFO - 成功获取sz.300006的历史数据，共485条有效记录
2025-03-01 21:24:12,122 - INFO - 正在回测 sz.300007
2025-03-01 21:24:12,678 - INFO - 成功获取sz.300007的历史数据，共485条有效记录
2025-03-01 21:24:12,779 - INFO - 正在回测 sz.300008
2025-03-01 21:24:13,334 - INFO - 成功获取sz.300008的历史数据，共485条有效记录
2025-03-01 21:24:13,435 - INFO - 正在回测 sz.300009
2025-03-01 21:24:13,651 - INFO - 成功获取sz.300009的历史数据，共485条有效记录
2025-03-01 21:24:13,746 - INFO - 正在回测 sz.300010
2025-03-01 21:24:14,237 - INFO - 成功获取sz.300010的历史数据，共485条有效记录
2025-03-01 21:24:14,338 - INFO - 正在回测 sz.300011
2025-03-01 21:24:14,496 - INFO - 成功获取sz.300011的历史数据，共485条有效记录
2025-03-01 21:24:14,591 - INFO - 正在回测 sz.300012
2025-03-01 21:24:14,861 - INFO - 成功获取sz.300012的历史数据，共485条有效记录
2025-03-01 21:24:14,956 - INFO - 正在回测 sz.300013
2025-03-01 21:24:15,117 - INFO - 成功获取sz.300013的历史数据，共480条有效记录
2025-03-01 21:24:15,215 - INFO - 正在回测 sz.300014
2025-03-01 21:24:15,474 - INFO - 成功获取sz.300014的历史数据，共485条有效记录
2025-03-01 21:24:15,569 - INFO - 正在回测 sz.300015
2025-03-01 21:24:16,072 - INFO - 成功获取sz.300015的历史数据，共485条有效记录
2025-03-01 21:24:16,173 - INFO - 正在回测 sz.300016
2025-03-01 21:24:16,340 - INFO - 成功获取sz.300016的历史数据，共485条有效记录
2025-03-01 21:24:16,435 - INFO - 正在回测 sz.300017
2025-03-01 21:24:16,558 - INFO - 成功获取sz.300017的历史数据，共485条有效记录
2025-03-01 21:24:16,655 - INFO - 正在回测 sz.300018
2025-03-01 21:24:20,336 - INFO - 成功获取sz.300018的历史数据，共480条有效记录
2025-03-01 21:24:20,433 - INFO - 正在回测 sz.300019
2025-03-01 21:24:21,518 - INFO - 成功获取sz.300019的历史数据，共485条有效记录
2025-03-01 21:24:21,619 - INFO - 正在回测 sz.300020
2025-03-01 21:24:21,779 - INFO - 成功获取sz.300020的历史数据，共485条有效记录
2025-03-01 21:24:21,878 - INFO - 
=== 回测结果 ===
2025-03-01 21:24:21,879 - INFO - 测试股票数量: 20
2025-03-01 21:24:21,879 - INFO - 盈利股票数量: 0
2025-03-01 21:25:15,003 - INFO - 获取到20只创业板股票
2025-03-01 21:25:15,813 - INFO - 开始回测...
2025-03-01 21:25:15,814 - INFO - 正在回测 sz.300001
2025-03-01 21:25:16,021 - INFO - 成功获取sz.300001的历史数据，共485条有效记录
2025-03-01 21:25:16,121 - INFO - 正在回测 sz.300002
2025-03-01 21:25:16,375 - INFO - 成功获取sz.300002的历史数据，共485条有效记录
2025-03-01 21:25:16,478 - INFO - 正在回测 sz.300003
2025-03-01 21:25:16,918 - INFO - 成功获取sz.300003的历史数据，共485条有效记录
2025-03-01 21:25:17,020 - INFO - 正在回测 sz.300004
2025-03-01 21:25:17,923 - INFO - 成功获取sz.300004的历史数据，共485条有效记录
2025-03-01 21:25:18,028 - INFO - 正在回测 sz.300005
2025-03-01 21:25:18,487 - INFO - 成功获取sz.300005的历史数据，共485条有效记录
2025-03-01 21:25:18,617 - INFO - 正在回测 sz.300006
2025-03-01 21:25:19,186 - INFO - 成功获取sz.300006的历史数据，共485条有效记录
2025-03-01 21:25:19,289 - INFO - 正在回测 sz.300007
2025-03-01 21:25:19,775 - INFO - 成功获取sz.300007的历史数据，共485条有效记录
2025-03-01 21:25:19,881 - INFO - 正在回测 sz.300008
2025-03-01 21:25:20,826 - INFO - 成功获取sz.300008的历史数据，共485条有效记录
2025-03-01 21:25:20,928 - INFO - 正在回测 sz.300009
2025-03-01 21:25:21,657 - INFO - 成功获取sz.300009的历史数据，共485条有效记录
2025-03-01 21:25:21,762 - INFO - 正在回测 sz.300010
2025-03-01 21:25:22,782 - INFO - 成功获取sz.300010的历史数据，共485条有效记录
2025-03-01 21:25:22,883 - INFO - 正在回测 sz.300011
2025-03-01 21:25:23,804 - INFO - 成功获取sz.300011的历史数据，共485条有效记录
2025-03-01 21:25:23,915 - INFO - 正在回测 sz.300012
2025-03-01 21:25:24,403 - INFO - 成功获取sz.300012的历史数据，共485条有效记录
2025-03-01 21:25:24,502 - INFO - 正在回测 sz.300013
2025-03-01 21:25:25,459 - INFO - 成功获取sz.300013的历史数据，共480条有效记录
2025-03-01 21:25:25,561 - INFO - 正在回测 sz.300014
2025-03-01 21:25:26,118 - INFO - 成功获取sz.300014的历史数据，共485条有效记录
2025-03-01 21:25:26,217 - INFO - 正在回测 sz.300015
2025-03-01 21:25:26,800 - INFO - 成功获取sz.300015的历史数据，共485条有效记录
2025-03-01 21:25:26,906 - INFO - 正在回测 sz.300016
2025-03-01 21:25:27,583 - INFO - 成功获取sz.300016的历史数据，共485条有效记录
2025-03-01 21:25:27,683 - INFO - 正在回测 sz.300017
2025-03-01 21:25:28,074 - INFO - 成功获取sz.300017的历史数据，共485条有效记录
2025-03-01 21:25:28,181 - INFO - 正在回测 sz.300018
2025-03-01 21:25:28,487 - INFO - 成功获取sz.300018的历史数据，共480条有效记录
2025-03-01 21:25:28,587 - INFO - 正在回测 sz.300019
2025-03-01 21:25:29,244 - INFO - 成功获取sz.300019的历史数据，共485条有效记录
2025-03-01 21:25:29,347 - INFO - 正在回测 sz.300020
2025-03-01 21:25:29,819 - INFO - 成功获取sz.300020的历史数据，共485条有效记录
2025-03-01 21:25:29,921 - INFO - 
=== 回测结果 ===
2025-03-01 21:25:29,922 - INFO - 测试股票数量: 20
2025-03-01 21:25:29,922 - INFO - 盈利股票数量: 0
2025-03-01 21:27:31,263 - INFO - 获取到20只创业板股票
2025-03-01 21:27:31,354 - INFO - 开始回测...
2025-03-01 21:27:31,354 - INFO - 正在回测 sz.300001
2025-03-01 21:27:31,537 - INFO - 成功获取sz.300001的历史数据，共485条有效记录
2025-03-01 21:27:31,641 - INFO - 正在回测 sz.300002
2025-03-01 21:27:31,891 - INFO - 成功获取sz.300002的历史数据，共485条有效记录
2025-03-01 21:27:31,994 - INFO - 正在回测 sz.300003
2025-03-01 21:27:32,376 - INFO - 成功获取sz.300003的历史数据，共485条有效记录
2025-03-01 21:27:32,474 - INFO - 正在回测 sz.300004
2025-03-01 21:27:32,644 - INFO - 成功获取sz.300004的历史数据，共485条有效记录
2025-03-01 21:27:32,741 - INFO - 正在回测 sz.300005
2025-03-01 21:27:32,910 - INFO - 成功获取sz.300005的历史数据，共485条有效记录
2025-03-01 21:27:33,007 - INFO - 正在回测 sz.300006
2025-03-01 21:27:33,360 - INFO - 成功获取sz.300006的历史数据，共485条有效记录
2025-03-01 21:27:33,458 - INFO - 正在回测 sz.300007
2025-03-01 21:27:33,670 - INFO - 成功获取sz.300007的历史数据，共485条有效记录
2025-03-01 21:27:33,765 - INFO - 正在回测 sz.300008
2025-03-01 21:27:34,355 - INFO - 成功获取sz.300008的历史数据，共485条有效记录
2025-03-01 21:27:34,452 - INFO - 正在回测 sz.300009
2025-03-01 21:27:34,707 - INFO - 成功获取sz.300009的历史数据，共485条有效记录
2025-03-01 21:27:34,802 - INFO - 正在回测 sz.300010
2025-03-01 21:27:34,979 - INFO - 成功获取sz.300010的历史数据，共485条有效记录
2025-03-01 21:27:35,070 - INFO - 正在回测 sz.300011
2025-03-01 21:27:35,249 - INFO - 成功获取sz.300011的历史数据，共485条有效记录
2025-03-01 21:27:35,343 - INFO - 正在回测 sz.300012
2025-03-01 21:27:35,569 - INFO - 成功获取sz.300012的历史数据，共485条有效记录
2025-03-01 21:27:35,664 - INFO - 正在回测 sz.300013
2025-03-01 21:27:36,188 - INFO - 成功获取sz.300013的历史数据，共480条有效记录
2025-03-01 21:27:36,280 - INFO - 正在回测 sz.300014
2025-03-01 21:27:36,553 - INFO - 成功获取sz.300014的历史数据，共485条有效记录
2025-03-01 21:27:36,646 - INFO - 正在回测 sz.300015
2025-03-01 21:27:38,142 - INFO - 成功获取sz.300015的历史数据，共485条有效记录
2025-03-01 21:27:38,237 - INFO - 正在回测 sz.300016
2025-03-01 21:27:38,449 - INFO - 成功获取sz.300016的历史数据，共485条有效记录
2025-03-01 21:27:38,546 - INFO - 正在回测 sz.300017
2025-03-01 21:27:39,212 - INFO - 成功获取sz.300017的历史数据，共485条有效记录
2025-03-01 21:27:39,306 - INFO - 正在回测 sz.300018
2025-03-01 21:27:39,480 - INFO - 成功获取sz.300018的历史数据，共480条有效记录
2025-03-01 21:27:39,577 - INFO - 正在回测 sz.300019
2025-03-01 21:27:39,752 - INFO - 成功获取sz.300019的历史数据，共485条有效记录
2025-03-01 21:27:39,845 - INFO - 正在回测 sz.300020
2025-03-01 21:27:40,019 - INFO - 成功获取sz.300020的历史数据，共485条有效记录
2025-03-01 21:27:40,137 - INFO - 
=== 回测结果 ===
2025-03-01 21:27:40,138 - INFO - 测试股票数量: 20
2025-03-01 21:27:40,138 - INFO - 盈利股票数量: 7
2025-03-01 21:27:40,138 - INFO - 
股票代码: sz.300019
总收益率: 3.59%
年化收益率: 1.78%
最大回撤: 6.35%
交易次数: 16
--------------------------------
2025-03-01 21:27:40,595 - INFO - 钉钉消息发送成功
2025-03-01 21:27:40,596 - INFO - 
股票代码: sz.300018
总收益率: 2.98%
年化收益率: 1.48%
最大回撤: 3.39%
交易次数: 7
--------------------------------
2025-03-01 21:27:40,758 - INFO - 钉钉消息发送成功
2025-03-01 21:27:40,759 - INFO - 
股票代码: sz.300011
总收益率: 2.93%
年化收益率: 1.46%
最大回撤: 5.62%
交易次数: 14
--------------------------------
2025-03-01 21:27:40,925 - INFO - 钉钉消息发送成功
2025-03-01 21:27:40,927 - INFO - 
股票代码: sz.300014
总收益率: 2.23%
年化收益率: 1.11%
最大回撤: 4.18%
交易次数: 5
--------------------------------
2025-03-01 21:27:41,094 - INFO - 钉钉消息发送成功
2025-03-01 21:27:41,096 - INFO - 
股票代码: sz.300010
总收益率: 1.99%
年化收益率: 0.99%
最大回撤: 6.05%
交易次数: 20
--------------------------------
2025-03-01 21:27:41,270 - INFO - 钉钉消息发送成功
2025-03-01 21:27:41,271 - INFO - 
股票代码: sz.300006
总收益率: 1.76%
年化收益率: 0.88%
最大回撤: 5.33%
交易次数: 14
--------------------------------
2025-03-01 21:27:41,443 - INFO - 钉钉消息发送成功
2025-03-01 21:27:41,444 - INFO - 
股票代码: sz.300003
总收益率: 0.64%
年化收益率: 0.32%
最大回撤: 3.38%
交易次数: 5
--------------------------------
2025-03-01 21:27:41,625 - INFO - 钉钉消息发送成功
2025-03-01 21:31:22,836 - INFO - 获取到20只创业板股票
2025-03-01 21:31:23,368 - INFO - 开始回测...
2025-03-01 21:31:23,369 - INFO - 正在回测 sz.300001
2025-03-01 21:31:23,497 - INFO - 成功获取sz.300001的历史数据，共485条有效记录
2025-03-01 21:31:23,600 - INFO - 正在回测 sz.300002
2025-03-01 21:31:24,008 - INFO - 成功获取sz.300002的历史数据，共485条有效记录
2025-03-01 21:31:24,109 - INFO - 正在回测 sz.300003
2025-03-01 21:31:24,234 - INFO - 成功获取sz.300003的历史数据，共485条有效记录
2025-03-01 21:31:24,333 - INFO - 正在回测 sz.300004
2025-03-01 21:31:24,456 - INFO - 成功获取sz.300004的历史数据，共485条有效记录
2025-03-01 21:31:24,555 - INFO - 正在回测 sz.300005
2025-03-01 21:31:24,998 - INFO - 成功获取sz.300005的历史数据，共485条有效记录
2025-03-01 21:31:25,096 - INFO - 正在回测 sz.300006
2025-03-01 21:31:25,581 - INFO - 成功获取sz.300006的历史数据，共485条有效记录
2025-03-01 21:31:25,680 - INFO - 正在回测 sz.300007
2025-03-01 21:31:26,265 - INFO - 成功获取sz.300007的历史数据，共485条有效记录
2025-03-01 21:31:26,361 - INFO - 正在回测 sz.300008
2025-03-01 21:31:27,050 - INFO - 成功获取sz.300008的历史数据，共485条有效记录
2025-03-01 21:31:27,143 - INFO - 正在回测 sz.300009
2025-03-01 21:31:27,344 - INFO - 成功获取sz.300009的历史数据，共485条有效记录
2025-03-01 21:31:27,440 - INFO - 正在回测 sz.300010
2025-03-01 21:31:27,637 - INFO - 成功获取sz.300010的历史数据，共485条有效记录
2025-03-01 21:31:27,732 - INFO - 正在回测 sz.300011
2025-03-01 21:31:28,175 - INFO - 成功获取sz.300011的历史数据，共485条有效记录
2025-03-01 21:31:28,272 - INFO - 正在回测 sz.300012
2025-03-01 21:31:28,901 - INFO - 成功获取sz.300012的历史数据，共485条有效记录
2025-03-01 21:31:29,001 - INFO - 正在回测 sz.300013
2025-03-01 21:31:29,586 - INFO - 成功获取sz.300013的历史数据，共480条有效记录
2025-03-01 21:31:29,683 - INFO - 正在回测 sz.300014
2025-03-01 21:31:29,884 - INFO - 成功获取sz.300014的历史数据，共485条有效记录
2025-03-01 21:31:29,981 - INFO - 正在回测 sz.300015
2025-03-01 21:31:30,192 - INFO - 成功获取sz.300015的历史数据，共485条有效记录
2025-03-01 21:31:30,286 - INFO - 正在回测 sz.300016
2025-03-01 21:31:30,520 - INFO - 成功获取sz.300016的历史数据，共485条有效记录
2025-03-01 21:31:30,616 - INFO - 正在回测 sz.300017
2025-03-01 21:31:30,786 - INFO - 成功获取sz.300017的历史数据，共485条有效记录
2025-03-01 21:31:30,881 - INFO - 正在回测 sz.300018
2025-03-01 21:31:31,411 - INFO - 成功获取sz.300018的历史数据，共480条有效记录
2025-03-01 21:31:31,511 - INFO - 正在回测 sz.300019
2025-03-01 21:31:32,567 - INFO - 成功获取sz.300019的历史数据，共485条有效记录
2025-03-01 21:31:32,666 - INFO - 正在回测 sz.300020
2025-03-01 21:31:32,907 - INFO - 成功获取sz.300020的历史数据，共485条有效记录
2025-03-01 21:31:33,003 - INFO - 
=== 回测结果 ===
2025-03-01 21:31:33,004 - INFO - 测试股票数量: 20
2025-03-01 21:31:33,004 - INFO - 盈利股票数量: 7
2025-03-01 21:31:33,004 - INFO - 
股票代码: sz.300019
总收益率: 3.59%
年化收益率: 1.78%
最大回撤: 6.35%
交易次数: 16
--------------------------------
2025-03-01 21:31:35,830 - INFO - 钉钉消息发送成功
2025-03-01 21:31:35,831 - INFO - 
股票代码: sz.300018
总收益率: 2.98%
年化收益率: 1.48%
最大回撤: 3.39%
交易次数: 7
--------------------------------
2025-03-01 21:31:36,001 - INFO - 钉钉消息发送成功
2025-03-01 21:31:36,002 - INFO - 
股票代码: sz.300011
总收益率: 2.93%
年化收益率: 1.46%
最大回撤: 5.62%
交易次数: 14
--------------------------------
2025-03-01 21:31:36,156 - INFO - 钉钉消息发送成功
2025-03-01 21:31:36,157 - INFO - 
股票代码: sz.300014
总收益率: 2.23%
年化收益率: 1.11%
最大回撤: 4.18%
交易次数: 5
--------------------------------
2025-03-01 21:31:36,330 - INFO - 钉钉消息发送成功
2025-03-01 21:31:36,332 - INFO - 
股票代码: sz.300010
总收益率: 1.99%
年化收益率: 0.99%
最大回撤: 6.05%
交易次数: 20
--------------------------------
