2025-03-02 12:45:51,263 - INFO - 正在连接BaoStock...
2025-03-02 12:45:51,991 - INFO - BaoStock连接成功
2025-03-02 12:45:51,991 - INFO - 开始运行行业优选+个股精选策略...
2025-03-02 12:45:51,992 - INFO - 开始选择优质行业...
2025-03-02 12:45:52,955 - INFO - 成功获取1个行业
2025-03-02 12:45:52,955 - INFO - 正在分析行业：申万一级行业
2025-03-02 12:45:54,542 - INFO - 行业申万一级行业共有5418只股票
2025-03-02 12:49:16,600 - INFO - 正在连接BaoStock...
2025-03-02 12:49:16,892 - INFO - BaoStock连接成功
2025-03-02 12:49:16,892 - INFO - 开始运行行业优选+个股精选策略...
2025-03-02 12:49:16,892 - INFO - 开始选择优质行业...
2025-03-02 12:49:25,639 - INFO - 成功获取31个行业
2025-03-02 12:49:25,640 - INFO - 正在分析行业：银行
2025-03-02 12:49:31,070 - INFO - 行业银行共有42只股票
2025-03-02 12:49:31,076 - INFO - 行业银行没有有效的PE数据
2025-03-02 12:49:31,586 - INFO - 正在分析行业：交通运输
2025-03-02 12:49:39,068 - INFO - 行业交通运输共有125只股票
2025-03-02 12:49:39,080 - INFO - 行业交通运输没有有效的PE数据
2025-03-02 12:49:39,585 - INFO - 正在分析行业：汽车
2025-03-02 12:50:18,728 - INFO - 正在连接BaoStock...
2025-03-02 12:50:19,015 - INFO - BaoStock连接成功
2025-03-02 12:50:19,015 - INFO - 开始运行行业优选+个股精选策略...
2025-03-02 12:50:19,015 - INFO - 开始选择优质行业...
2025-03-02 12:50:22,213 - INFO - 成功获取31个行业
2025-03-02 12:50:22,213 - INFO - 正在分析行业：银行
2025-03-02 12:50:31,267 - INFO - 行业银行股票数量0小于最小要求10
2025-03-02 12:50:31,775 - INFO - 正在分析行业：交通运输
2025-03-02 12:50:37,532 - INFO - 行业交通运输股票数量0小于最小要求10
2025-03-02 12:50:38,036 - INFO - 正在分析行业：汽车
2025-03-02 12:50:43,370 - INFO - 行业汽车股票数量0小于最小要求10
2025-03-02 12:50:43,874 - INFO - 正在分析行业：房地产
2025-03-02 12:50:48,371 - INFO - 行业房地产股票数量0小于最小要求10
2025-03-02 12:50:48,882 - INFO - 正在分析行业：环保
2025-03-02 12:50:54,991 - INFO - 行业环保股票数量0小于最小要求10
2025-03-02 12:50:55,499 - INFO - 正在分析行业：钢铁
2025-03-02 12:51:01,763 - INFO - 行业钢铁股票数量0小于最小要求10
2025-03-02 12:51:02,278 - INFO - 正在分析行业：公用事业
2025-03-02 12:51:07,194 - INFO - 行业公用事业股票数量0小于最小要求10
2025-03-02 12:51:07,698 - INFO - 正在分析行业：石油石化
2025-03-02 12:51:11,257 - INFO - 行业石油石化股票数量0小于最小要求10
2025-03-02 12:51:11,769 - INFO - 正在分析行业：非银金融
2025-03-02 12:51:19,345 - INFO - 行业非银金融股票数量0小于最小要求10
2025-03-02 12:51:19,847 - INFO - 正在分析行业：机械设备
2025-03-02 12:51:25,166 - INFO - 行业机械设备股票数量0小于最小要求10
2025-03-02 12:51:25,674 - INFO - 正在分析行业：传媒
2025-03-02 12:51:30,916 - INFO - 行业传媒股票数量0小于最小要求10
2025-03-02 12:51:31,417 - INFO - 正在分析行业：国防军工
2025-03-02 12:51:37,455 - INFO - 行业国防军工股票数量0小于最小要求10
2025-03-02 12:51:37,967 - INFO - 正在分析行业：建筑装饰
2025-03-02 12:51:42,650 - INFO - 行业建筑装饰股票数量0小于最小要求10
2025-03-02 12:51:43,155 - INFO - 正在分析行业：通信
2025-03-02 12:51:47,880 - INFO - 行业通信股票数量0小于最小要求10
2025-03-02 12:51:48,395 - INFO - 正在分析行业：综合
2025-03-02 12:51:55,680 - INFO - 行业综合股票数量0小于最小要求10
2025-03-02 12:51:56,181 - INFO - 正在分析行业：社会服务
2025-03-02 12:52:01,878 - INFO - 行业社会服务股票数量0小于最小要求10
2025-03-02 12:52:02,379 - INFO - 正在分析行业：医药生物
2025-03-02 12:52:08,105 - INFO - 行业医药生物股票数量0小于最小要求10
2025-03-02 12:52:08,610 - INFO - 正在分析行业：商贸零售
2025-03-02 12:52:13,624 - INFO - 行业商贸零售股票数量0小于最小要求10
2025-03-02 12:52:14,127 - INFO - 正在分析行业：食品饮料
2025-03-02 12:52:19,080 - INFO - 行业食品饮料股票数量0小于最小要求10
2025-03-02 12:52:19,593 - INFO - 正在分析行业：家用电器
2025-03-02 12:52:28,205 - INFO - 行业家用电器股票数量0小于最小要求10
2025-03-02 12:52:28,721 - INFO - 正在分析行业：基础化工
2025-03-02 12:52:34,158 - INFO - 行业基础化工股票数量0小于最小要求10
2025-03-02 12:52:34,663 - INFO - 正在分析行业：电力设备
2025-03-02 12:52:43,149 - INFO - 行业电力设备股票数量0小于最小要求10
2025-03-02 12:52:43,654 - INFO - 正在分析行业：电子
2025-03-02 12:52:49,543 - INFO - 行业电子股票数量0小于最小要求10
2025-03-02 12:52:50,052 - INFO - 正在分析行业：轻工制造
2025-03-02 12:52:57,009 - INFO - 行业轻工制造股票数量0小于最小要求10
2025-03-02 12:52:57,524 - INFO - 正在分析行业：农林牧渔
2025-03-02 12:53:04,083 - INFO - 行业农林牧渔股票数量0小于最小要求10
2025-03-02 12:53:04,597 - INFO - 正在分析行业：计算机
2025-03-02 12:53:10,458 - INFO - 行业计算机股票数量0小于最小要求10
2025-03-02 12:53:10,960 - INFO - 正在分析行业：纺织服饰
2025-03-02 12:53:17,209 - INFO - 行业纺织服饰股票数量0小于最小要求10
2025-03-02 12:53:17,717 - INFO - 正在分析行业：有色金属
2025-03-02 12:53:25,691 - INFO - 行业有色金属股票数量0小于最小要求10
2025-03-02 12:53:26,196 - INFO - 正在分析行业：煤炭
2025-03-02 12:53:31,519 - INFO - 行业煤炭股票数量0小于最小要求10
2025-03-02 12:53:32,034 - INFO - 正在分析行业：建筑材料
2025-03-02 12:53:38,110 - INFO - 行业建筑材料股票数量0小于最小要求10
2025-03-02 12:53:38,619 - INFO - 正在分析行业：美容护理
2025-03-02 12:53:42,926 - INFO - 行业美容护理股票数量0小于最小要求10
2025-03-02 12:53:43,440 - ERROR - 未能选出符合条件的行业
