2025-03-02 13:19:23,608 - INFO - 正在连接BaoStock...
2025-03-02 13:19:23,701 - INFO - BaoStock连接成功
2025-03-02 13:19:23,701 - INFO - 开始运行行业多因子策略...
2025-03-02 13:19:27,567 - INFO - 获取到 31 个行业
2025-03-02 13:21:18,866 - INFO - 正在连接BaoStock...
2025-03-02 13:21:19,137 - INFO - BaoStock连接成功
2025-03-02 13:21:19,137 - INFO - 开始运行行业多因子策略...
2025-03-02 13:21:23,072 - INFO - 获取到 31 个行业
2025-03-02 13:24:05,422 - INFO - 钉钉消息发送成功
2025-03-02 13:24:05,423 - INFO - 选股结果已推送到钉钉
2025-03-02 13:25:39,992 - INFO - 钉钉消息发送成功
2025-03-02 13:25:39,993 - INFO - 选股结果已推送到钉钉
2025-03-02 13:28:36,808 - INFO - 正在连接BaoStock...
2025-03-02 13:28:37,399 - INFO - BaoStock连接成功
2025-03-02 13:28:37,399 - INFO - 开始运行行业板块多因子策略...
2025-03-02 13:28:40,631 - INFO - 正在连接BaoStock...
2025-03-02 13:28:40,708 - INFO - BaoStock连接成功
2025-03-02 13:28:40,709 - INFO - 开始运行行业板块多因子策略...
2025-03-02 13:28:43,671 - INFO - 正在连接BaoStock...
2025-03-02 13:28:43,748 - INFO - BaoStock连接成功
2025-03-02 13:28:43,748 - INFO - 开始运行行业板块多因子策略...
2025-03-02 13:28:43,959 - INFO - 获取到 31 个行业
2025-03-02 13:28:47,011 - INFO - 获取到 31 个行业
2025-03-02 13:31:14,060 - INFO - 获取到 1 个板块
2025-03-02 13:31:14,465 - INFO - 获取到 1 个板块
