2025-03-01 21:15:47,783 - INFO - 开始运行策略...
2025-03-01 21:15:47,785 - ERROR - 获取历史数据出错: 'BaoStockData' object has no attribute 'get_history_k_data'
2025-03-01 21:16:55,301 - INFO - 开始运行策略...
2025-03-01 21:16:55,301 - ERROR - 获取的历史数据不足20天
2025-03-01 21:18:01,677 - INFO - 开始运行策略...
2025-03-01 21:18:01,997 - ERROR - 获取的历史数据不足20天，实际获取了18天
2025-03-01 21:18:32,729 - INFO - 开始运行策略...
2025-03-01 21:18:33,059 - INFO - 成功获取历史数据，共37条记录
2025-03-01 21:18:33,060 - INFO - 
当前价格: 50.38
5日均线: 51.32 (前值: 51.48)
10日均线: 51.32 (前值: 51.45)

2025-03-01 21:18:33,061 - INFO - 
当前状态:
现金: 100000.00
持仓: 0股
总价值: 100000.00
--------------------------------
2025-03-01 21:45:25,731 - INFO - 开始运行策略...
2025-03-01 21:45:25,819 - INFO - 成功获取历史数据，共37条记录
2025-03-01 21:45:25,821 - INFO - 
当前价格: 50.38
5日均线: 51.32 (前值: 51.48)
10日均线: 51.32 (前值: 51.45)

2025-03-01 21:45:25,821 - INFO - 
当前状态:
现金: 100000.00
持仓: 0股
总价值: 100000.00
--------------------------------
2025-03-01 22:56:27,289 - INFO - 开始运行策略...
2025-03-01 22:56:27,623 - INFO - 成功获取历史数据，共37条记录
2025-03-01 22:56:27,624 - INFO - 
当前价格: 50.38
5日均线: 51.32 (前值: 51.48)
10日均线: 51.32 (前值: 51.45)

2025-03-01 22:56:27,624 - INFO - 
当前状态:
现金: 100000.00
持仓: 0股
总价值: 100000.00
--------------------------------
