2025-02-27 09:55:33,804 - INFO - 开始执行均线选股...
2025-02-27 09:55:33,833 - ERROR - 获取股票sz300616数据失败: 'BaoStockData' object has no attribute 'get_history_k_data'
2025-02-27 09:55:33,863 - ERROR - 获取股票sh600000数据失败: 'BaoStockData' object has no attribute 'get_history_k_data'
2025-02-27 09:55:33,883 - ERROR - 获取股票sh601318数据失败: 'BaoStockData' object has no attribute 'get_history_k_data'
2025-02-27 09:55:33,899 - ERROR - 获取股票sz000001数据失败: 'BaoStockData' object has no attribute 'get_history_k_data'
2025-02-27 09:55:33,920 - ERROR - 获取股票sh600519数据失败: 'BaoStockData' object has no attribute 'get_history_k_data'
2025-02-27 09:55:33,938 - ERROR - 获取股票sz000858数据失败: 'BaoStockData' object has no attribute 'get_history_k_data'
2025-02-27 09:55:33,955 - ERROR - 获取股票sh601888数据失败: 'BaoStockData' object has no attribute 'get_history_k_data'
2025-02-27 09:55:33,973 - ERROR - 获取股票sz002594数据失败: 'BaoStockData' object has no attribute 'get_history_k_data'
2025-02-27 09:55:33,991 - ERROR - 获取股票sz300750数据失败: 'BaoStockData' object has no attribute 'get_history_k_data'
2025-02-27 09:55:34,012 - ERROR - 获取股票sh600036数据失败: 'BaoStockData' object has no attribute 'get_history_k_data'
2025-02-27 09:55:34,248 - ERROR - 钉钉消息发送失败: 错误描述:关键词不匹配;解决方案:请联系群管理员查看此机器人的关键词，并在发送的信息中包含此关键词;
2025-02-27 09:55:34,249 - INFO - 没有找到符合条件的股票，已推送消息
2025-02-27 09:56:38,118 - INFO - 开始执行均线选股...
2025-02-27 09:56:38,139 - ERROR - 获取股票sz300616数据失败: 'BaoStockData' object has no attribute 'get_history_k_data'
2025-02-27 09:56:38,156 - ERROR - 获取股票sh600000数据失败: 'BaoStockData' object has no attribute 'get_history_k_data'
2025-02-27 09:56:38,176 - ERROR - 获取股票sh601318数据失败: 'BaoStockData' object has no attribute 'get_history_k_data'
2025-02-27 09:56:38,196 - ERROR - 获取股票sz000001数据失败: 'BaoStockData' object has no attribute 'get_history_k_data'
2025-02-27 09:56:38,216 - ERROR - 获取股票sh600519数据失败: 'BaoStockData' object has no attribute 'get_history_k_data'
2025-02-27 09:56:38,237 - ERROR - 获取股票sz000858数据失败: 'BaoStockData' object has no attribute 'get_history_k_data'
2025-02-27 09:56:38,261 - ERROR - 获取股票sh601888数据失败: 'BaoStockData' object has no attribute 'get_history_k_data'
2025-02-27 09:56:38,289 - ERROR - 获取股票sz002594数据失败: 'BaoStockData' object has no attribute 'get_history_k_data'
2025-02-27 09:56:38,307 - ERROR - 获取股票sz300750数据失败: 'BaoStockData' object has no attribute 'get_history_k_data'
2025-02-27 09:56:38,322 - ERROR - 获取股票sh600036数据失败: 'BaoStockData' object has no attribute 'get_history_k_data'
2025-02-27 09:56:38,567 - ERROR - 钉钉消息发送失败: 错误描述:关键词不匹配;解决方案:请联系群管理员查看此机器人的关键词，并在发送的信息中包含此关键词;
2025-02-27 09:56:38,568 - INFO - 没有找到符合条件的股票，已推送消息
2025-02-27 09:58:37,592 - INFO - 开始执行均线选股...
2025-02-27 09:58:37,609 - ERROR - 获取股票sz300616数据失败: 'BaoStockData' object has no attribute 'get_history_k_data'
2025-02-27 09:58:37,630 - ERROR - 获取股票sh600000数据失败: 'BaoStockData' object has no attribute 'get_history_k_data'
2025-02-27 09:58:37,648 - ERROR - 获取股票sh601318数据失败: 'BaoStockData' object has no attribute 'get_history_k_data'
2025-02-27 09:58:37,667 - ERROR - 获取股票sz000001数据失败: 'BaoStockData' object has no attribute 'get_history_k_data'
2025-02-27 09:58:37,699 - ERROR - 获取股票sh600519数据失败: 'BaoStockData' object has no attribute 'get_history_k_data'
2025-02-27 09:58:37,718 - ERROR - 获取股票sz000858数据失败: 'BaoStockData' object has no attribute 'get_history_k_data'
2025-02-27 09:58:37,738 - ERROR - 获取股票sh601888数据失败: 'BaoStockData' object has no attribute 'get_history_k_data'
2025-02-27 09:58:37,756 - ERROR - 获取股票sz002594数据失败: 'BaoStockData' object has no attribute 'get_history_k_data'
2025-02-27 09:58:37,777 - ERROR - 获取股票sz300750数据失败: 'BaoStockData' object has no attribute 'get_history_k_data'
2025-02-27 09:58:37,793 - ERROR - 获取股票sh600036数据失败: 'BaoStockData' object has no attribute 'get_history_k_data'
2025-02-27 09:58:38,031 - ERROR - 钉钉消息发送失败: 错误描述:关键词不匹配;解决方案:请联系群管理员查看此机器人的关键词，并在发送的信息中包含此关键词;
2025-02-27 09:58:38,032 - INFO - 没有找到符合条件的股票，已推送消息
2025-02-27 10:00:02,297 - INFO - 开始执行均线选股...
2025-02-27 10:00:02,317 - ERROR - 获取股票sz300616数据失败: 'BaoStockData' object has no attribute 'get_history_k_data'
2025-02-27 10:00:02,338 - ERROR - 获取股票sh600000数据失败: 'BaoStockData' object has no attribute 'get_history_k_data'
2025-02-27 10:00:02,359 - ERROR - 获取股票sh601318数据失败: 'BaoStockData' object has no attribute 'get_history_k_data'
2025-02-27 10:00:02,376 - ERROR - 获取股票sz000001数据失败: 'BaoStockData' object has no attribute 'get_history_k_data'
2025-02-27 10:00:02,399 - ERROR - 获取股票sh600519数据失败: 'BaoStockData' object has no attribute 'get_history_k_data'
2025-02-27 10:00:02,418 - ERROR - 获取股票sz000858数据失败: 'BaoStockData' object has no attribute 'get_history_k_data'
2025-02-27 10:00:02,460 - ERROR - 获取股票sh601888数据失败: 'BaoStockData' object has no attribute 'get_history_k_data'
2025-02-27 10:00:02,475 - ERROR - 获取股票sz002594数据失败: 'BaoStockData' object has no attribute 'get_history_k_data'
2025-02-27 10:00:02,491 - ERROR - 获取股票sz300750数据失败: 'BaoStockData' object has no attribute 'get_history_k_data'
2025-02-27 10:00:02,508 - ERROR - 获取股票sh600036数据失败: 'BaoStockData' object has no attribute 'get_history_k_data'
2025-02-27 10:00:02,735 - ERROR - 钉钉消息发送失败: 错误描述:关键词不匹配;解决方案:请联系群管理员查看此机器人的关键词，并在发送的信息中包含此关键词;
2025-02-27 10:00:02,737 - INFO - 没有找到符合条件的股票，已推送消息
2025-03-01 11:22:05,833 - INFO - 开始执行均线选股...
2025-03-01 11:22:07,956 - ERROR - 选股程序运行出错: 'MACrossScreener' object has no attribute 'ding'
2025-03-01 11:28:47,285 - INFO - 开始执行均线选股...
2025-03-01 11:28:49,106 - ERROR - 选股程序运行出错: 'MACrossScreener' object has no attribute 'ding'
2025-03-01 11:34:26,805 - INFO - 开始执行均线选股...
2025-03-01 11:34:28,867 - ERROR - 选股程序运行出错: 'MACrossScreener' object has no attribute 'ding'
2025-03-01 11:57:01,784 - INFO - 开始执行均线选股...
2025-03-01 11:57:03,401 - ERROR - 选股程序运行出错: 'MACrossScreener' object has no attribute 'ding'
2025-03-01 11:58:24,743 - INFO - 开始执行均线选股...
2025-03-01 11:58:26,345 - ERROR - 选股程序运行出错: 'MACrossScreener' object has no attribute 'ding'
2025-03-01 11:58:57,528 - INFO - 开始执行均线选股...
2025-03-01 11:58:59,186 - ERROR - 选股程序运行出错: 'MACrossScreener' object has no attribute 'ding'
2025-03-01 12:01:33,556 - INFO - 开始执行均线选股...
2025-03-01 12:01:35,197 - ERROR - 选股程序运行出错: 'MACrossScreener' object has no attribute 'ding'
2025-03-01 12:02:38,762 - INFO - 开始执行均线选股...
2025-03-01 12:02:40,447 - ERROR - 选股程序运行出错: 'MACrossScreener' object has no attribute 'ding'
2025-03-01 12:03:46,815 - INFO - 开始执行均线选股...
2025-03-01 12:03:48,914 - ERROR - 选股程序运行出错: 'MACrossScreener' object has no attribute 'ding'
2025-03-01 12:04:41,022 - INFO - 开始执行均线选股...
2025-03-01 12:04:42,826 - ERROR - 钉钉消息发送失败: description:机器人发送签名不匹配;solution:请确认签名和生成签名的时间戳必须都放在调用的网址中，请确认机器人的密钥加密和填写正确;link:请参考本接口对应文档获得具体要求，或者在https://open.dingtalk.com/document/  搜索相关文档;
2025-03-01 12:04:42,827 - INFO - 没有找到符合条件的股票，已推送消息
2025-03-01 12:05:23,283 - INFO - 开始执行均线选股...
2025-03-01 12:05:25,039 - ERROR - 钉钉消息发送失败: description:机器人发送签名不匹配;solution:请确认签名和生成签名的时间戳必须都放在调用的网址中，请确认机器人的密钥加密和填写正确;link:请参考本接口对应文档获得具体要求，或者在https://open.dingtalk.com/document/  搜索相关文档;
2025-03-01 12:05:25,040 - INFO - 没有找到符合条件的股票，已推送消息
2025-03-01 12:05:50,933 - INFO - 开始执行均线选股...
2025-03-01 12:05:52,712 - ERROR - 钉钉消息发送失败: 错误描述:关键词不匹配;解决方案:请联系群管理员查看此机器人的关键词，并在发送的信息中包含此关键词;
2025-03-01 12:05:52,712 - INFO - 没有找到符合条件的股票，已推送消息
2025-03-01 12:06:16,141 - INFO - 开始执行均线选股...
2025-03-01 12:06:17,930 - ERROR - 钉钉消息发送失败: 错误描述:关键词不匹配;解决方案:请联系群管理员查看此机器人的关键词，并在发送的信息中包含此关键词;
2025-03-01 12:06:17,931 - INFO - 没有找到符合条件的股票，已推送消息
2025-03-01 12:07:54,498 - INFO - 开始执行均线选股...
2025-03-01 12:07:56,268 - ERROR - 钉钉消息发送失败: 错误描述:关键词不匹配;解决方案:请联系群管理员查看此机器人的关键词，并在发送的信息中包含此关键词;
2025-03-01 12:07:56,269 - INFO - 没有找到符合条件的股票，已推送消息
2025-03-01 12:27:49,342 - INFO - 开始执行均线选股...
2025-03-01 12:27:51,760 - ERROR - 钉钉消息发送失败: 错误描述:关键词不匹配;解决方案:请联系群管理员查看此机器人的关键词，并在发送的信息中包含此关键词;
2025-03-01 12:27:51,761 - INFO - 没有找到符合条件的股票，已推送消息
2025-03-01 12:29:33,718 - INFO - 开始执行均线选股...
2025-03-01 12:29:35,484 - INFO - 钉钉消息发送成功
2025-03-01 12:29:35,485 - INFO - 没有找到符合条件的股票，已推送消息
2025-03-01 17:24:52,649 - INFO - 开始执行均线选股...
2025-03-01 17:24:52,649 - ERROR - 选股程序运行出错: 'NoneType' object is not iterable
2025-03-01 17:24:53,081 - ERROR - 钉钉消息发送失败: 错误描述:关键词不匹配;解决方案:请联系群管理员查看此机器人的关键词，并在发送的信息中包含此关键词;
2025-03-01 17:27:28,111 - INFO - 开始执行均线选股...
2025-03-01 17:27:29,972 - INFO - 钉钉消息发送成功
2025-03-01 17:27:29,972 - INFO - 没有找到符合条件的股票，已推送消息
2025-03-02 16:02:56,671 - INFO - 开始执行均线选股...
2025-03-02 16:02:56,672 - ERROR - 选股程序运行出错: 'NoneType' object is not iterable
2025-03-02 16:02:58,504 - ERROR - 钉钉消息发送失败: 错误描述:关键词不匹配;解决方案:请联系群管理员查看此机器人的关键词，并在发送的信息中包含此关键词;
2025-03-02 16:03:00,594 - INFO - 开始执行均线选股...
2025-03-02 16:03:00,594 - ERROR - 选股程序运行出错: 'NoneType' object is not iterable
2025-03-02 16:03:00,745 - ERROR - 钉钉消息发送失败: 错误描述:关键词不匹配;解决方案:请联系群管理员查看此机器人的关键词，并在发送的信息中包含此关键词;
2025-03-03 16:46:25,793 - INFO - 开始执行均线选股...
2025-03-03 16:46:25,793 - ERROR - 选股程序运行出错: 'NoneType' object is not iterable
2025-03-03 16:46:26,116 - ERROR - 钉钉消息发送失败: 错误描述:关键词不匹配;解决方案:请联系群管理员查看此机器人的关键词，并在发送的信息中包含此关键词;
2025-03-03 16:52:03,022 - INFO - 开始执行均线选股...
2025-03-03 16:52:03,022 - ERROR - 选股程序运行出错: 'NoneType' object is not iterable
2025-03-03 16:52:03,411 - ERROR - 钉钉消息发送失败: 错误描述:关键词不匹配;解决方案:请联系群管理员查看此机器人的关键词，并在发送的信息中包含此关键词;
2025-03-03 16:53:43,559 - INFO - 开始执行均线选股...
2025-03-03 16:53:43,589 - ERROR - 获取股票sz300616数据失败: 'BaoStockData' object has no attribute 'get_history_k_data'
2025-03-03 16:53:43,609 - ERROR - 获取股票sh600000数据失败: 'BaoStockData' object has no attribute 'get_history_k_data'
2025-03-03 16:53:43,625 - ERROR - 获取股票sh601318数据失败: 'BaoStockData' object has no attribute 'get_history_k_data'
2025-03-03 16:53:43,648 - ERROR - 获取股票sz000001数据失败: 'BaoStockData' object has no attribute 'get_history_k_data'
2025-03-03 16:53:43,668 - ERROR - 获取股票sh600519数据失败: 'BaoStockData' object has no attribute 'get_history_k_data'
2025-03-03 16:53:43,688 - ERROR - 获取股票sz000858数据失败: 'BaoStockData' object has no attribute 'get_history_k_data'
2025-03-03 16:53:43,712 - ERROR - 获取股票sh601888数据失败: 'BaoStockData' object has no attribute 'get_history_k_data'
2025-03-03 16:53:43,736 - ERROR - 获取股票sz002594数据失败: 'BaoStockData' object has no attribute 'get_history_k_data'
2025-03-03 16:53:43,755 - ERROR - 获取股票sz300750数据失败: 'BaoStockData' object has no attribute 'get_history_k_data'
2025-03-03 16:53:43,774 - ERROR - 获取股票sh600036数据失败: 'BaoStockData' object has no attribute 'get_history_k_data'
2025-03-03 16:53:44,122 - INFO - 钉钉消息发送成功
2025-03-03 16:53:44,123 - INFO - 没有找到符合条件的股票，已推送消息
2025-03-03 16:56:25,474 - INFO - baostock 登录成功
2025-03-03 16:56:25,474 - INFO - 开始执行均线选股...
2025-03-03 16:56:25,494 - ERROR - 获取K线数据失败: 股票代码应为9位，请检查。格式示例：sh.600000。
2025-03-03 16:56:25,514 - ERROR - 获取K线数据失败: 股票代码应为9位，请检查。格式示例：sh.600000。
2025-03-03 16:56:25,532 - ERROR - 获取K线数据失败: 股票代码应为9位，请检查。格式示例：sh.600000。
2025-03-03 16:56:25,552 - ERROR - 获取K线数据失败: 股票代码应为9位，请检查。格式示例：sh.600000。
2025-03-03 16:56:25,570 - ERROR - 获取K线数据失败: 股票代码应为9位，请检查。格式示例：sh.600000。
2025-03-03 16:56:25,590 - ERROR - 获取K线数据失败: 股票代码应为9位，请检查。格式示例：sh.600000。
2025-03-03 16:56:25,613 - ERROR - 获取K线数据失败: 股票代码应为9位，请检查。格式示例：sh.600000。
2025-03-03 16:56:25,630 - ERROR - 获取K线数据失败: 股票代码应为9位，请检查。格式示例：sh.600000。
2025-03-03 16:56:25,650 - ERROR - 获取K线数据失败: 股票代码应为9位，请检查。格式示例：sh.600000。
2025-03-03 16:56:25,669 - ERROR - 获取K线数据失败: 股票代码应为9位，请检查。格式示例：sh.600000。
2025-03-03 16:56:26,013 - INFO - 钉钉消息发送成功
2025-03-03 16:56:26,015 - INFO - 没有找到符合条件的股票，已推送消息
2025-03-03 16:58:01,651 - INFO - baostock 登录成功
2025-03-03 16:58:01,652 - INFO - 开始执行均线选股...
2025-03-03 16:58:01,765 - INFO - 
检查股票 尚品宅配(sz300616) 的均线信号：
2025-03-03 16:58:01,766 - INFO - 当前价格: 13.24
2025-03-03 16:58:01,766 - INFO - 5日均线: 13.37
2025-03-03 16:58:01,766 - INFO - 10日均线: 13.54
2025-03-03 16:58:01,766 - INFO - 20日均线: 13.06
2025-03-03 16:58:01,766 - INFO - 是否金叉: 否
2025-03-03 16:58:01,767 - INFO - 20日线是否高于当前价: 否
2025-03-03 16:58:01,888 - INFO - 
检查股票 浦发银行(sh600000) 的均线信号：
2025-03-03 16:58:01,888 - INFO - 当前价格: 10.15
2025-03-03 16:58:01,889 - INFO - 5日均线: 10.18
2025-03-03 16:58:01,889 - INFO - 10日均线: 10.28
2025-03-03 16:58:01,889 - INFO - 20日均线: 10.34
2025-03-03 16:58:01,889 - INFO - 是否金叉: 否
2025-03-03 16:58:01,889 - INFO - 20日线是否高于当前价: 是
2025-03-03 16:58:01,997 - INFO - 
检查股票 中国平安(sh601318) 的均线信号：
2025-03-03 16:58:01,997 - INFO - 当前价格: 50.33
2025-03-03 16:58:01,998 - INFO - 5日均线: 51.32
2025-03-03 16:58:01,998 - INFO - 10日均线: 51.32
2025-03-03 16:58:01,998 - INFO - 20日均线: 51.05
2025-03-03 16:58:01,998 - INFO - 是否金叉: 否
2025-03-03 16:58:01,998 - INFO - 20日线是否高于当前价: 是
2025-03-03 16:58:02,107 - INFO - 
检查股票 平安银行(sz000001) 的均线信号：
2025-03-03 16:58:02,108 - INFO - 当前价格: 11.51
2025-03-03 16:58:02,108 - INFO - 5日均线: 11.55
2025-03-03 16:58:02,108 - INFO - 10日均线: 11.63
2025-03-03 16:58:02,108 - INFO - 20日均线: 11.53
2025-03-03 16:58:02,108 - INFO - 是否金叉: 否
2025-03-03 16:58:02,108 - INFO - 20日线是否高于当前价: 是
2025-03-03 16:58:02,214 - INFO - 
检查股票 贵州茅台(sh600519) 的均线信号：
2025-03-03 16:58:02,215 - INFO - 当前价格: 1487.02
2025-03-03 16:58:02,215 - INFO - 5日均线: 1475.89
2025-03-03 16:58:02,216 - INFO - 10日均线: 1477.93
2025-03-03 16:58:02,216 - INFO - 20日均线: 1456.77
2025-03-03 16:58:02,216 - INFO - 是否金叉: 否
2025-03-03 16:58:02,216 - INFO - 20日线是否高于当前价: 否
2025-03-03 16:58:02,323 - INFO - 
检查股票 五 粮 液(sz000858) 的均线信号：
2025-03-03 16:58:02,323 - INFO - 当前价格: 130.84
2025-03-03 16:58:02,324 - INFO - 5日均线: 130.96
2025-03-03 16:58:02,324 - INFO - 10日均线: 130.93
2025-03-03 16:58:02,324 - INFO - 20日均线: 129.35
2025-03-03 16:58:02,324 - INFO - 是否金叉: 是
2025-03-03 16:58:02,324 - INFO - 20日线是否高于当前价: 否
2025-03-03 16:58:02,679 - INFO - 
检查股票 中国中免(sh601888) 的均线信号：
2025-03-03 16:58:02,680 - INFO - 当前价格: 61.11
2025-03-03 16:58:02,680 - INFO - 5日均线: 61.13
2025-03-03 16:58:02,680 - INFO - 10日均线: 61.01
2025-03-03 16:58:02,680 - INFO - 20日均线: 61.17
2025-03-03 16:58:02,681 - INFO - 是否金叉: 否
2025-03-03 16:58:02,681 - INFO - 20日线是否高于当前价: 是
2025-03-03 16:58:02,995 - INFO - 
检查股票 比亚迪(sz002594) 的均线信号：
2025-03-03 16:58:02,995 - INFO - 当前价格: 360.21
2025-03-03 16:58:02,996 - INFO - 5日均线: 371.64
2025-03-03 16:58:02,996 - INFO - 10日均线: 366.72
2025-03-03 16:58:02,996 - INFO - 20日均线: 342.20
2025-03-03 16:58:02,996 - INFO - 是否金叉: 否
2025-03-03 16:58:02,997 - INFO - 20日线是否高于当前价: 否
2025-03-03 16:58:03,105 - INFO - 
检查股票 宁德时代(sz300750) 的均线信号：
2025-03-03 16:58:03,106 - INFO - 当前价格: 273.53
2025-03-03 16:58:03,106 - INFO - 5日均线: 268.78
2025-03-03 16:58:03,106 - INFO - 10日均线: 270.34
2025-03-03 16:58:03,107 - INFO - 20日均线: 264.21
2025-03-03 16:58:03,107 - INFO - 是否金叉: 否
2025-03-03 16:58:03,107 - INFO - 20日线是否高于当前价: 否
2025-03-03 16:58:03,638 - INFO - 
检查股票 招商银行(sh600036) 的均线信号：
2025-03-03 16:58:03,638 - INFO - 当前价格: 42.05
2025-03-03 16:58:03,639 - INFO - 5日均线: 41.64
2025-03-03 16:58:03,639 - INFO - 10日均线: 41.72
2025-03-03 16:58:03,639 - INFO - 20日均线: 41.27
2025-03-03 16:58:03,639 - INFO - 是否金叉: 否
2025-03-03 16:58:03,640 - INFO - 20日线是否高于当前价: 否
2025-03-03 16:58:04,006 - INFO - 钉钉消息发送成功
2025-03-03 16:58:04,007 - INFO - 没有找到符合条件的股票，已推送消息
2025-03-03 17:40:37,668 - INFO - baostock 登录成功
2025-03-03 17:40:37,668 - INFO - 开始执行均线选股...
2025-03-03 17:40:37,912 - INFO - 
检查股票 尚品宅配(sz300616) 的均线信号：
2025-03-03 17:40:37,912 - INFO - 当前价格: 13.24
2025-03-03 17:40:37,913 - INFO - 5日均线: 13.32
2025-03-03 17:40:37,913 - INFO - 10日均线: 13.44
2025-03-03 17:40:37,913 - INFO - 20日均线: 13.12
2025-03-03 17:40:37,913 - INFO - 是否金叉: 否
2025-03-03 17:40:37,913 - INFO - 20日线是否高于当前价: 否
2025-03-03 17:40:38,397 - INFO - 
检查股票 浦发银行(sh600000) 的均线信号：
2025-03-03 17:40:38,398 - INFO - 当前价格: 10.15
2025-03-03 17:40:38,398 - INFO - 5日均线: 10.17
2025-03-03 17:40:38,398 - INFO - 10日均线: 10.27
2025-03-03 17:40:38,399 - INFO - 20日均线: 10.32
2025-03-03 17:40:38,399 - INFO - 是否金叉: 否
2025-03-03 17:40:38,399 - INFO - 20日线是否高于当前价: 是
2025-03-03 17:40:38,553 - INFO - 
检查股票 中国平安(sh601318) 的均线信号：
2025-03-03 17:40:38,553 - INFO - 当前价格: 50.33
2025-03-03 17:40:38,553 - INFO - 5日均线: 50.99
2025-03-03 17:40:38,553 - INFO - 10日均线: 51.17
2025-03-03 17:40:38,554 - INFO - 20日均线: 51.02
2025-03-03 17:40:38,554 - INFO - 是否金叉: 否
2025-03-03 17:40:38,554 - INFO - 20日线是否高于当前价: 是
2025-03-03 17:40:38,945 - INFO - 
检查股票 平安银行(sz000001) 的均线信号：
2025-03-03 17:40:38,946 - INFO - 当前价格: 11.51
2025-03-03 17:40:38,946 - INFO - 5日均线: 11.53
2025-03-03 17:40:38,946 - INFO - 10日均线: 11.61
2025-03-03 17:40:38,947 - INFO - 20日均线: 11.54
2025-03-03 17:40:38,947 - INFO - 是否金叉: 否
2025-03-03 17:40:38,947 - INFO - 20日线是否高于当前价: 是
2025-03-03 17:40:39,135 - INFO - 
检查股票 贵州茅台(sh600519) 的均线信号：
2025-03-03 17:40:39,135 - INFO - 当前价格: 1487.02
2025-03-03 17:40:39,135 - INFO - 5日均线: 1477.48
2025-03-03 17:40:39,136 - INFO - 10日均线: 1479.47
2025-03-03 17:40:39,136 - INFO - 20日均线: 1459.32
2025-03-03 17:40:39,136 - INFO - 是否金叉: 否
2025-03-03 17:40:39,137 - INFO - 20日线是否高于当前价: 否
2025-03-03 17:40:39,243 - INFO - 
检查股票 五 粮 液(sz000858) 的均线信号：
2025-03-03 17:40:39,244 - INFO - 当前价格: 130.84
2025-03-03 17:40:39,244 - INFO - 5日均线: 130.74
2025-03-03 17:40:39,244 - INFO - 10日均线: 130.86
2025-03-03 17:40:39,244 - INFO - 20日均线: 129.50
2025-03-03 17:40:39,244 - INFO - 是否金叉: 否
2025-03-03 17:40:39,244 - INFO - 20日线是否高于当前价: 否
2025-03-03 17:40:39,607 - INFO - 
检查股票 中国中免(sh601888) 的均线信号：
2025-03-03 17:40:39,607 - INFO - 当前价格: 61.11
2025-03-03 17:40:39,608 - INFO - 5日均线: 61.21
2025-03-03 17:40:39,608 - INFO - 10日均线: 60.94
2025-03-03 17:40:39,608 - INFO - 20日均线: 61.16
2025-03-03 17:40:39,608 - INFO - 是否金叉: 否
2025-03-03 17:40:39,609 - INFO - 20日线是否高于当前价: 是
2025-03-03 17:40:40,023 - INFO - 
检查股票 比亚迪(sz002594) 的均线信号：
2025-03-03 17:40:40,023 - INFO - 当前价格: 360.21
2025-03-03 17:40:40,024 - INFO - 5日均线: 368.42
2025-03-03 17:40:40,025 - INFO - 10日均线: 367.89
2025-03-03 17:40:40,025 - INFO - 20日均线: 346.26
2025-03-03 17:40:40,025 - INFO - 是否金叉: 否
2025-03-03 17:40:40,025 - INFO - 20日线是否高于当前价: 否
2025-03-03 17:40:40,202 - INFO - 
检查股票 宁德时代(sz300750) 的均线信号：
2025-03-03 17:40:40,203 - INFO - 当前价格: 273.53
2025-03-03 17:40:40,203 - INFO - 5日均线: 269.19
2025-03-03 17:40:40,203 - INFO - 10日均线: 270.75
2025-03-03 17:40:40,204 - INFO - 20日均线: 264.85
2025-03-03 17:40:40,204 - INFO - 是否金叉: 否
2025-03-03 17:40:40,204 - INFO - 20日线是否高于当前价: 否
2025-03-03 17:40:40,468 - INFO - 
检查股票 招商银行(sh600036) 的均线信号：
2025-03-03 17:40:40,468 - INFO - 当前价格: 42.05
2025-03-03 17:40:40,468 - INFO - 5日均线: 41.80
2025-03-03 17:40:40,469 - INFO - 10日均线: 41.75
2025-03-03 17:40:40,469 - INFO - 20日均线: 41.36
2025-03-03 17:40:40,469 - INFO - 是否金叉: 是
2025-03-03 17:40:40,469 - INFO - 20日线是否高于当前价: 否
2025-03-03 17:40:40,823 - INFO - 钉钉消息发送成功
2025-03-03 17:40:40,824 - INFO - 没有找到符合条件的股票，已推送消息
2025-03-04 00:37:07,135 - INFO - baostock 登录成功
2025-03-04 00:37:07,136 - INFO - 开始执行均线选股...
2025-03-04 00:37:07,281 - INFO - 
检查股票 尚品宅配(sz300616) 的均线信号：
2025-03-04 00:37:07,281 - INFO - 当前价格: 13.24
2025-03-04 00:37:07,281 - INFO - 5日均线: 13.32
2025-03-04 00:37:07,282 - INFO - 10日均线: 13.44
2025-03-04 00:37:07,282 - INFO - 20日均线: 13.12
2025-03-04 00:37:07,282 - INFO - 是否金叉: 否
2025-03-04 00:37:07,282 - INFO - 20日线是否高于当前价: 否
2025-03-04 00:37:08,699 - INFO - 
检查股票 浦发银行(sh600000) 的均线信号：
2025-03-04 00:37:08,699 - INFO - 当前价格: 10.15
2025-03-04 00:37:08,699 - INFO - 5日均线: 10.17
2025-03-04 00:37:08,700 - INFO - 10日均线: 10.27
2025-03-04 00:37:08,700 - INFO - 20日均线: 10.32
2025-03-04 00:37:08,700 - INFO - 是否金叉: 否
2025-03-04 00:37:08,700 - INFO - 20日线是否高于当前价: 是
2025-03-04 00:37:09,404 - INFO - 
检查股票 中国平安(sh601318) 的均线信号：
2025-03-04 00:37:09,404 - INFO - 当前价格: 50.33
2025-03-04 00:37:09,405 - INFO - 5日均线: 50.99
2025-03-04 00:37:09,405 - INFO - 10日均线: 51.17
2025-03-04 00:37:09,405 - INFO - 20日均线: 51.02
2025-03-04 00:37:09,405 - INFO - 是否金叉: 否
2025-03-04 00:37:09,405 - INFO - 20日线是否高于当前价: 是
2025-03-04 00:37:09,938 - INFO - 
检查股票 平安银行(sz000001) 的均线信号：
2025-03-04 00:37:09,938 - INFO - 当前价格: 11.51
2025-03-04 00:37:09,938 - INFO - 5日均线: 11.53
2025-03-04 00:37:09,939 - INFO - 10日均线: 11.61
2025-03-04 00:37:09,939 - INFO - 20日均线: 11.54
2025-03-04 00:37:09,939 - INFO - 是否金叉: 否
2025-03-04 00:37:09,939 - INFO - 20日线是否高于当前价: 是
2025-03-04 00:37:10,138 - INFO - 
检查股票 贵州茅台(sh600519) 的均线信号：
2025-03-04 00:37:10,138 - INFO - 当前价格: 1487.02
2025-03-04 00:37:10,139 - INFO - 5日均线: 1477.48
2025-03-04 00:37:10,139 - INFO - 10日均线: 1479.47
2025-03-04 00:37:10,139 - INFO - 20日均线: 1459.32
2025-03-04 00:37:10,140 - INFO - 是否金叉: 否
2025-03-04 00:37:10,140 - INFO - 20日线是否高于当前价: 否
2025-03-04 00:37:10,591 - INFO - 
检查股票 五 粮 液(sz000858) 的均线信号：
2025-03-04 00:37:10,592 - INFO - 当前价格: 130.84
2025-03-04 00:37:10,592 - INFO - 5日均线: 130.74
2025-03-04 00:37:10,592 - INFO - 10日均线: 130.86
2025-03-04 00:37:10,592 - INFO - 20日均线: 129.50
2025-03-04 00:37:10,592 - INFO - 是否金叉: 否
2025-03-04 00:37:10,593 - INFO - 20日线是否高于当前价: 否
2025-03-04 00:37:10,760 - INFO - 
检查股票 中国中免(sh601888) 的均线信号：
2025-03-04 00:37:10,761 - INFO - 当前价格: 61.11
2025-03-04 00:37:10,762 - INFO - 5日均线: 61.21
2025-03-04 00:37:10,762 - INFO - 10日均线: 60.94
2025-03-04 00:37:10,762 - INFO - 20日均线: 61.16
2025-03-04 00:37:10,762 - INFO - 是否金叉: 否
2025-03-04 00:37:10,762 - INFO - 20日线是否高于当前价: 是
2025-03-04 00:37:10,925 - INFO - 
检查股票 比亚迪(sz002594) 的均线信号：
2025-03-04 00:37:10,925 - INFO - 当前价格: 360.21
2025-03-04 00:37:10,925 - INFO - 5日均线: 368.42
2025-03-04 00:37:10,925 - INFO - 10日均线: 367.89
2025-03-04 00:37:10,926 - INFO - 20日均线: 346.26
2025-03-04 00:37:10,926 - INFO - 是否金叉: 否
2025-03-04 00:37:10,926 - INFO - 20日线是否高于当前价: 否
2025-03-04 00:37:11,565 - INFO - 
检查股票 宁德时代(sz300750) 的均线信号：
2025-03-04 00:37:11,566 - INFO - 当前价格: 273.53
2025-03-04 00:37:11,566 - INFO - 5日均线: 269.19
2025-03-04 00:37:11,566 - INFO - 10日均线: 270.75
2025-03-04 00:37:11,567 - INFO - 20日均线: 264.85
2025-03-04 00:37:11,567 - INFO - 是否金叉: 否
2025-03-04 00:37:11,567 - INFO - 20日线是否高于当前价: 否
2025-03-04 00:37:12,171 - INFO - 
检查股票 招商银行(sh600036) 的均线信号：
2025-03-04 00:37:12,172 - INFO - 当前价格: 42.05
2025-03-04 00:37:12,172 - INFO - 5日均线: 41.80
2025-03-04 00:37:12,172 - INFO - 10日均线: 41.75
2025-03-04 00:37:12,172 - INFO - 20日均线: 41.36
2025-03-04 00:37:12,172 - INFO - 是否金叉: 是
2025-03-04 00:37:12,172 - INFO - 20日线是否高于当前价: 否
2025-03-04 00:37:13,291 - INFO - 钉钉消息发送成功
2025-03-04 00:37:13,293 - INFO - 没有找到符合条件的股票，已推送消息
2025-03-04 16:57:59,834 - INFO - baostock 登录成功
2025-03-04 16:57:59,834 - INFO - 开始执行均线选股...
2025-03-04 16:58:00,608 - INFO - 
检查股票 尚品宅配(sz300616) 的均线信号：
2025-03-04 16:58:00,609 - INFO - 当前价格: 13.22
2025-03-04 16:58:00,609 - INFO - 5日均线: 13.32
2025-03-04 16:58:00,609 - INFO - 10日均线: 13.44
2025-03-04 16:58:00,609 - INFO - 20日均线: 13.12
2025-03-04 16:58:00,609 - INFO - 是否金叉: 否
2025-03-04 16:58:00,610 - INFO - 20日线是否高于当前价: 否
2025-03-04 16:58:03,957 - INFO - 
检查股票 浦发银行(sh600000) 的均线信号：
2025-03-04 16:58:03,958 - INFO - 当前价格: 10.10
2025-03-04 16:58:03,958 - INFO - 5日均线: 10.17
2025-03-04 16:58:03,958 - INFO - 10日均线: 10.27
2025-03-04 16:58:03,959 - INFO - 20日均线: 10.32
2025-03-04 16:58:03,959 - INFO - 是否金叉: 否
2025-03-04 16:58:03,960 - INFO - 20日线是否高于当前价: 是
2025-03-04 16:58:04,850 - INFO - 
检查股票 中国平安(sh601318) 的均线信号：
2025-03-04 16:58:04,850 - INFO - 当前价格: 50.08
2025-03-04 16:58:04,850 - INFO - 5日均线: 50.99
2025-03-04 16:58:04,851 - INFO - 10日均线: 51.17
2025-03-04 16:58:04,851 - INFO - 20日均线: 51.02
2025-03-04 16:58:04,851 - INFO - 是否金叉: 否
2025-03-04 16:58:04,851 - INFO - 20日线是否高于当前价: 是
2025-03-04 16:58:05,907 - INFO - 
检查股票 平安银行(sz000001) 的均线信号：
2025-03-04 16:58:05,907 - INFO - 当前价格: 11.51
2025-03-04 16:58:05,908 - INFO - 5日均线: 11.53
2025-03-04 16:58:05,908 - INFO - 10日均线: 11.61
2025-03-04 16:58:05,908 - INFO - 20日均线: 11.54
2025-03-04 16:58:05,908 - INFO - 是否金叉: 否
2025-03-04 16:58:05,909 - INFO - 20日线是否高于当前价: 是
2025-03-04 16:58:07,960 - INFO - 
检查股票 贵州茅台(sh600519) 的均线信号：
2025-03-04 16:58:07,960 - INFO - 当前价格: 1470.11
2025-03-04 16:58:07,961 - INFO - 5日均线: 1477.48
2025-03-04 16:58:07,961 - INFO - 10日均线: 1479.47
2025-03-04 16:58:07,961 - INFO - 20日均线: 1459.32
2025-03-04 16:58:07,961 - INFO - 是否金叉: 否
2025-03-04 16:58:07,961 - INFO - 20日线是否高于当前价: 否
2025-03-04 16:58:08,948 - INFO - 
检查股票 五 粮 液(sz000858) 的均线信号：
2025-03-04 16:58:08,948 - INFO - 当前价格: 129.75
2025-03-04 16:58:08,948 - INFO - 5日均线: 130.74
2025-03-04 16:58:08,948 - INFO - 10日均线: 130.86
2025-03-04 16:58:08,948 - INFO - 20日均线: 129.50
2025-03-04 16:58:08,949 - INFO - 是否金叉: 否
2025-03-04 16:58:08,949 - INFO - 20日线是否高于当前价: 否
2025-03-04 16:58:12,708 - INFO - 
检查股票 中国中免(sh601888) 的均线信号：
2025-03-04 16:58:12,709 - INFO - 当前价格: 61.13
2025-03-04 16:58:12,709 - INFO - 5日均线: 61.21
2025-03-04 16:58:12,709 - INFO - 10日均线: 60.94
2025-03-04 16:58:12,709 - INFO - 20日均线: 61.16
2025-03-04 16:58:12,709 - INFO - 是否金叉: 否
2025-03-04 16:58:12,710 - INFO - 20日线是否高于当前价: 是
2025-03-04 16:58:16,170 - INFO - 
检查股票 比亚迪(sz002594) 的均线信号：
2025-03-04 16:58:16,171 - INFO - 当前价格: 344.84
2025-03-04 16:58:16,171 - INFO - 5日均线: 368.42
2025-03-04 16:58:16,171 - INFO - 10日均线: 367.89
2025-03-04 16:58:16,171 - INFO - 20日均线: 346.26
2025-03-04 16:58:16,172 - INFO - 是否金叉: 否
2025-03-04 16:58:16,172 - INFO - 20日线是否高于当前价: 是
2025-03-04 16:58:17,314 - INFO - 
检查股票 宁德时代(sz300750) 的均线信号：
2025-03-04 16:58:17,314 - INFO - 当前价格: 263.00
2025-03-04 16:58:17,315 - INFO - 5日均线: 269.19
2025-03-04 16:58:17,315 - INFO - 10日均线: 270.75
2025-03-04 16:58:17,315 - INFO - 20日均线: 264.85
2025-03-04 16:58:17,315 - INFO - 是否金叉: 否
2025-03-04 16:58:17,316 - INFO - 20日线是否高于当前价: 是
2025-03-04 16:58:18,383 - INFO - 
检查股票 招商银行(sh600036) 的均线信号：
2025-03-04 16:58:18,383 - INFO - 当前价格: 41.80
2025-03-04 16:58:18,383 - INFO - 5日均线: 41.80
2025-03-04 16:58:18,384 - INFO - 10日均线: 41.75
2025-03-04 16:58:18,384 - INFO - 20日均线: 41.36
2025-03-04 16:58:18,384 - INFO - 是否金叉: 是
2025-03-04 16:58:18,384 - INFO - 20日线是否高于当前价: 否
2025-03-04 16:58:19,082 - INFO - 钉钉消息发送成功
2025-03-04 16:58:19,083 - INFO - 没有找到符合条件的股票，已推送消息
2025-03-05 09:14:24,830 - INFO - baostock 登录成功
2025-03-05 09:14:24,831 - INFO - 开始执行均线选股...
2025-03-05 09:14:24,958 - INFO - 
检查股票 中信海直(sz000099) 的均线信号：
2025-03-05 09:14:24,958 - INFO - 当前价格: 0.00
2025-03-05 09:14:24,958 - INFO - 5日均线: 26.63
2025-03-05 09:14:24,959 - INFO - 10日均线: 27.03
2025-03-05 09:14:24,959 - INFO - 20日均线: 26.60
2025-03-05 09:14:24,959 - INFO - 是否金叉: 否
2025-03-05 09:14:24,959 - INFO - 20日线是否高于当前价: 是
2025-03-05 09:14:25,067 - INFO - 
检查股票 万丰奥威(sz002085) 的均线信号：
2025-03-05 09:14:25,067 - INFO - 当前价格: 0.00
2025-03-05 09:14:25,068 - INFO - 5日均线: 20.53
2025-03-05 09:14:25,068 - INFO - 10日均线: 20.20
2025-03-05 09:14:25,068 - INFO - 20日均线: 19.57
2025-03-05 09:14:25,068 - INFO - 是否金叉: 否
2025-03-05 09:14:25,069 - INFO - 20日线是否高于当前价: 是
2025-03-05 09:14:25,175 - INFO - 
检查股票 国光电气(sh688776) 的均线信号：
2025-03-05 09:14:25,176 - INFO - 当前价格: 67.06
2025-03-05 09:14:25,176 - INFO - 5日均线: 62.65
2025-03-05 09:14:25,176 - INFO - 10日均线: 59.49
2025-03-05 09:14:25,176 - INFO - 20日均线: 55.25
2025-03-05 09:14:25,176 - INFO - 是否金叉: 否
2025-03-05 09:14:25,177 - INFO - 20日线是否高于当前价: 否
2025-03-05 09:14:25,278 - INFO - 
检查股票 安泰科技(sz000969) 的均线信号：
2025-03-05 09:14:25,279 - INFO - 当前价格: 0.00
2025-03-05 09:14:25,279 - INFO - 5日均线: 12.56
2025-03-05 09:14:25,279 - INFO - 10日均线: 12.43
2025-03-05 09:14:25,279 - INFO - 20日均线: 12.14
2025-03-05 09:14:25,280 - INFO - 是否金叉: 否
2025-03-05 09:14:25,280 - INFO - 20日线是否高于当前价: 是
2025-03-05 09:14:25,397 - INFO - 
检查股票 创新医疗(sz002173) 的均线信号：
2025-03-05 09:14:25,398 - INFO - 当前价格: 0.00
2025-03-05 09:14:25,398 - INFO - 5日均线: 9.77
2025-03-05 09:14:25,399 - INFO - 10日均线: 10.20
2025-03-05 09:14:25,399 - INFO - 20日均线: 9.95
2025-03-05 09:14:25,399 - INFO - 是否金叉: 否
2025-03-05 09:14:25,399 - INFO - 20日线是否高于当前价: 是
2025-03-05 09:14:25,507 - INFO - 
检查股票 三博脑科(sz301293) 的均线信号：
2025-03-05 09:14:25,507 - INFO - 当前价格: 0.00
2025-03-05 09:14:25,508 - INFO - 5日均线: 49.68
2025-03-05 09:14:25,508 - INFO - 10日均线: 50.70
2025-03-05 09:14:25,508 - INFO - 20日均线: 49.70
2025-03-05 09:14:25,508 - INFO - 是否金叉: 否
2025-03-05 09:14:25,509 - INFO - 20日线是否高于当前价: 是
2025-03-05 09:14:25,620 - INFO - 
检查股票 国盾量子(sh688027) 的均线信号：
2025-03-05 09:14:25,621 - INFO - 当前价格: 287.73
2025-03-05 09:14:25,622 - INFO - 5日均线: 289.09
2025-03-05 09:14:25,622 - INFO - 10日均线: 291.70
2025-03-05 09:14:25,622 - INFO - 20日均线: 289.07
2025-03-05 09:14:25,622 - INFO - 是否金叉: 否
2025-03-05 09:14:25,623 - INFO - 20日线是否高于当前价: 是
2025-03-05 09:14:25,730 - INFO - 
检查股票 科大国创(sz300520) 的均线信号：
2025-03-05 09:14:25,731 - INFO - 当前价格: 0.00
2025-03-05 09:14:25,731 - INFO - 5日均线: 26.30
2025-03-05 09:14:25,732 - INFO - 10日均线: 26.73
2025-03-05 09:14:25,732 - INFO - 20日均线: 26.31
2025-03-05 09:14:25,732 - INFO - 是否金叉: 否
2025-03-05 09:14:25,732 - INFO - 20日线是否高于当前价: 是
2025-03-05 09:14:25,844 - INFO - 
检查股票 金龙羽(sz002882) 的均线信号：
2025-03-05 09:14:25,845 - INFO - 当前价格: 0.00
2025-03-05 09:14:25,845 - INFO - 5日均线: 18.26
2025-03-05 09:14:25,846 - INFO - 10日均线: 17.50
2025-03-05 09:14:25,846 - INFO - 20日均线: 16.98
2025-03-05 09:14:25,846 - INFO - 是否金叉: 否
2025-03-05 09:14:25,846 - INFO - 20日线是否高于当前价: 是
2025-03-05 09:14:25,953 - INFO - 
检查股票 上海洗霸(sh603200) 的均线信号：
2025-03-05 09:14:25,954 - INFO - 当前价格: 41.42
2025-03-05 09:14:25,955 - INFO - 5日均线: 37.02
2025-03-05 09:14:25,955 - INFO - 10日均线: 32.94
2025-03-05 09:14:25,956 - INFO - 20日均线: 30.71
2025-03-05 09:14:25,956 - INFO - 是否金叉: 否
2025-03-05 09:14:25,956 - INFO - 20日线是否高于当前价: 否
2025-03-05 09:14:26,060 - INFO - 
检查股票 泓博医药(sz301230) 的均线信号：
2025-03-05 09:14:26,061 - INFO - 当前价格: 0.00
2025-03-05 09:14:26,061 - INFO - 5日均线: 35.95
2025-03-05 09:14:26,061 - INFO - 10日均线: 37.53
2025-03-05 09:14:26,061 - INFO - 20日均线: 35.47
2025-03-05 09:14:26,062 - INFO - 是否金叉: 否
2025-03-05 09:14:26,062 - INFO - 20日线是否高于当前价: 是
2025-03-05 09:14:26,169 - INFO - 
检查股票 成都先导(sh688222) 的均线信号：
2025-03-05 09:14:26,170 - INFO - 当前价格: 16.75
2025-03-05 09:14:26,170 - INFO - 5日均线: 17.11
2025-03-05 09:14:26,171 - INFO - 10日均线: 17.50
2025-03-05 09:14:26,172 - INFO - 20日均线: 16.68
2025-03-05 09:14:26,172 - INFO - 是否金叉: 否
2025-03-05 09:14:26,172 - INFO - 20日线是否高于当前价: 否
2025-03-05 09:14:26,295 - INFO - 
检查股票 航宇微(sz300053) 的均线信号：
2025-03-05 09:14:26,296 - INFO - 当前价格: 0.00
2025-03-05 09:14:26,296 - INFO - 5日均线: 15.07
2025-03-05 09:14:26,297 - INFO - 10日均线: 14.68
2025-03-05 09:14:26,297 - INFO - 20日均线: 14.11
2025-03-05 09:14:26,297 - INFO - 是否金叉: 否
2025-03-05 09:14:26,298 - INFO - 20日线是否高于当前价: 是
2025-03-05 09:14:26,409 - INFO - 
检查股票 川宁生物(sz301301) 的均线信号：
2025-03-05 09:14:26,410 - INFO - 当前价格: 0.00
2025-03-05 09:14:26,410 - INFO - 5日均线: 13.05
2025-03-05 09:14:26,411 - INFO - 10日均线: 13.18
2025-03-05 09:14:26,411 - INFO - 20日均线: 13.03
2025-03-05 09:14:26,412 - INFO - 是否金叉: 否
2025-03-05 09:14:26,412 - INFO - 20日线是否高于当前价: 是
2025-03-05 09:14:26,521 - INFO - 
检查股票 嘉必优(sh688089) 的均线信号：
2025-03-05 09:14:26,522 - INFO - 当前价格: 23.20
2025-03-05 09:14:26,522 - INFO - 5日均线: 22.98
2025-03-05 09:14:26,523 - INFO - 10日均线: 23.02
2025-03-05 09:14:26,523 - INFO - 20日均线: 22.37
2025-03-05 09:14:26,523 - INFO - 是否金叉: 否
2025-03-05 09:14:26,525 - INFO - 20日线是否高于当前价: 否
2025-03-05 09:14:26,628 - INFO - 
检查股票 昇辉科技(sz300423) 的均线信号：
2025-03-05 09:14:26,628 - INFO - 当前价格: 0.00
2025-03-05 09:14:26,629 - INFO - 5日均线: 7.26
2025-03-05 09:14:26,629 - INFO - 10日均线: 7.38
2025-03-05 09:14:26,629 - INFO - 20日均线: 7.38
2025-03-05 09:14:26,630 - INFO - 是否金叉: 否
2025-03-05 09:14:26,630 - INFO - 20日线是否高于当前价: 是
2025-03-05 09:14:26,737 - INFO - 
检查股票 蜀道装备(sz300540) 的均线信号：
2025-03-05 09:14:26,738 - INFO - 当前价格: 0.00
2025-03-05 09:14:26,738 - INFO - 5日均线: 24.05
2025-03-05 09:14:26,739 - INFO - 10日均线: 24.43
2025-03-05 09:14:26,739 - INFO - 20日均线: 25.11
2025-03-05 09:14:26,739 - INFO - 是否金叉: 否
2025-03-05 09:14:26,739 - INFO - 20日线是否高于当前价: 是
2025-03-05 09:14:26,846 - INFO - 
检查股票 深科达(sh688328) 的均线信号：
2025-03-05 09:14:26,847 - INFO - 当前价格: 16.85
2025-03-05 09:14:26,847 - INFO - 5日均线: 16.92
2025-03-05 09:14:26,847 - INFO - 10日均线: 17.02
2025-03-05 09:14:26,848 - INFO - 20日均线: 16.54
2025-03-05 09:14:26,848 - INFO - 是否金叉: 否
2025-03-05 09:14:26,848 - INFO - 20日线是否高于当前价: 否
2025-03-05 09:14:27,127 - INFO - 钉钉消息发送成功
2025-03-05 09:14:27,129 - INFO - 没有找到符合条件的股票，已推送消息
2025-03-05 12:49:23,028 - INFO - baostock 登录成功
2025-03-05 12:49:23,028 - INFO - 开始执行均线选股...
2025-03-05 12:49:23,141 - INFO - 
检查股票 中信海直(sz000099) 的均线信号：
2025-03-05 12:49:23,141 - INFO - 当前价格: 26.38
2025-03-05 12:49:23,142 - INFO - 5日均线: 26.63
2025-03-05 12:49:23,142 - INFO - 10日均线: 27.03
2025-03-05 12:49:23,142 - INFO - 20日均线: 26.60
2025-03-05 12:49:23,142 - INFO - 是否金叉: 否
2025-03-05 12:49:23,142 - INFO - 20日线是否高于当前价: 是
2025-03-05 12:49:23,245 - INFO - 
检查股票 万丰奥威(sz002085) 的均线信号：
2025-03-05 12:49:23,246 - INFO - 当前价格: 20.99
2025-03-05 12:49:23,246 - INFO - 5日均线: 20.53
2025-03-05 12:49:23,246 - INFO - 10日均线: 20.20
2025-03-05 12:49:23,247 - INFO - 20日均线: 19.57
2025-03-05 12:49:23,247 - INFO - 是否金叉: 否
2025-03-05 12:49:23,247 - INFO - 20日线是否高于当前价: 否
2025-03-05 12:49:23,356 - INFO - 
检查股票 国光电气(sh688776) 的均线信号：
2025-03-05 12:49:23,357 - INFO - 当前价格: 66.31
2025-03-05 12:49:23,357 - INFO - 5日均线: 62.65
2025-03-05 12:49:23,357 - INFO - 10日均线: 59.49
2025-03-05 12:49:23,358 - INFO - 20日均线: 55.25
2025-03-05 12:49:23,358 - INFO - 是否金叉: 否
2025-03-05 12:49:23,358 - INFO - 20日线是否高于当前价: 否
2025-03-05 12:49:23,456 - INFO - 
检查股票 安泰科技(sz000969) 的均线信号：
2025-03-05 12:49:23,457 - INFO - 当前价格: 12.63
2025-03-05 12:49:23,457 - INFO - 5日均线: 12.56
2025-03-05 12:49:23,457 - INFO - 10日均线: 12.43
2025-03-05 12:49:23,458 - INFO - 20日均线: 12.14
2025-03-05 12:49:23,458 - INFO - 是否金叉: 否
2025-03-05 12:49:23,458 - INFO - 20日线是否高于当前价: 否
2025-03-05 12:49:23,554 - INFO - 
检查股票 创新医疗(sz002173) 的均线信号：
2025-03-05 12:49:23,554 - INFO - 当前价格: 9.80
2025-03-05 12:49:23,554 - INFO - 5日均线: 9.77
2025-03-05 12:49:23,555 - INFO - 10日均线: 10.20
2025-03-05 12:49:23,555 - INFO - 20日均线: 9.95
2025-03-05 12:49:23,555 - INFO - 是否金叉: 否
2025-03-05 12:49:23,555 - INFO - 20日线是否高于当前价: 是
2025-03-05 12:49:23,655 - INFO - 
检查股票 三博脑科(sz301293) 的均线信号：
2025-03-05 12:49:23,656 - INFO - 当前价格: 49.57
2025-03-05 12:49:23,656 - INFO - 5日均线: 49.68
2025-03-05 12:49:23,656 - INFO - 10日均线: 50.70
2025-03-05 12:49:23,656 - INFO - 20日均线: 49.70
2025-03-05 12:49:23,657 - INFO - 是否金叉: 否
2025-03-05 12:49:23,657 - INFO - 20日线是否高于当前价: 是
2025-03-05 12:49:23,761 - INFO - 
检查股票 国盾量子(sh688027) 的均线信号：
2025-03-05 12:49:23,762 - INFO - 当前价格: 300.40
2025-03-05 12:49:23,762 - INFO - 5日均线: 289.09
2025-03-05 12:49:23,762 - INFO - 10日均线: 291.70
2025-03-05 12:49:23,762 - INFO - 20日均线: 289.07
2025-03-05 12:49:23,763 - INFO - 是否金叉: 否
2025-03-05 12:49:23,763 - INFO - 20日线是否高于当前价: 否
2025-03-05 12:49:23,859 - INFO - 
检查股票 科大国创(sz300520) 的均线信号：
2025-03-05 12:49:23,860 - INFO - 当前价格: 28.15
2025-03-05 12:49:23,861 - INFO - 5日均线: 26.30
2025-03-05 12:49:23,861 - INFO - 10日均线: 26.73
2025-03-05 12:49:23,861 - INFO - 20日均线: 26.31
2025-03-05 12:49:23,861 - INFO - 是否金叉: 否
2025-03-05 12:49:23,862 - INFO - 20日线是否高于当前价: 否
2025-03-05 12:49:23,962 - INFO - 
检查股票 金龙羽(sz002882) 的均线信号：
2025-03-05 12:49:23,963 - INFO - 当前价格: 17.75
2025-03-05 12:49:23,963 - INFO - 5日均线: 18.26
2025-03-05 12:49:23,963 - INFO - 10日均线: 17.50
2025-03-05 12:49:23,964 - INFO - 20日均线: 16.98
2025-03-05 12:49:23,964 - INFO - 是否金叉: 否
2025-03-05 12:49:23,964 - INFO - 20日线是否高于当前价: 否
2025-03-05 12:49:24,072 - INFO - 
检查股票 上海洗霸(sh603200) 的均线信号：
2025-03-05 12:49:24,072 - INFO - 当前价格: 38.58
2025-03-05 12:49:24,073 - INFO - 5日均线: 37.02
2025-03-05 12:49:24,074 - INFO - 10日均线: 32.94
2025-03-05 12:49:24,074 - INFO - 20日均线: 30.71
2025-03-05 12:49:24,074 - INFO - 是否金叉: 否
2025-03-05 12:49:24,074 - INFO - 20日线是否高于当前价: 否
2025-03-05 12:49:24,172 - INFO - 
检查股票 泓博医药(sz301230) 的均线信号：
2025-03-05 12:49:24,173 - INFO - 当前价格: 35.46
2025-03-05 12:49:24,173 - INFO - 5日均线: 35.95
2025-03-05 12:49:24,174 - INFO - 10日均线: 37.53
2025-03-05 12:49:24,174 - INFO - 20日均线: 35.47
2025-03-05 12:49:24,174 - INFO - 是否金叉: 否
2025-03-05 12:49:24,174 - INFO - 20日线是否高于当前价: 是
2025-03-05 12:49:24,276 - INFO - 
检查股票 成都先导(sh688222) 的均线信号：
2025-03-05 12:49:24,277 - INFO - 当前价格: 16.43
2025-03-05 12:49:24,277 - INFO - 5日均线: 17.11
2025-03-05 12:49:24,277 - INFO - 10日均线: 17.50
2025-03-05 12:49:24,277 - INFO - 20日均线: 16.68
2025-03-05 12:49:24,278 - INFO - 是否金叉: 否
2025-03-05 12:49:24,278 - INFO - 20日线是否高于当前价: 是
2025-03-05 12:49:24,398 - INFO - 
检查股票 航宇微(sz300053) 的均线信号：
2025-03-05 12:49:24,398 - INFO - 当前价格: 15.46
2025-03-05 12:49:24,399 - INFO - 5日均线: 15.07
2025-03-05 12:49:24,399 - INFO - 10日均线: 14.68
2025-03-05 12:49:24,399 - INFO - 20日均线: 14.11
2025-03-05 12:49:24,399 - INFO - 是否金叉: 否
2025-03-05 12:49:24,399 - INFO - 20日线是否高于当前价: 否
2025-03-05 12:49:24,505 - INFO - 
检查股票 川宁生物(sz301301) 的均线信号：
2025-03-05 12:49:24,506 - INFO - 当前价格: 13.24
2025-03-05 12:49:24,506 - INFO - 5日均线: 13.05
2025-03-05 12:49:24,506 - INFO - 10日均线: 13.18
2025-03-05 12:49:24,506 - INFO - 20日均线: 13.03
2025-03-05 12:49:24,506 - INFO - 是否金叉: 否
2025-03-05 12:49:24,506 - INFO - 20日线是否高于当前价: 否
2025-03-05 12:49:24,603 - INFO - 
检查股票 嘉必优(sh688089) 的均线信号：
2025-03-05 12:49:24,604 - INFO - 当前价格: 24.93
2025-03-05 12:49:24,604 - INFO - 5日均线: 22.98
2025-03-05 12:49:24,604 - INFO - 10日均线: 23.02
2025-03-05 12:49:24,605 - INFO - 20日均线: 22.37
2025-03-05 12:49:24,605 - INFO - 是否金叉: 否
2025-03-05 12:49:24,605 - INFO - 20日线是否高于当前价: 否
2025-03-05 12:49:24,710 - INFO - 
检查股票 昇辉科技(sz300423) 的均线信号：
2025-03-05 12:49:24,711 - INFO - 当前价格: 7.12
2025-03-05 12:49:24,711 - INFO - 5日均线: 7.26
2025-03-05 12:49:24,712 - INFO - 10日均线: 7.38
2025-03-05 12:49:24,712 - INFO - 20日均线: 7.38
2025-03-05 12:49:24,712 - INFO - 是否金叉: 否
2025-03-05 12:49:24,712 - INFO - 20日线是否高于当前价: 是
2025-03-05 12:49:24,809 - INFO - 
检查股票 蜀道装备(sz300540) 的均线信号：
2025-03-05 12:49:24,810 - INFO - 当前价格: 23.58
2025-03-05 12:49:24,810 - INFO - 5日均线: 24.05
2025-03-05 12:49:24,810 - INFO - 10日均线: 24.43
2025-03-05 12:49:24,810 - INFO - 20日均线: 25.11
2025-03-05 12:49:24,810 - INFO - 是否金叉: 否
2025-03-05 12:49:24,811 - INFO - 20日线是否高于当前价: 是
2025-03-05 12:49:24,912 - INFO - 
检查股票 深科达(sh688328) 的均线信号：
2025-03-05 12:49:24,912 - INFO - 当前价格: 16.59
2025-03-05 12:49:24,912 - INFO - 5日均线: 16.92
2025-03-05 12:49:24,913 - INFO - 10日均线: 17.02
2025-03-05 12:49:24,913 - INFO - 20日均线: 16.54
2025-03-05 12:49:24,914 - INFO - 是否金叉: 否
2025-03-05 12:49:24,914 - INFO - 20日线是否高于当前价: 否
2025-03-05 12:49:25,487 - INFO - 钉钉消息发送成功
2025-03-05 12:49:25,489 - INFO - 没有找到符合条件的股票，已推送消息
2025-03-05 12:52:10,820 - INFO - baostock 登录成功
2025-03-05 12:52:10,820 - INFO - 开始执行均线选股...
2025-03-05 12:52:10,929 - INFO - 
检查股票 中信海直(sz000099) 的均线信号：
2025-03-05 12:52:10,929 - INFO - 当前价格: 26.38
2025-03-05 12:52:10,929 - INFO - 5日均线: 26.63
2025-03-05 12:52:10,929 - INFO - 10日均线: 27.03
2025-03-05 12:52:10,929 - INFO - 20日均线: 26.60
2025-03-05 12:52:10,929 - INFO - 是否金叉: 否
2025-03-05 12:52:10,930 - INFO - 20日线是否高于当前价: 是
2025-03-05 12:52:11,032 - INFO - 
检查股票 万丰奥威(sz002085) 的均线信号：
2025-03-05 12:52:11,033 - INFO - 当前价格: 20.99
2025-03-05 12:52:11,033 - INFO - 5日均线: 20.53
2025-03-05 12:52:11,033 - INFO - 10日均线: 20.20
2025-03-05 12:52:11,033 - INFO - 20日均线: 19.57
2025-03-05 12:52:11,033 - INFO - 是否金叉: 否
2025-03-05 12:52:11,033 - INFO - 20日线是否高于当前价: 否
2025-03-05 12:52:11,137 - INFO - 
检查股票 国光电气(sh688776) 的均线信号：
2025-03-05 12:52:11,137 - INFO - 当前价格: 66.31
2025-03-05 12:52:11,137 - INFO - 5日均线: 62.65
2025-03-05 12:52:11,137 - INFO - 10日均线: 59.49
2025-03-05 12:52:11,137 - INFO - 20日均线: 55.25
2025-03-05 12:52:11,137 - INFO - 是否金叉: 否
2025-03-05 12:52:11,137 - INFO - 20日线是否高于当前价: 否
2025-03-05 12:52:11,237 - INFO - 
检查股票 安泰科技(sz000969) 的均线信号：
2025-03-05 12:52:11,237 - INFO - 当前价格: 12.63
2025-03-05 12:52:11,237 - INFO - 5日均线: 12.56
2025-03-05 12:52:11,237 - INFO - 10日均线: 12.43
2025-03-05 12:52:11,237 - INFO - 20日均线: 12.14
2025-03-05 12:52:11,237 - INFO - 是否金叉: 否
2025-03-05 12:52:11,237 - INFO - 20日线是否高于当前价: 否
2025-03-05 12:52:11,337 - INFO - 
检查股票 创新医疗(sz002173) 的均线信号：
2025-03-05 12:52:11,337 - INFO - 当前价格: 9.80
2025-03-05 12:52:11,337 - INFO - 5日均线: 9.77
2025-03-05 12:52:11,337 - INFO - 10日均线: 10.20
2025-03-05 12:52:11,337 - INFO - 20日均线: 9.95
2025-03-05 12:52:11,337 - INFO - 是否金叉: 否
2025-03-05 12:52:11,337 - INFO - 20日线是否高于当前价: 是
2025-03-05 12:52:11,436 - INFO - 
检查股票 三博脑科(sz301293) 的均线信号：
2025-03-05 12:52:11,436 - INFO - 当前价格: 49.57
2025-03-05 12:52:11,436 - INFO - 5日均线: 49.68
2025-03-05 12:52:11,436 - INFO - 10日均线: 50.70
2025-03-05 12:52:11,436 - INFO - 20日均线: 49.70
2025-03-05 12:52:11,436 - INFO - 是否金叉: 否
2025-03-05 12:52:11,436 - INFO - 20日线是否高于当前价: 是
2025-03-05 12:52:11,548 - INFO - 
检查股票 国盾量子(sh688027) 的均线信号：
2025-03-05 12:52:11,548 - INFO - 当前价格: 300.40
2025-03-05 12:52:11,548 - INFO - 5日均线: 289.09
2025-03-05 12:52:11,548 - INFO - 10日均线: 291.70
2025-03-05 12:52:11,548 - INFO - 20日均线: 289.07
2025-03-05 12:52:11,548 - INFO - 是否金叉: 否
2025-03-05 12:52:11,548 - INFO - 20日线是否高于当前价: 否
2025-03-05 12:52:11,692 - INFO - 
检查股票 科大国创(sz300520) 的均线信号：
2025-03-05 12:52:11,692 - INFO - 当前价格: 28.15
2025-03-05 12:52:11,692 - INFO - 5日均线: 26.30
2025-03-05 12:52:11,692 - INFO - 10日均线: 26.73
2025-03-05 12:52:11,692 - INFO - 20日均线: 26.31
2025-03-05 12:52:11,692 - INFO - 是否金叉: 否
2025-03-05 12:52:11,693 - INFO - 20日线是否高于当前价: 否
2025-03-05 12:52:11,791 - INFO - 
检查股票 金龙羽(sz002882) 的均线信号：
2025-03-05 12:52:11,791 - INFO - 当前价格: 17.75
2025-03-05 12:52:11,791 - INFO - 5日均线: 18.26
2025-03-05 12:52:11,791 - INFO - 10日均线: 17.50
2025-03-05 12:52:11,791 - INFO - 20日均线: 16.98
2025-03-05 12:52:11,791 - INFO - 是否金叉: 否
2025-03-05 12:52:11,791 - INFO - 20日线是否高于当前价: 否
2025-03-05 12:52:11,894 - INFO - 
检查股票 上海洗霸(sh603200) 的均线信号：
2025-03-05 12:52:11,894 - INFO - 当前价格: 38.58
2025-03-05 12:52:11,894 - INFO - 5日均线: 37.02
2025-03-05 12:52:11,894 - INFO - 10日均线: 32.94
2025-03-05 12:52:11,894 - INFO - 20日均线: 30.71
2025-03-05 12:52:11,894 - INFO - 是否金叉: 否
2025-03-05 12:52:11,894 - INFO - 20日线是否高于当前价: 否
2025-03-05 12:52:11,998 - INFO - 
检查股票 泓博医药(sz301230) 的均线信号：
2025-03-05 12:52:11,998 - INFO - 当前价格: 35.46
2025-03-05 12:52:11,998 - INFO - 5日均线: 35.95
2025-03-05 12:52:11,998 - INFO - 10日均线: 37.53
2025-03-05 12:52:11,998 - INFO - 20日均线: 35.47
2025-03-05 12:52:11,998 - INFO - 是否金叉: 否
2025-03-05 12:52:11,998 - INFO - 20日线是否高于当前价: 是
2025-03-05 12:52:12,105 - INFO - 
检查股票 成都先导(sh688222) 的均线信号：
2025-03-05 12:52:12,105 - INFO - 当前价格: 16.43
2025-03-05 12:52:12,105 - INFO - 5日均线: 17.11
2025-03-05 12:52:12,105 - INFO - 10日均线: 17.50
2025-03-05 12:52:12,106 - INFO - 20日均线: 16.68
2025-03-05 12:52:12,106 - INFO - 是否金叉: 否
2025-03-05 12:52:12,106 - INFO - 20日线是否高于当前价: 是
2025-03-05 12:52:12,227 - INFO - 
检查股票 航宇微(sz300053) 的均线信号：
2025-03-05 12:52:12,228 - INFO - 当前价格: 15.46
2025-03-05 12:52:12,228 - INFO - 5日均线: 15.07
2025-03-05 12:52:12,228 - INFO - 10日均线: 14.68
2025-03-05 12:52:12,228 - INFO - 20日均线: 14.11
2025-03-05 12:52:12,228 - INFO - 是否金叉: 否
2025-03-05 12:52:12,228 - INFO - 20日线是否高于当前价: 否
2025-03-05 12:52:12,329 - INFO - 
检查股票 川宁生物(sz301301) 的均线信号：
2025-03-05 12:52:12,330 - INFO - 当前价格: 13.24
2025-03-05 12:52:12,330 - INFO - 5日均线: 13.05
2025-03-05 12:52:12,330 - INFO - 10日均线: 13.18
2025-03-05 12:52:12,330 - INFO - 20日均线: 13.03
2025-03-05 12:52:12,330 - INFO - 是否金叉: 否
2025-03-05 12:52:12,330 - INFO - 20日线是否高于当前价: 否
2025-03-05 12:52:12,431 - INFO - 
检查股票 嘉必优(sh688089) 的均线信号：
2025-03-05 12:52:12,431 - INFO - 当前价格: 24.93
2025-03-05 12:52:12,431 - INFO - 5日均线: 22.98
2025-03-05 12:52:12,431 - INFO - 10日均线: 23.02
2025-03-05 12:52:12,431 - INFO - 20日均线: 22.37
2025-03-05 12:52:12,431 - INFO - 是否金叉: 否
2025-03-05 12:52:12,431 - INFO - 20日线是否高于当前价: 否
2025-03-05 12:52:12,532 - INFO - 
检查股票 昇辉科技(sz300423) 的均线信号：
2025-03-05 12:52:12,532 - INFO - 当前价格: 7.12
2025-03-05 12:52:12,532 - INFO - 5日均线: 7.26
2025-03-05 12:52:12,532 - INFO - 10日均线: 7.38
2025-03-05 12:52:12,532 - INFO - 20日均线: 7.38
2025-03-05 12:52:12,532 - INFO - 是否金叉: 否
2025-03-05 12:52:12,532 - INFO - 20日线是否高于当前价: 是
2025-03-05 12:52:12,634 - INFO - 
检查股票 蜀道装备(sz300540) 的均线信号：
2025-03-05 12:52:12,635 - INFO - 当前价格: 23.58
2025-03-05 12:52:12,635 - INFO - 5日均线: 24.05
2025-03-05 12:52:12,635 - INFO - 10日均线: 24.43
2025-03-05 12:52:12,635 - INFO - 20日均线: 25.11
2025-03-05 12:52:12,635 - INFO - 是否金叉: 否
2025-03-05 12:52:12,635 - INFO - 20日线是否高于当前价: 是
2025-03-05 12:52:12,742 - INFO - 
检查股票 深科达(sh688328) 的均线信号：
2025-03-05 12:52:12,743 - INFO - 当前价格: 16.59
2025-03-05 12:52:12,743 - INFO - 5日均线: 16.92
2025-03-05 12:52:12,743 - INFO - 10日均线: 17.02
2025-03-05 12:52:12,743 - INFO - 20日均线: 16.54
2025-03-05 12:52:12,743 - INFO - 是否金叉: 否
2025-03-05 12:52:12,743 - INFO - 20日线是否高于当前价: 否
2025-03-05 12:52:13,088 - INFO - 钉钉消息发送成功
2025-03-05 12:52:13,089 - INFO - 没有找到符合条件的股票，已推送消息
2025-03-07 14:21:15,030 - INFO - baostock 登录成功
2025-03-07 14:21:15,030 - INFO - 开始执行均线选股...
2025-03-07 14:21:15,206 - INFO - 
检查股票 中信海直(sz000099) 的均线信号：
2025-03-07 14:21:15,206 - INFO - 当前价格: 26.14
2025-03-07 14:21:15,206 - INFO - 5日均线: 26.20
2025-03-07 14:21:15,207 - INFO - 10日均线: 26.96
2025-03-07 14:21:15,207 - INFO - 20日均线: 26.80
2025-03-07 14:21:15,207 - INFO - 是否金叉: 否
2025-03-07 14:21:15,207 - INFO - 20日线是否高于当前价: 是
2025-03-07 14:21:15,314 - INFO - 
检查股票 万丰奥威(sz002085) 的均线信号：
2025-03-07 14:21:15,315 - INFO - 当前价格: 20.39
2025-03-07 14:21:15,315 - INFO - 5日均线: 20.45
2025-03-07 14:21:15,315 - INFO - 10日均线: 20.62
2025-03-07 14:21:15,315 - INFO - 20日均线: 19.85
2025-03-07 14:21:15,315 - INFO - 是否金叉: 否
2025-03-07 14:21:15,316 - INFO - 20日线是否高于当前价: 否
2025-03-07 14:21:15,415 - INFO - 
检查股票 国光电气(sh688776) 的均线信号：
2025-03-07 14:21:15,415 - INFO - 当前价格: 67.69
2025-03-07 14:21:15,416 - INFO - 5日均线: 65.56
2025-03-07 14:21:15,416 - INFO - 10日均线: 62.32
2025-03-07 14:21:15,416 - INFO - 20日均线: 57.05
2025-03-07 14:21:15,416 - INFO - 是否金叉: 否
2025-03-07 14:21:15,417 - INFO - 20日线是否高于当前价: 否
2025-03-07 14:21:15,561 - INFO - 
检查股票 安泰科技(sz000969) 的均线信号：
2025-03-07 14:21:15,561 - INFO - 当前价格: 12.88
2025-03-07 14:21:15,561 - INFO - 5日均线: 12.61
2025-03-07 14:21:15,562 - INFO - 10日均线: 12.54
2025-03-07 14:21:15,562 - INFO - 20日均线: 12.22
2025-03-07 14:21:15,562 - INFO - 是否金叉: 否
2025-03-07 14:21:15,562 - INFO - 20日线是否高于当前价: 否
2025-03-07 14:21:16,411 - INFO - 
检查股票 创新医疗(sz002173) 的均线信号：
2025-03-07 14:21:16,412 - INFO - 当前价格: 10.12
2025-03-07 14:21:16,412 - INFO - 5日均线: 9.79
2025-03-07 14:21:16,412 - INFO - 10日均线: 10.11
2025-03-07 14:21:16,412 - INFO - 20日均线: 10.09
2025-03-07 14:21:16,413 - INFO - 是否金叉: 否
2025-03-07 14:21:16,413 - INFO - 20日线是否高于当前价: 否
2025-03-07 14:21:16,641 - INFO - 
检查股票 三博脑科(sz301293) 的均线信号：
2025-03-07 14:21:16,641 - INFO - 当前价格: 51.48
2025-03-07 14:21:16,642 - INFO - 5日均线: 49.61
2025-03-07 14:21:16,642 - INFO - 10日均线: 50.70
2025-03-07 14:21:16,642 - INFO - 20日均线: 50.18
2025-03-07 14:21:16,643 - INFO - 是否金叉: 否
2025-03-07 14:21:16,643 - INFO - 20日线是否高于当前价: 否
2025-03-07 14:21:17,017 - INFO - 
检查股票 国盾量子(sh688027) 的均线信号：
2025-03-07 14:21:17,018 - INFO - 当前价格: 293.70
2025-03-07 14:21:17,018 - INFO - 5日均线: 289.37
2025-03-07 14:21:17,018 - INFO - 10日均线: 294.21
2025-03-07 14:21:17,018 - INFO - 20日均线: 290.71
2025-03-07 14:21:17,019 - INFO - 是否金叉: 否
2025-03-07 14:21:17,019 - INFO - 20日线是否高于当前价: 否
2025-03-07 14:21:17,117 - INFO - 
检查股票 科大国创(sz300520) 的均线信号：
2025-03-07 14:21:17,118 - INFO - 当前价格: 27.38
2025-03-07 14:21:17,118 - INFO - 5日均线: 26.67
2025-03-07 14:21:17,119 - INFO - 10日均线: 27.08
2025-03-07 14:21:17,119 - INFO - 20日均线: 26.60
2025-03-07 14:21:17,120 - INFO - 是否金叉: 否
2025-03-07 14:21:17,120 - INFO - 20日线是否高于当前价: 否
2025-03-07 14:21:17,418 - INFO - 
检查股票 金龙羽(sz002882) 的均线信号：
2025-03-07 14:21:17,418 - INFO - 当前价格: 17.60
2025-03-07 14:21:17,418 - INFO - 5日均线: 18.41
2025-03-07 14:21:17,419 - INFO - 10日均线: 17.78
2025-03-07 14:21:17,419 - INFO - 20日均线: 17.18
2025-03-07 14:21:17,419 - INFO - 是否金叉: 否
2025-03-07 14:21:17,420 - INFO - 20日线是否高于当前价: 否
2025-03-07 14:21:17,602 - INFO - 
检查股票 上海洗霸(sh603200) 的均线信号：
2025-03-07 14:21:17,603 - INFO - 当前价格: 37.94
2025-03-07 14:21:17,604 - INFO - 5日均线: 40.33
2025-03-07 14:21:17,604 - INFO - 10日均线: 35.49
2025-03-07 14:21:17,604 - INFO - 20日均线: 31.93
2025-03-07 14:21:17,605 - INFO - 是否金叉: 否
2025-03-07 14:21:17,605 - INFO - 20日线是否高于当前价: 否
2025-03-07 14:21:17,706 - INFO - 
检查股票 泓博医药(sz301230) 的均线信号：
2025-03-07 14:21:17,707 - INFO - 当前价格: 35.94
2025-03-07 14:21:17,708 - INFO - 5日均线: 35.84
2025-03-07 14:21:17,708 - INFO - 10日均线: 36.97
2025-03-07 14:21:17,708 - INFO - 20日均线: 36.33
2025-03-07 14:21:17,708 - INFO - 是否金叉: 否
2025-03-07 14:21:17,709 - INFO - 20日线是否高于当前价: 是
2025-03-07 14:21:17,808 - INFO - 
检查股票 成都先导(sh688222) 的均线信号：
2025-03-07 14:21:17,809 - INFO - 当前价格: 16.54
2025-03-07 14:21:17,809 - INFO - 5日均线: 16.78
2025-03-07 14:21:17,809 - INFO - 10日均线: 17.26
2025-03-07 14:21:17,810 - INFO - 20日均线: 17.00
2025-03-07 14:21:17,810 - INFO - 是否金叉: 否
2025-03-07 14:21:17,810 - INFO - 20日线是否高于当前价: 是
2025-03-07 14:21:17,924 - INFO - 
检查股票 航宇微(sz300053) 的均线信号：
2025-03-07 14:21:17,924 - INFO - 当前价格: 14.80
2025-03-07 14:21:17,924 - INFO - 5日均线: 14.95
2025-03-07 14:21:17,925 - INFO - 10日均线: 14.98
2025-03-07 14:21:17,925 - INFO - 20日均线: 14.33
2025-03-07 14:21:17,925 - INFO - 是否金叉: 否
2025-03-07 14:21:17,926 - INFO - 20日线是否高于当前价: 否
2025-03-07 14:21:18,047 - INFO - 
检查股票 川宁生物(sz301301) 的均线信号：
2025-03-07 14:21:18,048 - INFO - 当前价格: 13.04
2025-03-07 14:21:18,049 - INFO - 5日均线: 13.08
2025-03-07 14:21:18,049 - INFO - 10日均线: 13.16
2025-03-07 14:21:18,049 - INFO - 20日均线: 13.14
2025-03-07 14:21:18,050 - INFO - 是否金叉: 否
2025-03-07 14:21:18,050 - INFO - 20日线是否高于当前价: 是
2025-03-07 14:21:18,168 - INFO - 
检查股票 嘉必优(sh688089) 的均线信号：
2025-03-07 14:21:18,169 - INFO - 当前价格: 25.00
2025-03-07 14:21:18,169 - INFO - 5日均线: 23.58
2025-03-07 14:21:18,169 - INFO - 10日均线: 23.26
2025-03-07 14:21:18,169 - INFO - 20日均线: 22.78
2025-03-07 14:21:18,169 - INFO - 是否金叉: 否
2025-03-07 14:21:18,170 - INFO - 20日线是否高于当前价: 否
2025-03-07 14:21:18,274 - INFO - 
检查股票 昇辉科技(sz300423) 的均线信号：
2025-03-07 14:21:18,275 - INFO - 当前价格: 7.14
2025-03-07 14:21:18,276 - INFO - 5日均线: 7.18
2025-03-07 14:21:18,276 - INFO - 10日均线: 7.32
2025-03-07 14:21:18,276 - INFO - 20日均线: 7.38
2025-03-07 14:21:18,276 - INFO - 是否金叉: 否
2025-03-07 14:21:18,277 - INFO - 20日线是否高于当前价: 是
2025-03-07 14:21:18,379 - INFO - 
检查股票 蜀道装备(sz300540) 的均线信号：
2025-03-07 14:21:18,379 - INFO - 当前价格: 24.14
2025-03-07 14:21:18,379 - INFO - 5日均线: 23.84
2025-03-07 14:21:18,380 - INFO - 10日均线: 24.21
2025-03-07 14:21:18,380 - INFO - 20日均线: 24.96
2025-03-07 14:21:18,380 - INFO - 是否金叉: 否
2025-03-07 14:21:18,380 - INFO - 20日线是否高于当前价: 是
2025-03-07 14:21:18,492 - INFO - 
检查股票 深科达(sh688328) 的均线信号：
2025-03-07 14:21:18,492 - INFO - 当前价格: 17.10
2025-03-07 14:21:18,493 - INFO - 5日均线: 16.66
2025-03-07 14:21:18,493 - INFO - 10日均线: 17.03
2025-03-07 14:21:18,493 - INFO - 20日均线: 16.68
2025-03-07 14:21:18,493 - INFO - 是否金叉: 否
2025-03-07 14:21:18,494 - INFO - 20日线是否高于当前价: 否
2025-03-07 14:21:18,769 - INFO - 钉钉消息发送成功
2025-03-07 14:21:18,771 - INFO - 没有找到符合条件的股票，已推送消息
2025-03-10 21:54:12,814 - INFO - baostock 登录成功
2025-03-10 21:54:12,814 - INFO - 开始执行均线选股...
2025-03-10 21:54:12,984 - INFO - 
检查股票 中信海直(sz000099) 的均线信号：
2025-03-10 21:54:12,984 - INFO - 当前价格: 25.82
2025-03-10 21:54:12,984 - INFO - 5日均线: 26.21
2025-03-10 21:54:12,984 - INFO - 10日均线: 26.60
2025-03-10 21:54:12,984 - INFO - 20日均线: 26.86
2025-03-10 21:54:12,984 - INFO - 是否金叉: 否
2025-03-10 21:54:12,984 - INFO - 20日线是否高于当前价: 是
2025-03-10 21:54:13,373 - INFO - 
检查股票 万丰奥威(sz002085) 的均线信号：
2025-03-10 21:54:13,373 - INFO - 当前价格: 20.13
2025-03-10 21:54:13,373 - INFO - 5日均线: 20.52
2025-03-10 21:54:13,373 - INFO - 10日均线: 20.58
2025-03-10 21:54:13,373 - INFO - 20日均线: 19.99
2025-03-10 21:54:13,373 - INFO - 是否金叉: 否
2025-03-10 21:54:13,373 - INFO - 20日线是否高于当前价: 否
2025-03-10 21:54:13,797 - INFO - 
检查股票 国光电气(sh688776) 的均线信号：
2025-03-10 21:54:13,797 - INFO - 当前价格: 65.04
2025-03-10 21:54:13,797 - INFO - 5日均线: 67.19
2025-03-10 21:54:13,797 - INFO - 10日均线: 64.40
2025-03-10 21:54:13,797 - INFO - 20日均线: 58.69
2025-03-10 21:54:13,797 - INFO - 是否金叉: 否
2025-03-10 21:54:13,797 - INFO - 20日线是否高于当前价: 否
2025-03-10 21:54:13,901 - INFO - 
检查股票 安泰科技(sz000969) 的均线信号：
2025-03-10 21:54:13,901 - INFO - 当前价格: 12.87
2025-03-10 21:54:13,901 - INFO - 5日均线: 12.79
2025-03-10 21:54:13,901 - INFO - 10日均线: 12.63
2025-03-10 21:54:13,901 - INFO - 20日均线: 12.29
2025-03-10 21:54:13,901 - INFO - 是否金叉: 否
2025-03-10 21:54:13,901 - INFO - 20日线是否高于当前价: 否
2025-03-10 21:54:14,299 - INFO - 
检查股票 创新医疗(sz002173) 的均线信号：
2025-03-10 21:54:14,300 - INFO - 当前价格: 10.18
2025-03-10 21:54:14,300 - INFO - 5日均线: 10.08
2025-03-10 21:54:14,300 - INFO - 10日均线: 10.02
2025-03-10 21:54:14,300 - INFO - 20日均线: 10.15
2025-03-10 21:54:14,300 - INFO - 是否金叉: 是
2025-03-10 21:54:14,300 - INFO - 20日线是否高于当前价: 否
2025-03-10 21:54:14,848 - INFO - 
检查股票 三博脑科(sz301293) 的均线信号：
2025-03-10 21:54:14,848 - INFO - 当前价格: 51.36
2025-03-10 21:54:14,848 - INFO - 5日均线: 50.94
2025-03-10 21:54:14,848 - INFO - 10日均线: 50.55
2025-03-10 21:54:14,848 - INFO - 20日均线: 50.40
2025-03-10 21:54:14,848 - INFO - 是否金叉: 是
2025-03-10 21:54:14,848 - INFO - 20日线是否高于当前价: 否
2025-03-10 21:54:14,953 - INFO - 
检查股票 国盾量子(sh688027) 的均线信号：
2025-03-10 21:54:14,953 - INFO - 当前价格: 286.00
2025-03-10 21:54:14,953 - INFO - 5日均线: 293.24
2025-03-10 21:54:14,953 - INFO - 10日均线: 292.41
2025-03-10 21:54:14,953 - INFO - 20日均线: 290.97
2025-03-10 21:54:14,953 - INFO - 是否金叉: 是
2025-03-10 21:54:14,953 - INFO - 20日线是否高于当前价: 是
2025-03-10 21:54:14,953 - INFO - 发现符合条件的股票：国盾量子(sh688027)
2025-03-10 21:54:15,234 - INFO - 
检查股票 科大国创(sz300520) 的均线信号：
2025-03-10 21:54:15,235 - INFO - 当前价格: 27.05
2025-03-10 21:54:15,235 - INFO - 5日均线: 27.49
2025-03-10 21:54:15,235 - INFO - 10日均线: 27.00
2025-03-10 21:54:15,235 - INFO - 20日均线: 26.75
2025-03-10 21:54:15,235 - INFO - 是否金叉: 否
2025-03-10 21:54:15,235 - INFO - 20日线是否高于当前价: 否
2025-03-10 21:54:15,627 - INFO - 
检查股票 金龙羽(sz002882) 的均线信号：
2025-03-10 21:54:15,627 - INFO - 当前价格: 17.76
2025-03-10 21:54:15,627 - INFO - 5日均线: 17.90
2025-03-10 21:54:15,627 - INFO - 10日均线: 17.95
2025-03-10 21:54:15,627 - INFO - 20日均线: 17.30
2025-03-10 21:54:15,627 - INFO - 是否金叉: 否
2025-03-10 21:54:15,627 - INFO - 20日线是否高于当前价: 否
2025-03-10 21:54:16,191 - INFO - 
检查股票 上海洗霸(sh603200) 的均线信号：
2025-03-10 21:54:16,191 - INFO - 当前价格: 39.27
2025-03-10 21:54:16,191 - INFO - 5日均线: 40.04
2025-03-10 21:54:16,191 - INFO - 10日均线: 37.33
2025-03-10 21:54:16,191 - INFO - 20日均线: 32.93
2025-03-10 21:54:16,191 - INFO - 是否金叉: 否
2025-03-10 21:54:16,191 - INFO - 20日线是否高于当前价: 否
2025-03-10 21:54:16,658 - INFO - 
检查股票 泓博医药(sz301230) 的均线信号：
2025-03-10 21:54:16,658 - INFO - 当前价格: 36.00
2025-03-10 21:54:16,658 - INFO - 5日均线: 36.29
2025-03-10 21:54:16,658 - INFO - 10日均线: 36.26
2025-03-10 21:54:16,659 - INFO - 20日均线: 36.79
2025-03-10 21:54:16,659 - INFO - 是否金叉: 是
2025-03-10 21:54:16,659 - INFO - 20日线是否高于当前价: 是
2025-03-10 21:54:16,659 - INFO - 发现符合条件的股票：泓博医药(sz301230)
2025-03-10 21:54:17,309 - INFO - 
检查股票 成都先导(sh688222) 的均线信号：
2025-03-10 21:54:17,309 - INFO - 当前价格: 16.54
2025-03-10 21:54:17,309 - INFO - 5日均线: 16.70
2025-03-10 21:54:17,309 - INFO - 10日均线: 16.97
2025-03-10 21:54:17,309 - INFO - 20日均线: 17.12
2025-03-10 21:54:17,309 - INFO - 是否金叉: 否
2025-03-10 21:54:17,309 - INFO - 20日线是否高于当前价: 是
2025-03-10 21:54:17,935 - INFO - 
检查股票 航宇微(sz300053) 的均线信号：
2025-03-10 21:54:17,935 - INFO - 当前价格: 14.79
2025-03-10 21:54:17,935 - INFO - 5日均线: 15.10
2025-03-10 21:54:17,935 - INFO - 10日均线: 15.06
2025-03-10 21:54:17,935 - INFO - 20日均线: 14.43
2025-03-10 21:54:17,935 - INFO - 是否金叉: 是
2025-03-10 21:54:17,935 - INFO - 20日线是否高于当前价: 否
2025-03-10 21:54:18,043 - INFO - 
检查股票 川宁生物(sz301301) 的均线信号：
2025-03-10 21:54:18,043 - INFO - 当前价格: 13.13
2025-03-10 21:54:18,043 - INFO - 5日均线: 13.16
2025-03-10 21:54:18,043 - INFO - 10日均线: 13.10
2025-03-10 21:54:18,043 - INFO - 20日均线: 13.17
2025-03-10 21:54:18,043 - INFO - 是否金叉: 否
2025-03-10 21:54:18,043 - INFO - 20日线是否高于当前价: 是
2025-03-10 21:54:18,158 - INFO - 
检查股票 嘉必优(sh688089) 的均线信号：
2025-03-10 21:54:18,158 - INFO - 当前价格: 25.60
2025-03-10 21:54:18,158 - INFO - 5日均线: 24.36
2025-03-10 21:54:18,158 - INFO - 10日均线: 23.63
2025-03-10 21:54:18,158 - INFO - 20日均线: 23.20
2025-03-10 21:54:18,158 - INFO - 是否金叉: 否
2025-03-10 21:54:18,158 - INFO - 20日线是否高于当前价: 否
2025-03-10 21:54:18,909 - INFO - 
检查股票 昇辉科技(sz300423) 的均线信号：
2025-03-10 21:54:18,909 - INFO - 当前价格: 7.32
2025-03-10 21:54:18,909 - INFO - 5日均线: 7.22
2025-03-10 21:54:18,909 - INFO - 10日均线: 7.26
2025-03-10 21:54:18,909 - INFO - 20日均线: 7.36
2025-03-10 21:54:18,909 - INFO - 是否金叉: 否
2025-03-10 21:54:18,909 - INFO - 20日线是否高于当前价: 是
2025-03-10 21:54:19,275 - INFO - 
检查股票 蜀道装备(sz300540) 的均线信号：
2025-03-10 21:54:19,275 - INFO - 当前价格: 24.50
2025-03-10 21:54:19,275 - INFO - 5日均线: 24.08
2025-03-10 21:54:19,275 - INFO - 10日均线: 24.12
2025-03-10 21:54:19,275 - INFO - 20日均线: 24.80
2025-03-10 21:54:19,275 - INFO - 是否金叉: 否
2025-03-10 21:54:19,275 - INFO - 20日线是否高于当前价: 是
2025-03-10 21:54:19,783 - INFO - 
检查股票 深科达(sh688328) 的均线信号：
2025-03-10 21:54:19,783 - INFO - 当前价格: 16.85
2025-03-10 21:54:19,783 - INFO - 5日均线: 16.94
2025-03-10 21:54:19,783 - INFO - 10日均线: 16.97
2025-03-10 21:54:19,783 - INFO - 20日均线: 16.77
2025-03-10 21:54:19,783 - INFO - 是否金叉: 否
2025-03-10 21:54:19,783 - INFO - 20日线是否高于当前价: 否
2025-03-10 21:54:20,288 - INFO - 钉钉消息发送成功
2025-03-10 21:54:20,289 - INFO - 选股结果已推送到钉钉
