2025-02-26 21:53:15,243 - INFO - 开始执行均线选股...
2025-02-26 21:53:15,275 - INFO - 
检查股票 尚品宅配(sz300616) 的均线信号：
2025-02-26 21:53:15,275 - INFO - 当前价格: 13.52
2025-02-26 21:53:15,275 - INFO - 5日均线: 13.44
2025-02-26 21:53:15,276 - INFO - 10日均线: 13.44
2025-02-26 21:53:15,276 - INFO - 20日均线: 13.49
2025-02-26 21:53:15,276 - INFO - 是否金叉: 否
2025-02-26 21:53:15,276 - INFO - 是否在20日线上方: 是
2025-02-26 21:53:15,296 - INFO - 
检查股票 浦发银行(sh600000) 的均线信号：
2025-02-26 21:53:15,296 - INFO - 当前价格: 10.18
2025-02-26 21:53:15,299 - INFO - 5日均线: 10.15
2025-02-26 21:53:15,299 - INFO - 10日均线: 10.17
2025-02-26 21:53:15,299 - INFO - 20日均线: 10.17
2025-02-26 21:53:15,299 - INFO - 是否金叉: 否
2025-02-26 21:53:15,299 - INFO - 是否在20日线上方: 是
2025-02-26 21:53:15,318 - INFO - 
检查股票 中国平安(sh601318) 的均线信号：
2025-02-26 21:53:15,319 - INFO - 当前价格: 51.62
2025-02-26 21:53:15,319 - INFO - 5日均线: 51.40
2025-02-26 21:53:15,319 - INFO - 10日均线: 51.46
2025-02-26 21:53:15,319 - INFO - 20日均线: 51.68
2025-02-26 21:53:15,320 - INFO - 是否金叉: 否
2025-02-26 21:53:15,320 - INFO - 是否在20日线上方: 否
2025-02-26 21:53:15,342 - INFO - 
检查股票 平安银行(sz000001) 的均线信号：
2025-02-26 21:53:15,342 - INFO - 当前价格: 11.52
2025-02-26 21:53:15,343 - INFO - 5日均线: 11.50
2025-02-26 21:53:15,343 - INFO - 10日均线: 11.52
2025-02-26 21:53:15,343 - INFO - 20日均线: 11.52
2025-02-26 21:53:15,343 - INFO - 是否金叉: 否
2025-02-26 21:53:15,344 - INFO - 是否在20日线上方: 否
2025-02-26 21:53:15,363 - INFO - 
检查股票 贵州茅台(sh600519) 的均线信号：
2025-02-26 21:53:15,363 - INFO - 当前价格: 1460.01
2025-02-26 21:53:15,363 - INFO - 5日均线: 1461.12
2025-02-26 21:53:15,364 - INFO - 10日均线: 1457.61
2025-02-26 21:53:15,364 - INFO - 20日均线: 1457.71
2025-02-26 21:53:15,364 - INFO - 是否金叉: 是
2025-02-26 21:53:15,364 - INFO - 是否在20日线上方: 是
2025-02-26 21:53:15,364 - INFO - 发现符合条件的股票：贵州茅台(sh600519)
2025-02-26 21:53:15,382 - INFO - 
检查股票 五 粮 液(sz000858) 的均线信号：
2025-02-26 21:53:15,382 - INFO - 当前价格: 129.80
2025-02-26 21:53:15,382 - INFO - 5日均线: 128.69
2025-02-26 21:53:15,382 - INFO - 10日均线: 129.27
2025-02-26 21:53:15,383 - INFO - 20日均线: 129.42
2025-02-26 21:53:15,383 - INFO - 是否金叉: 否
2025-02-26 21:53:15,383 - INFO - 是否在20日线上方: 是
2025-02-26 21:53:15,401 - INFO - 
检查股票 中国中免(sh601888) 的均线信号：
2025-02-26 21:53:15,401 - INFO - 当前价格: 61.04
2025-02-26 21:53:15,402 - INFO - 5日均线: 61.11
2025-02-26 21:53:15,402 - INFO - 10日均线: 61.01
2025-02-26 21:53:15,402 - INFO - 20日均线: 61.07
2025-02-26 21:53:15,402 - INFO - 是否金叉: 否
2025-02-26 21:53:15,402 - INFO - 是否在20日线上方: 否
2025-02-26 21:53:15,424 - INFO - 
检查股票 比亚迪(sz002594) 的均线信号：
2025-02-26 21:53:15,424 - INFO - 当前价格: 372.10
2025-02-26 21:53:15,425 - INFO - 5日均线: 371.41
2025-02-26 21:53:15,425 - INFO - 10日均线: 371.45
2025-02-26 21:53:15,425 - INFO - 20日均线: 372.27
2025-02-26 21:53:15,426 - INFO - 是否金叉: 否
2025-02-26 21:53:15,426 - INFO - 是否在20日线上方: 否
2025-02-26 21:53:15,447 - INFO - 
检查股票 宁德时代(sz300750) 的均线信号：
2025-02-26 21:53:15,447 - INFO - 当前价格: 268.62
2025-02-26 21:53:15,448 - INFO - 5日均线: 270.05
2025-02-26 21:53:15,448 - INFO - 10日均线: 269.70
2025-02-26 21:53:15,449 - INFO - 20日均线: 268.93
2025-02-26 21:53:15,449 - INFO - 是否金叉: 是
2025-02-26 21:53:15,449 - INFO - 是否在20日线上方: 否
2025-02-26 21:53:15,465 - INFO - 
检查股票 招商银行(sh600036) 的均线信号：
2025-02-26 21:53:15,465 - INFO - 当前价格: 41.48
2025-02-26 21:53:15,465 - INFO - 5日均线: 41.49
2025-02-26 21:53:15,465 - INFO - 10日均线: 41.49
2025-02-26 21:53:15,466 - INFO - 20日均线: 41.55
2025-02-26 21:53:15,466 - INFO - 是否金叉: 否
2025-02-26 21:53:15,466 - INFO - 是否在20日线上方: 否
2025-02-26 21:53:15,466 - INFO - 
=== 选股结果 ===
2025-02-26 21:53:15,466 - INFO - 共找到 1 只符合条件的股票：
2025-02-26 21:53:15,466 - INFO - 
股票：贵州茅台(sh600519)
当前价格：1460.01
5日均线：1461.12
10日均线：1457.61
20日均线：1457.71
成交量：263.66万
--------------------------------
2025-02-26 21:54:28,775 - INFO - 开始执行均线选股...
2025-02-26 21:54:28,798 - INFO - 
检查股票 尚品宅配(sz300616) 的均线信号：
2025-02-26 21:54:28,798 - INFO - 当前价格: 13.52
2025-02-26 21:54:28,798 - INFO - 5日均线: 13.54
2025-02-26 21:54:28,798 - INFO - 10日均线: 13.58
2025-02-26 21:54:28,798 - INFO - 20日均线: 13.55
2025-02-26 21:54:28,799 - INFO - 是否金叉: 否
2025-02-26 21:54:28,799 - INFO - 是否在20日线上方: 否
2025-02-26 21:54:28,825 - INFO - 
检查股票 浦发银行(sh600000) 的均线信号：
2025-02-26 21:54:28,826 - INFO - 当前价格: 10.18
2025-02-26 21:54:28,826 - INFO - 5日均线: 10.25
2025-02-26 21:54:28,826 - INFO - 10日均线: 10.21
2025-02-26 21:54:28,826 - INFO - 20日均线: 10.21
2025-02-26 21:54:28,826 - INFO - 是否金叉: 否
2025-02-26 21:54:28,827 - INFO - 是否在20日线上方: 否
2025-02-26 21:54:28,847 - INFO - 
检查股票 中国平安(sh601318) 的均线信号：
2025-02-26 21:54:28,847 - INFO - 当前价格: 51.62
2025-02-26 21:54:28,847 - INFO - 5日均线: 51.20
2025-02-26 21:54:28,847 - INFO - 10日均线: 51.35
2025-02-26 21:54:28,847 - INFO - 20日均线: 51.50
2025-02-26 21:54:28,848 - INFO - 是否金叉: 否
2025-02-26 21:54:28,848 - INFO - 是否在20日线上方: 是
2025-02-26 21:54:28,871 - INFO - 
检查股票 平安银行(sz000001) 的均线信号：
2025-02-26 21:54:28,871 - INFO - 当前价格: 11.52
2025-02-26 21:54:28,872 - INFO - 5日均线: 11.46
2025-02-26 21:54:28,872 - INFO - 10日均线: 11.50
2025-02-26 21:54:28,872 - INFO - 20日均线: 11.51
2025-02-26 21:54:28,872 - INFO - 是否金叉: 否
2025-02-26 21:54:28,872 - INFO - 是否在20日线上方: 是
2025-02-26 21:54:28,894 - INFO - 
检查股票 贵州茅台(sh600519) 的均线信号：
2025-02-26 21:54:28,894 - INFO - 当前价格: 1460.01
2025-02-26 21:54:28,895 - INFO - 5日均线: 1455.51
2025-02-26 21:54:28,895 - INFO - 10日均线: 1453.23
2025-02-26 21:54:28,895 - INFO - 20日均线: 1452.36
2025-02-26 21:54:28,895 - INFO - 是否金叉: 否
2025-02-26 21:54:28,895 - INFO - 是否在20日线上方: 是
2025-02-26 21:54:28,915 - INFO - 
检查股票 五 粮 液(sz000858) 的均线信号：
2025-02-26 21:54:28,915 - INFO - 当前价格: 129.80
2025-02-26 21:54:28,915 - INFO - 5日均线: 129.57
2025-02-26 21:54:28,916 - INFO - 10日均线: 129.64
2025-02-26 21:54:28,916 - INFO - 20日均线: 129.42
2025-02-26 21:54:28,916 - INFO - 是否金叉: 否
2025-02-26 21:54:28,916 - INFO - 是否在20日线上方: 是
2025-02-26 21:54:28,938 - INFO - 
检查股票 中国中免(sh601888) 的均线信号：
2025-02-26 21:54:28,939 - INFO - 当前价格: 61.04
2025-02-26 21:54:28,939 - INFO - 5日均线: 61.62
2025-02-26 21:54:28,939 - INFO - 10日均线: 61.26
2025-02-26 21:54:28,939 - INFO - 20日均线: 61.26
2025-02-26 21:54:28,939 - INFO - 是否金叉: 否
2025-02-26 21:54:28,939 - INFO - 是否在20日线上方: 否
2025-02-26 21:54:28,960 - INFO - 
检查股票 比亚迪(sz002594) 的均线信号：
2025-02-26 21:54:28,960 - INFO - 当前价格: 372.10
2025-02-26 21:54:28,960 - INFO - 5日均线: 372.01
2025-02-26 21:54:28,961 - INFO - 10日均线: 371.90
2025-02-26 21:54:28,961 - INFO - 20日均线: 372.04
2025-02-26 21:54:28,961 - INFO - 是否金叉: 否
2025-02-26 21:54:28,961 - INFO - 是否在20日线上方: 是
2025-02-26 21:54:28,988 - INFO - 
检查股票 宁德时代(sz300750) 的均线信号：
2025-02-26 21:54:28,988 - INFO - 当前价格: 268.62
2025-02-26 21:54:28,988 - INFO - 5日均线: 268.91
2025-02-26 21:54:28,988 - INFO - 10日均线: 269.08
2025-02-26 21:54:28,989 - INFO - 20日均线: 269.00
2025-02-26 21:54:28,989 - INFO - 是否金叉: 否
2025-02-26 21:54:28,989 - INFO - 是否在20日线上方: 否
2025-02-26 21:54:29,009 - INFO - 
检查股票 招商银行(sh600036) 的均线信号：
2025-02-26 21:54:29,010 - INFO - 当前价格: 41.48
2025-02-26 21:54:29,010 - INFO - 5日均线: 41.34
2025-02-26 21:54:29,010 - INFO - 10日均线: 41.51
2025-02-26 21:54:29,010 - INFO - 20日均线: 41.50
2025-02-26 21:54:29,010 - INFO - 是否金叉: 否
2025-02-26 21:54:29,011 - INFO - 是否在20日线上方: 否
2025-02-26 21:54:29,011 - INFO - 没有找到符合条件的股票
2025-02-26 22:00:43,153 - INFO - 开始执行均线选股...
2025-02-26 22:00:43,183 - INFO - 
检查股票 尚品宅配(sz300616) 的均线信号：
2025-02-26 22:00:43,183 - INFO - 当前价格: 13.52
2025-02-26 22:00:43,184 - INFO - 5日均线: 13.60
2025-02-26 22:00:43,184 - INFO - 10日均线: 13.54
2025-02-26 22:00:43,184 - INFO - 20日均线: 13.52
2025-02-26 22:00:43,184 - INFO - 是否金叉: 否
2025-02-26 22:00:43,184 - INFO - 是否在20日线上方: 是
2025-02-26 22:00:43,203 - INFO - 
检查股票 浦发银行(sh600000) 的均线信号：
2025-02-26 22:00:43,203 - INFO - 当前价格: 10.18
2025-02-26 22:00:43,203 - INFO - 5日均线: 10.13
2025-02-26 22:00:43,203 - INFO - 10日均线: 10.16
2025-02-26 22:00:43,204 - INFO - 20日均线: 10.18
2025-02-26 22:00:43,204 - INFO - 是否金叉: 否
2025-02-26 22:00:43,204 - INFO - 是否在20日线上方: 是
2025-02-26 22:00:43,224 - INFO - 
检查股票 中国平安(sh601318) 的均线信号：
2025-02-26 22:00:43,224 - INFO - 当前价格: 51.62
2025-02-26 22:00:43,224 - INFO - 5日均线: 51.35
2025-02-26 22:00:43,225 - INFO - 10日均线: 51.57
2025-02-26 22:00:43,225 - INFO - 20日均线: 51.57
2025-02-26 22:00:43,226 - INFO - 是否金叉: 否
2025-02-26 22:00:43,226 - INFO - 是否在20日线上方: 是
2025-02-26 22:00:43,250 - INFO - 
检查股票 平安银行(sz000001) 的均线信号：
2025-02-26 22:00:43,250 - INFO - 当前价格: 11.52
2025-02-26 22:00:43,251 - INFO - 5日均线: 11.50
2025-02-26 22:00:43,251 - INFO - 10日均线: 11.53
2025-02-26 22:00:43,251 - INFO - 20日均线: 11.55
2025-02-26 22:00:43,251 - INFO - 是否金叉: 否
2025-02-26 22:00:43,251 - INFO - 是否在20日线上方: 否
2025-02-26 22:00:43,272 - INFO - 
检查股票 贵州茅台(sh600519) 的均线信号：
2025-02-26 22:00:43,272 - INFO - 当前价格: 1460.01
2025-02-26 22:00:43,272 - INFO - 5日均线: 1459.73
2025-02-26 22:00:43,272 - INFO - 10日均线: 1462.28
2025-02-26 22:00:43,272 - INFO - 20日均线: 1462.49
2025-02-26 22:00:43,272 - INFO - 是否金叉: 否
2025-02-26 22:00:43,273 - INFO - 是否在20日线上方: 否
2025-02-26 22:00:43,292 - INFO - 
检查股票 五 粮 液(sz000858) 的均线信号：
2025-02-26 22:00:43,293 - INFO - 当前价格: 129.80
2025-02-26 22:00:43,293 - INFO - 5日均线: 130.20
2025-02-26 22:00:43,293 - INFO - 10日均线: 130.62
2025-02-26 22:00:43,293 - INFO - 20日均线: 130.00
2025-02-26 22:00:43,294 - INFO - 是否金叉: 否
2025-02-26 22:00:43,294 - INFO - 是否在20日线上方: 否
2025-02-26 22:00:43,315 - INFO - 
检查股票 中国中免(sh601888) 的均线信号：
2025-02-26 22:00:43,315 - INFO - 当前价格: 61.04
2025-02-26 22:00:43,316 - INFO - 5日均线: 60.85
2025-02-26 22:00:43,316 - INFO - 10日均线: 60.99
2025-02-26 22:00:43,316 - INFO - 20日均线: 60.98
2025-02-26 22:00:43,316 - INFO - 是否金叉: 否
2025-02-26 22:00:43,316 - INFO - 是否在20日线上方: 是
2025-02-26 22:00:43,338 - INFO - 
检查股票 比亚迪(sz002594) 的均线信号：
2025-02-26 22:00:43,339 - INFO - 当前价格: 372.10
2025-02-26 22:00:43,339 - INFO - 5日均线: 372.67
2025-02-26 22:00:43,339 - INFO - 10日均线: 372.42
2025-02-26 22:00:43,340 - INFO - 20日均线: 372.95
2025-02-26 22:00:43,340 - INFO - 是否金叉: 否
2025-02-26 22:00:43,340 - INFO - 是否在20日线上方: 否
2025-02-26 22:00:43,360 - INFO - 
检查股票 宁德时代(sz300750) 的均线信号：
2025-02-26 22:00:43,360 - INFO - 当前价格: 268.62
2025-02-26 22:00:43,360 - INFO - 5日均线: 268.12
2025-02-26 22:00:43,361 - INFO - 10日均线: 267.71
2025-02-26 22:00:43,361 - INFO - 20日均线: 267.94
2025-02-26 22:00:43,361 - INFO - 是否金叉: 是
2025-02-26 22:00:43,362 - INFO - 是否在20日线上方: 是
2025-02-26 22:00:43,362 - INFO - 发现符合条件的股票：宁德时代(sz300750)
2025-02-26 22:00:43,382 - INFO - 
检查股票 招商银行(sh600036) 的均线信号：
2025-02-26 22:00:43,382 - INFO - 当前价格: 41.48
2025-02-26 22:00:43,383 - INFO - 5日均线: 41.22
2025-02-26 22:00:43,383 - INFO - 10日均线: 41.50
2025-02-26 22:00:43,383 - INFO - 20日均线: 41.43
2025-02-26 22:00:43,383 - INFO - 是否金叉: 否
2025-02-26 22:00:43,383 - INFO - 是否在20日线上方: 是
2025-02-26 22:00:43,383 - INFO - 
=== 选股结果 ===
2025-02-26 22:00:43,383 - INFO - 共找到 1 只符合条件的股票：
2025-02-26 22:00:43,384 - INFO - 
股票：宁德时代(sz300750)
当前价格：268.62
5日均线：268.12
10日均线：267.71
20日均线：267.94
成交量：2117.31万
--------------------------------
2025-02-27 09:45:30,738 - INFO - 开始执行均线选股...
2025-02-27 09:45:30,775 - INFO - 
检查股票 尚品宅配(sz300616) 的均线信号：
2025-02-27 09:45:30,776 - INFO - 当前价格: 13.61
2025-02-27 09:45:30,776 - INFO - 5日均线: 13.66
2025-02-27 09:45:30,776 - INFO - 10日均线: 13.67
2025-02-27 09:45:30,776 - INFO - 20日均线: 13.66
2025-02-27 09:45:30,776 - INFO - 是否金叉: 否
2025-02-27 09:45:30,776 - INFO - 是否在20日线上方: 否
2025-02-27 09:45:30,796 - INFO - 
检查股票 浦发银行(sh600000) 的均线信号：
2025-02-27 09:45:30,797 - INFO - 当前价格: 10.15
2025-02-27 09:45:30,797 - INFO - 5日均线: 10.15
2025-02-27 09:45:30,797 - INFO - 10日均线: 10.14
2025-02-27 09:45:30,797 - INFO - 20日均线: 10.15
2025-02-27 09:45:30,798 - INFO - 是否金叉: 否
2025-02-27 09:45:30,798 - INFO - 是否在20日线上方: 是
2025-02-27 09:45:30,820 - INFO - 
检查股票 中国平安(sh601318) 的均线信号：
2025-02-27 09:45:30,821 - INFO - 当前价格: 51.63
2025-02-27 09:45:30,821 - INFO - 5日均线: 51.25
2025-02-27 09:45:30,821 - INFO - 10日均线: 51.43
2025-02-27 09:45:30,822 - INFO - 20日均线: 51.46
2025-02-27 09:45:30,822 - INFO - 是否金叉: 否
2025-02-27 09:45:30,822 - INFO - 是否在20日线上方: 是
2025-02-27 09:45:30,845 - INFO - 
检查股票 平安银行(sz000001) 的均线信号：
2025-02-27 09:45:30,845 - INFO - 当前价格: 11.53
2025-02-27 09:45:30,846 - INFO - 5日均线: 11.52
2025-02-27 09:45:30,846 - INFO - 10日均线: 11.56
2025-02-27 09:45:30,846 - INFO - 20日均线: 11.55
2025-02-27 09:45:30,846 - INFO - 是否金叉: 否
2025-02-27 09:45:30,846 - INFO - 是否在20日线上方: 否
2025-02-27 09:45:30,867 - INFO - 
检查股票 贵州茅台(sh600519) 的均线信号：
2025-02-27 09:45:30,868 - INFO - 当前价格: 1476.98
2025-02-27 09:45:30,868 - INFO - 5日均线: 1477.24
2025-02-27 09:45:30,868 - INFO - 10日均线: 1473.17
2025-02-27 09:45:30,868 - INFO - 20日均线: 1472.89
2025-02-27 09:45:30,868 - INFO - 是否金叉: 否
2025-02-27 09:45:30,868 - INFO - 是否在20日线上方: 是
2025-02-27 09:45:30,889 - INFO - 
检查股票 五 粮 液(sz000858) 的均线信号：
2025-02-27 09:45:30,890 - INFO - 当前价格: 132.91
2025-02-27 09:45:30,890 - INFO - 5日均线: 133.52
2025-02-27 09:45:30,890 - INFO - 10日均线: 133.00
2025-02-27 09:45:30,890 - INFO - 20日均线: 132.60
2025-02-27 09:45:30,890 - INFO - 是否金叉: 否
2025-02-27 09:45:30,891 - INFO - 是否在20日线上方: 是
2025-02-27 09:45:30,912 - INFO - 
检查股票 中国中免(sh601888) 的均线信号：
2025-02-27 09:45:30,912 - INFO - 当前价格: 62.87
2025-02-27 09:45:30,912 - INFO - 5日均线: 62.86
2025-02-27 09:45:30,912 - INFO - 10日均线: 63.05
2025-02-27 09:45:30,913 - INFO - 20日均线: 62.86
2025-02-27 09:45:30,913 - INFO - 是否金叉: 否
2025-02-27 09:45:30,913 - INFO - 是否在20日线上方: 是
2025-02-27 09:45:30,932 - INFO - 
检查股票 比亚迪(sz002594) 的均线信号：
2025-02-27 09:45:30,932 - INFO - 当前价格: 380.00
2025-02-27 09:45:30,933 - INFO - 5日均线: 382.88
2025-02-27 09:45:30,933 - INFO - 10日均线: 380.36
2025-02-27 09:45:30,933 - INFO - 20日均线: 379.86
2025-02-27 09:45:30,933 - INFO - 是否金叉: 否
2025-02-27 09:45:30,933 - INFO - 是否在20日线上方: 是
2025-02-27 09:45:30,980 - INFO - 
检查股票 宁德时代(sz300750) 的均线信号：
2025-02-27 09:45:30,980 - INFO - 当前价格: 270.46
2025-02-27 09:45:30,981 - INFO - 5日均线: 269.57
2025-02-27 09:45:30,981 - INFO - 10日均线: 270.09
2025-02-27 09:45:30,981 - INFO - 20日均线: 269.94
2025-02-27 09:45:30,981 - INFO - 是否金叉: 否
2025-02-27 09:45:30,981 - INFO - 是否在20日线上方: 是
2025-02-27 09:45:30,999 - INFO - 
检查股票 招商银行(sh600036) 的均线信号：
2025-02-27 09:45:30,999 - INFO - 当前价格: 41.63
2025-02-27 09:45:31,000 - INFO - 5日均线: 41.65
2025-02-27 09:45:31,000 - INFO - 10日均线: 41.71
2025-02-27 09:45:31,000 - INFO - 20日均线: 41.67
2025-02-27 09:45:31,000 - INFO - 是否金叉: 否
2025-02-27 09:45:31,001 - INFO - 是否在20日线上方: 否
2025-02-27 09:45:31,001 - INFO - 没有找到符合条件的股票
2025-02-27 09:59:56,593 - INFO - 开始执行均线选股...
2025-02-27 09:59:56,618 - INFO - 
检查股票 尚品宅配(sz300616) 的均线信号：
2025-02-27 09:59:56,619 - INFO - 当前价格: 13.57
2025-02-27 09:59:56,619 - INFO - 5日均线: 13.54
2025-02-27 09:59:56,619 - INFO - 10日均线: 13.58
2025-02-27 09:59:56,619 - INFO - 20日均线: 13.59
2025-02-27 09:59:56,620 - INFO - 是否金叉: 否
2025-02-27 09:59:56,620 - INFO - 是否在20日线上方: 否
2025-02-27 09:59:56,639 - INFO - 
检查股票 浦发银行(sh600000) 的均线信号：
2025-02-27 09:59:56,640 - INFO - 当前价格: 10.15
2025-02-27 09:59:56,640 - INFO - 5日均线: 10.10
2025-02-27 09:59:56,640 - INFO - 10日均线: 10.16
2025-02-27 09:59:56,640 - INFO - 20日均线: 10.16
2025-02-27 09:59:56,641 - INFO - 是否金叉: 否
2025-02-27 09:59:56,641 - INFO - 是否在20日线上方: 否
2025-02-27 09:59:56,662 - INFO - 
检查股票 中国平安(sh601318) 的均线信号：
2025-02-27 09:59:56,663 - INFO - 当前价格: 51.37
2025-02-27 09:59:56,663 - INFO - 5日均线: 51.38
2025-02-27 09:59:56,663 - INFO - 10日均线: 51.53
2025-02-27 09:59:56,664 - INFO - 20日均线: 51.45
2025-02-27 09:59:56,664 - INFO - 是否金叉: 否
2025-02-27 09:59:56,664 - INFO - 是否在20日线上方: 否
2025-02-27 09:59:56,681 - INFO - 
检查股票 平安银行(sz000001) 的均线信号：
2025-02-27 09:59:56,682 - INFO - 当前价格: 11.55
2025-02-27 09:59:56,682 - INFO - 5日均线: 11.58
2025-02-27 09:59:56,682 - INFO - 10日均线: 11.58
2025-02-27 09:59:56,682 - INFO - 20日均线: 11.59
2025-02-27 09:59:56,682 - INFO - 是否金叉: 否
2025-02-27 09:59:56,683 - INFO - 是否在20日线上方: 否
2025-02-27 09:59:56,702 - INFO - 
检查股票 贵州茅台(sh600519) 的均线信号：
2025-02-27 09:59:56,702 - INFO - 当前价格: 1470.50
2025-02-27 09:59:56,703 - INFO - 5日均线: 1466.33
2025-02-27 09:59:56,703 - INFO - 10日均线: 1468.12
2025-02-27 09:59:56,703 - INFO - 20日均线: 1468.77
2025-02-27 09:59:56,703 - INFO - 是否金叉: 否
2025-02-27 09:59:56,703 - INFO - 是否在20日线上方: 是
2025-02-27 09:59:56,723 - INFO - 
检查股票 五 粮 液(sz000858) 的均线信号：
2025-02-27 09:59:56,724 - INFO - 当前价格: 132.01
2025-02-27 09:59:56,724 - INFO - 5日均线: 131.83
2025-02-27 09:59:56,724 - INFO - 10日均线: 131.40
2025-02-27 09:59:56,724 - INFO - 20日均线: 132.14
2025-02-27 09:59:56,724 - INFO - 是否金叉: 否
2025-02-27 09:59:56,724 - INFO - 是否在20日线上方: 否
2025-02-27 09:59:56,745 - INFO - 
检查股票 中国中免(sh601888) 的均线信号：
2025-02-27 09:59:56,746 - INFO - 当前价格: 62.96
2025-02-27 09:59:56,746 - INFO - 5日均线: 63.20
2025-02-27 09:59:56,746 - INFO - 10日均线: 63.02
2025-02-27 09:59:56,746 - INFO - 20日均线: 63.04
2025-02-27 09:59:56,747 - INFO - 是否金叉: 否
2025-02-27 09:59:56,747 - INFO - 是否在20日线上方: 否
2025-02-27 09:59:56,769 - INFO - 
检查股票 比亚迪(sz002594) 的均线信号：
2025-02-27 09:59:56,769 - INFO - 当前价格: 376.10
2025-02-27 09:59:56,769 - INFO - 5日均线: 377.67
2025-02-27 09:59:56,770 - INFO - 10日均线: 376.85
2025-02-27 09:59:56,770 - INFO - 20日均线: 377.74
2025-02-27 09:59:56,770 - INFO - 是否金叉: 否
2025-02-27 09:59:56,770 - INFO - 是否在20日线上方: 否
2025-02-27 09:59:56,791 - INFO - 
检查股票 宁德时代(sz300750) 的均线信号：
2025-02-27 09:59:56,791 - INFO - 当前价格: 270.75
2025-02-27 09:59:56,791 - INFO - 5日均线: 269.85
2025-02-27 09:59:56,791 - INFO - 10日均线: 270.41
2025-02-27 09:59:56,791 - INFO - 20日均线: 270.49
2025-02-27 09:59:56,792 - INFO - 是否金叉: 否
2025-02-27 09:59:56,792 - INFO - 是否在20日线上方: 是
2025-02-27 09:59:56,814 - INFO - 
检查股票 招商银行(sh600036) 的均线信号：
2025-02-27 09:59:56,815 - INFO - 当前价格: 41.68
2025-02-27 09:59:56,815 - INFO - 5日均线: 41.52
2025-02-27 09:59:56,815 - INFO - 10日均线: 41.71
2025-02-27 09:59:56,815 - INFO - 20日均线: 41.71
2025-02-27 09:59:56,816 - INFO - 是否金叉: 否
2025-02-27 09:59:56,816 - INFO - 是否在20日线上方: 否
2025-02-27 09:59:56,816 - INFO - 没有找到符合条件的股票
2025-03-01 11:56:52,612 - INFO - 开始执行均线选股...
2025-03-01 11:56:52,634 - INFO - 
检查股票 尚品宅配(sz300616) 的均线信号：
2025-03-01 11:56:52,635 - INFO - 当前价格: 12.99
2025-03-01 11:56:52,635 - INFO - 5日均线: 12.97
2025-03-01 11:56:52,635 - INFO - 10日均线: 12.97
2025-03-01 11:56:52,635 - INFO - 20日均线: 13.00
2025-03-01 11:56:52,635 - INFO - 是否金叉: 否
2025-03-01 11:56:52,635 - INFO - 是否在20日线上方: 否
2025-03-01 11:56:52,655 - INFO - 
检查股票 浦发银行(sh600000) 的均线信号：
2025-03-01 11:56:52,656 - INFO - 当前价格: 10.17
2025-03-01 11:56:52,656 - INFO - 5日均线: 10.13
2025-03-01 11:56:52,657 - INFO - 10日均线: 10.16
2025-03-01 11:56:52,657 - INFO - 20日均线: 10.16
2025-03-01 11:56:52,657 - INFO - 是否金叉: 否
2025-03-01 11:56:52,657 - INFO - 是否在20日线上方: 是
2025-03-01 11:56:52,680 - INFO - 
检查股票 中国平安(sh601318) 的均线信号：
2025-03-01 11:56:52,680 - INFO - 当前价格: 50.38
2025-03-01 11:56:52,680 - INFO - 5日均线: 50.35
2025-03-01 11:56:52,680 - INFO - 10日均线: 50.28
2025-03-01 11:56:52,681 - INFO - 20日均线: 50.36
2025-03-01 11:56:52,681 - INFO - 是否金叉: 否
2025-03-01 11:56:52,681 - INFO - 是否在20日线上方: 是
2025-03-01 11:56:52,700 - INFO - 
检查股票 平安银行(sz000001) 的均线信号：
2025-03-01 11:56:52,701 - INFO - 当前价格: 11.53
2025-03-01 11:56:52,701 - INFO - 5日均线: 11.57
2025-03-01 11:56:52,701 - INFO - 10日均线: 11.59
2025-03-01 11:56:52,701 - INFO - 20日均线: 11.54
2025-03-01 11:56:52,701 - INFO - 是否金叉: 否
2025-03-01 11:56:52,702 - INFO - 是否在20日线上方: 否
2025-03-01 11:56:52,724 - INFO - 
检查股票 贵州茅台(sh600519) 的均线信号：
2025-03-01 11:56:52,724 - INFO - 当前价格: 1500.79
2025-03-01 11:56:52,724 - INFO - 5日均线: 1501.99
2025-03-01 11:56:52,724 - INFO - 10日均线: 1503.72
2025-03-01 11:56:52,725 - INFO - 20日均线: 1503.78
2025-03-01 11:56:52,725 - INFO - 是否金叉: 否
2025-03-01 11:56:52,725 - INFO - 是否在20日线上方: 否
2025-03-01 11:56:52,745 - INFO - 
检查股票 五 粮 液(sz000858) 的均线信号：
2025-03-01 11:56:52,745 - INFO - 当前价格: 131.58
2025-03-01 11:56:52,746 - INFO - 5日均线: 130.72
2025-03-01 11:56:52,746 - INFO - 10日均线: 131.36
2025-03-01 11:56:52,746 - INFO - 20日均线: 131.50
2025-03-01 11:56:52,746 - INFO - 是否金叉: 否
2025-03-01 11:56:52,746 - INFO - 是否在20日线上方: 是
2025-03-01 11:56:52,767 - INFO - 
检查股票 中国中免(sh601888) 的均线信号：
2025-03-01 11:56:52,767 - INFO - 当前价格: 61.17
2025-03-01 11:56:52,767 - INFO - 5日均线: 61.34
2025-03-01 11:56:52,767 - INFO - 10日均线: 61.26
2025-03-01 11:56:52,767 - INFO - 20日均线: 61.21
2025-03-01 11:56:52,768 - INFO - 是否金叉: 是
2025-03-01 11:56:52,768 - INFO - 是否在20日线上方: 否
2025-03-01 11:56:52,787 - INFO - 
检查股票 比亚迪(sz002594) 的均线信号：
2025-03-01 11:56:52,787 - INFO - 当前价格: 361.82
2025-03-01 11:56:52,787 - INFO - 5日均线: 361.76
2025-03-01 11:56:52,788 - INFO - 10日均线: 362.59
2025-03-01 11:56:52,788 - INFO - 20日均线: 361.11
2025-03-01 11:56:52,788 - INFO - 是否金叉: 否
2025-03-01 11:56:52,788 - INFO - 是否在20日线上方: 是
2025-03-01 11:56:52,809 - INFO - 
检查股票 宁德时代(sz300750) 的均线信号：
2025-03-01 11:56:52,809 - INFO - 当前价格: 264.30
2025-03-01 11:56:52,810 - INFO - 5日均线: 263.76
2025-03-01 11:56:52,810 - INFO - 10日均线: 264.21
2025-03-01 11:56:52,810 - INFO - 20日均线: 264.69
2025-03-01 11:56:52,810 - INFO - 是否金叉: 否
2025-03-01 11:56:52,810 - INFO - 是否在20日线上方: 否
2025-03-01 11:56:52,832 - INFO - 
检查股票 招商银行(sh600036) 的均线信号：
2025-03-01 11:56:52,832 - INFO - 当前价格: 42.05
2025-03-01 11:56:52,832 - INFO - 5日均线: 41.86
2025-03-01 11:56:52,832 - INFO - 10日均线: 41.85
2025-03-01 11:56:52,833 - INFO - 20日均线: 41.96
2025-03-01 11:56:52,833 - INFO - 是否金叉: 是
2025-03-01 11:56:52,833 - INFO - 是否在20日线上方: 是
2025-03-01 11:56:52,833 - INFO - 发现符合条件的股票：招商银行(sh600036)
2025-03-01 11:56:52,834 - INFO - 
=== 选股结果 ===
2025-03-01 11:56:52,834 - INFO - 共找到 1 只符合条件的股票：
2025-03-01 11:56:52,834 - INFO - 
股票：招商银行(sh600036)
当前价格：42.05
5日均线：41.86
10日均线：41.85
20日均线：41.96
成交量：7054.24万
--------------------------------
