2025-03-01 12:42:31,320 - ERROR - 检查股票条件时出错: 'code'
2025-03-01 12:42:31,336 - ERROR - 检查股票条件时出错: 'code'
2025-03-01 12:42:31,355 - ERROR - 检查股票条件时出错: 'code'
2025-03-01 12:43:51,716 - INFO - 开始处理3只股票...
2025-03-01 12:43:51,716 - INFO - 正在处理第1/3只股票: sz300616
2025-03-01 12:43:51,738 - INFO - 
检查股票 尚品宅配(sz300616) 的条件：
当前价格: 12.99 (限制: 100.0)
成交量: 527.67万 (限制: 100.0万)
涨幅: -4.27% (限制: 9.8%)
结果: 满足条件

2025-03-01 12:43:51,738 - INFO - 正在处理第2/3只股票: sh600000
2025-03-01 12:43:51,757 - INFO - 
检查股票 浦发银行(sh600000) 的条件：
当前价格: 10.17 (限制: 100.0)
成交量: 4465.11万 (限制: 100.0万)
涨幅: -0.68% (限制: 9.8%)
结果: 满足条件

2025-03-01 12:43:51,757 - INFO - 正在处理第3/3只股票: sh601318
2025-03-01 12:43:51,779 - INFO - 
检查股票 中国平安(sh601318) 的条件：
当前价格: 50.38 (限制: 100.0)
成交量: 8052.68万 (限制: 100.0万)
涨幅: -2.40% (限制: 9.8%)
结果: 满足条件

2025-03-01 12:43:51,780 - INFO - 选股完成，共找到3只符合条件的股票
2025-03-01 12:44:15,311 - INFO - 开始处理3只股票...
2025-03-01 12:44:15,312 - INFO - 正在处理第1/3只股票: sz300616
2025-03-01 12:44:15,334 - INFO - 
检查股票 尚品宅配(sz300616) 的条件：
当前价格: 12.99 (限制: 100.0)
成交量: 527.67万 (限制: 100.0万)
涨幅: -4.27% (限制: 9.8%)
结果: 满足条件

2025-03-01 12:44:15,335 - INFO - 正在处理第2/3只股票: sh600000
2025-03-01 12:44:15,354 - INFO - 
检查股票 浦发银行(sh600000) 的条件：
当前价格: 10.17 (限制: 100.0)
成交量: 4465.11万 (限制: 100.0万)
涨幅: -0.68% (限制: 9.8%)
结果: 满足条件

2025-03-01 12:44:15,355 - INFO - 正在处理第3/3只股票: sh601318
2025-03-01 12:44:15,371 - INFO - 
检查股票 中国平安(sh601318) 的条件：
当前价格: 50.38 (限制: 100.0)
成交量: 8052.68万 (限制: 100.0万)
涨幅: -2.40% (限制: 9.8%)
结果: 满足条件

2025-03-01 12:44:15,371 - INFO - 选股完成，共找到3只符合条件的股票
2025-03-01 12:45:43,329 - ERROR - 钉钉消息发送失败: 错误描述:关键词不匹配;解决方案:请联系群管理员查看此机器人的关键词，并在发送的信息中包含此关键词;
2025-03-01 12:45:43,330 - INFO - 钉钉机器人连接测试成功！
2025-03-01 12:45:43,330 - INFO - 开始处理3只股票...
2025-03-01 12:45:43,330 - INFO - 正在处理第1/3只股票: sz300616
2025-03-01 12:45:43,348 - INFO - 
检查股票 尚品宅配(sz300616) 的条件：
当前价格: 12.99 (限制: 100.0)
成交量: 527.67万 (限制: 100.0万)
涨幅: -4.27% (限制: 9.8%)
结果: 满足条件

2025-03-01 12:45:43,348 - INFO - 正在处理第2/3只股票: sh600000
2025-03-01 12:45:43,366 - INFO - 
检查股票 浦发银行(sh600000) 的条件：
当前价格: 10.17 (限制: 100.0)
成交量: 4465.11万 (限制: 100.0万)
涨幅: -0.68% (限制: 9.8%)
结果: 满足条件

2025-03-01 12:45:43,366 - INFO - 正在处理第3/3只股票: sh601318
2025-03-01 12:45:43,384 - INFO - 
检查股票 中国平安(sh601318) 的条件：
当前价格: 50.38 (限制: 100.0)
成交量: 8052.68万 (限制: 100.0万)
涨幅: -2.40% (限制: 9.8%)
结果: 满足条件

2025-03-01 12:45:43,385 - INFO - 选股完成，共找到3只符合条件的股票
2025-03-01 12:45:43,528 - ERROR - 钉钉消息发送失败: 错误描述:关键词不匹配;解决方案:请联系群管理员查看此机器人的关键词，并在发送的信息中包含此关键词;
2025-03-01 12:45:43,529 - INFO - 钉钉消息发送成功
2025-03-01 12:45:54,101 - ERROR - 钉钉消息发送失败: 错误描述:关键词不匹配;解决方案:请联系群管理员查看此机器人的关键词，并在发送的信息中包含此关键词;
2025-03-01 12:45:54,102 - INFO - 钉钉机器人连接测试成功！
2025-03-01 12:45:54,102 - INFO - 开始处理3只股票...
2025-03-01 12:45:54,102 - INFO - 正在处理第1/3只股票: sz300616
2025-03-01 12:45:54,125 - INFO - 
检查股票 尚品宅配(sz300616) 的条件：
当前价格: 12.99 (限制: 100.0)
成交量: 527.67万 (限制: 100.0万)
涨幅: -4.27% (限制: 9.8%)
结果: 满足条件

2025-03-01 12:45:54,126 - INFO - 正在处理第2/3只股票: sh600000
2025-03-01 12:45:54,147 - INFO - 
检查股票 浦发银行(sh600000) 的条件：
当前价格: 10.17 (限制: 100.0)
成交量: 4465.11万 (限制: 100.0万)
涨幅: -0.68% (限制: 9.8%)
结果: 满足条件

2025-03-01 12:45:54,148 - INFO - 正在处理第3/3只股票: sh601318
2025-03-01 12:45:54,166 - INFO - 
检查股票 中国平安(sh601318) 的条件：
当前价格: 50.38 (限制: 100.0)
成交量: 8052.68万 (限制: 100.0万)
涨幅: -2.40% (限制: 9.8%)
结果: 满足条件

2025-03-01 12:45:54,166 - INFO - 选股完成，共找到3只符合条件的股票
2025-03-01 12:45:54,333 - ERROR - 钉钉消息发送失败: 错误描述:关键词不匹配;解决方案:请联系群管理员查看此机器人的关键词，并在发送的信息中包含此关键词;
2025-03-01 12:45:54,335 - INFO - 钉钉消息发送成功
2025-03-01 12:47:37,883 - ERROR - 钉钉消息发送失败: 错误描述:关键词不匹配;解决方案:请联系群管理员查看此机器人的关键词，并在发送的信息中包含此关键词;
2025-03-01 12:47:37,884 - INFO - 钉钉机器人连接测试成功！
2025-03-01 12:47:37,885 - INFO - 开始处理3只股票...
2025-03-01 12:47:37,885 - INFO - 正在处理第1/3只股票: sz300616
2025-03-01 12:47:37,913 - INFO - 
检查股票 尚品宅配(sz300616) 的条件：
当前价格: 12.99 (限制: 100.0)
成交量: 527.67万 (限制: 100.0万)
涨幅: -4.27% (限制: 9.8%)
结果: 满足条件

2025-03-01 12:47:37,914 - INFO - 正在处理第2/3只股票: sh600000
2025-03-01 12:47:37,935 - INFO - 
检查股票 浦发银行(sh600000) 的条件：
当前价格: 10.17 (限制: 100.0)
成交量: 4465.11万 (限制: 100.0万)
涨幅: -0.68% (限制: 9.8%)
结果: 满足条件

2025-03-01 12:47:37,935 - INFO - 正在处理第3/3只股票: sh601318
2025-03-01 12:47:37,953 - INFO - 
检查股票 中国平安(sh601318) 的条件：
当前价格: 50.38 (限制: 100.0)
成交量: 8052.68万 (限制: 100.0万)
涨幅: -2.40% (限制: 9.8%)
结果: 满足条件

2025-03-01 12:47:37,954 - INFO - 选股完成，共找到3只符合条件的股票
2025-03-01 12:47:38,112 - ERROR - 钉钉消息发送失败: 错误描述:关键词不匹配;解决方案:请联系群管理员查看此机器人的关键词，并在发送的信息中包含此关键词;
2025-03-01 12:47:38,113 - INFO - 钉钉消息发送成功
2025-03-01 12:49:12,726 - INFO - 钉钉消息发送成功
2025-03-01 12:49:12,727 - INFO - 钉钉机器人连接测试成功！
2025-03-01 12:49:12,727 - INFO - 开始处理3只股票...
2025-03-01 12:49:12,728 - INFO - 正在处理第1/3只股票: sz300616
2025-03-01 12:49:12,744 - INFO - 
检查股票 尚品宅配(sz300616) 的条件：
当前价格: 12.99 (限制: 100.0)
成交量: 527.67万 (限制: 100.0万)
涨幅: -4.27% (限制: 9.8%)
结果: 满足条件

2025-03-01 12:49:12,745 - INFO - 正在处理第2/3只股票: sh600000
2025-03-01 12:49:12,766 - INFO - 
检查股票 浦发银行(sh600000) 的条件：
当前价格: 10.17 (限制: 100.0)
成交量: 4465.11万 (限制: 100.0万)
涨幅: -0.68% (限制: 9.8%)
结果: 满足条件

2025-03-01 12:49:12,767 - INFO - 正在处理第3/3只股票: sh601318
2025-03-01 12:49:12,786 - INFO - 
检查股票 中国平安(sh601318) 的条件：
当前价格: 50.38 (限制: 100.0)
成交量: 8052.68万 (限制: 100.0万)
涨幅: -2.40% (限制: 9.8%)
结果: 满足条件

2025-03-01 12:49:12,787 - INFO - 选股完成，共找到3只符合条件的股票
2025-03-01 12:49:12,943 - INFO - 钉钉消息发送成功
2025-03-01 12:49:12,943 - INFO - 钉钉消息发送成功
2025-03-01 13:00:45,672 - INFO - 钉钉消息发送成功
2025-03-01 13:00:45,673 - INFO - 钉钉机器人连接测试成功！
2025-03-01 13:00:45,673 - INFO - 已加载20只股票
2025-03-01 13:00:45,673 - INFO - 开始处理20只股票...
2025-03-01 13:00:45,673 - INFO - 正在处理第1/20只股票: sh600000
2025-03-01 13:00:45,698 - INFO - 
检查股票 浦发银行(sh600000) 的条件：
当前价格: 10.17 (限制: 100.0)
成交量: 4465.11万 (限制: 100.0万)
涨幅: -0.68% (限制: 9.8%)
结果: 满足条件

2025-03-01 13:00:45,698 - INFO - 正在处理第2/20只股票: sh600036
2025-03-01 13:00:45,721 - INFO - 
检查股票 招商银行(sh600036) 的条件：
当前价格: 42.05 (限制: 100.0)
成交量: 7054.24万 (限制: 100.0万)
涨幅: -0.78% (限制: 9.8%)
结果: 满足条件

2025-03-01 13:00:45,721 - INFO - 正在处理第3/20只股票: sh600276
2025-03-01 13:00:45,738 - INFO - 
检查股票 恒瑞医药(sh600276) 的条件：
当前价格: 45.96 (限制: 100.0)
成交量: 4916.15万 (限制: 100.0万)
涨幅: -4.07% (限制: 9.8%)
结果: 满足条件

2025-03-01 13:00:45,739 - INFO - 正在处理第4/20只股票: sh600309
2025-03-01 13:00:45,756 - INFO - 
检查股票 万华化学(sh600309) 的条件：
当前价格: 68.81 (限制: 100.0)
成交量: 2650.95万 (限制: 100.0万)
涨幅: -0.16% (限制: 9.8%)
结果: 满足条件

2025-03-01 13:00:45,757 - INFO - 正在处理第5/20只股票: sh600519
2025-03-01 13:00:45,787 - INFO - 正在处理第6/20只股票: sh600887
2025-03-01 13:00:45,821 - INFO - 
检查股票 伊利股份(sh600887) 的条件：
当前价格: 28.28 (限制: 100.0)
成交量: 7257.58万 (限制: 100.0万)
涨幅: 0.28% (限制: 9.8%)
结果: 满足条件

2025-03-01 13:00:45,822 - INFO - 正在处理第7/20只股票: sh601318
2025-03-01 13:00:45,843 - INFO - 
检查股票 中国平安(sh601318) 的条件：
当前价格: 50.38 (限制: 100.0)
成交量: 8052.68万 (限制: 100.0万)
涨幅: -2.40% (限制: 9.8%)
结果: 满足条件

2025-03-01 13:00:45,843 - INFO - 正在处理第8/20只股票: sh601398
2025-03-01 13:00:45,866 - INFO - 
检查股票 工商银行(sh601398) 的条件：
当前价格: 6.87 (限制: 100.0)
成交量: 43158.96万 (限制: 100.0万)
涨幅: -0.87% (限制: 9.8%)
结果: 满足条件

2025-03-01 13:00:45,867 - INFO - 正在处理第9/20只股票: sh601668
2025-03-01 13:00:45,885 - INFO - 
检查股票 中国建筑(sh601668) 的条件：
当前价格: 5.48 (限制: 100.0)
成交量: 23355.58万 (限制: 100.0万)
涨幅: -0.54% (限制: 9.8%)
结果: 满足条件

2025-03-01 13:00:45,886 - INFO - 正在处理第10/20只股票: sh601888
2025-03-01 13:00:45,903 - INFO - 
检查股票 中国中免(sh601888) 的条件：
当前价格: 61.17 (限制: 100.0)
成交量: 2820.96万 (限制: 100.0万)
涨幅: -2.39% (限制: 9.8%)
结果: 满足条件

2025-03-01 13:00:45,903 - INFO - 正在处理第11/20只股票: sz000001
2025-03-01 13:00:45,926 - INFO - 
检查股票 平安银行(sz000001) 的条件：
当前价格: 11.53 (限制: 100.0)
成交量: 9490.88万 (限制: 100.0万)
涨幅: -0.77% (限制: 9.8%)
结果: 满足条件

2025-03-01 13:00:45,927 - INFO - 正在处理第12/20只股票: sz000333
2025-03-01 13:00:45,946 - INFO - 
检查股票 美的集团(sz000333) 的条件：
当前价格: 73.05 (限制: 100.0)
成交量: 5064.79万 (限制: 100.0万)
涨幅: 0.79% (限制: 9.8%)
结果: 满足条件

2025-03-01 13:00:45,946 - INFO - 正在处理第13/20只股票: sz000651
2025-03-01 13:00:45,967 - INFO - 
检查股票 格力电器(sz000651) 的条件：
当前价格: 40.85 (限制: 100.0)
成交量: 6137.28万 (限制: 100.0万)
涨幅: -1.40% (限制: 9.8%)
结果: 满足条件

2025-03-01 13:00:45,967 - INFO - 正在处理第14/20只股票: sz000858
2025-03-01 13:00:45,986 - INFO - 正在处理第15/20只股票: sz002594
2025-03-01 13:00:46,008 - INFO - 正在处理第16/20只股票: sz300059
2025-03-01 13:00:46,029 - INFO - 
检查股票 东方财富(sz300059) 的条件：
当前价格: 23.23 (限制: 100.0)
成交量: 46774.74万 (限制: 100.0万)
涨幅: -3.73% (限制: 9.8%)
结果: 满足条件

2025-03-01 13:00:46,030 - INFO - 正在处理第17/20只股票: sz300122
2025-03-01 13:00:46,048 - INFO - 
检查股票 智飞生物(sz300122) 的条件：
当前价格: 25.10 (限制: 100.0)
成交量: 2603.60万 (限制: 100.0万)
涨幅: -3.50% (限制: 9.8%)
结果: 满足条件

2025-03-01 13:00:46,048 - INFO - 正在处理第18/20只股票: sz300616
2025-03-01 13:00:46,068 - INFO - 
检查股票 尚品宅配(sz300616) 的条件：
当前价格: 12.99 (限制: 100.0)
成交量: 527.67万 (限制: 100.0万)
涨幅: -4.27% (限制: 9.8%)
结果: 满足条件

2025-03-01 13:00:46,068 - INFO - 正在处理第19/20只股票: sz300750
2025-03-01 13:00:46,089 - INFO - 正在处理第20/20只股票: sz300760
2025-03-01 13:00:46,110 - INFO - 选股完成，共找到15只符合条件的股票
2025-03-01 13:00:46,272 - INFO - 钉钉消息发送成功
2025-03-01 13:00:46,273 - INFO - 钉钉消息发送成功
2025-03-01 14:45:16,131 - INFO - 钉钉消息发送成功
2025-03-01 14:45:16,131 - INFO - 钉钉机器人连接测试成功！
2025-03-01 14:45:16,131 - INFO - 已加载20只股票
2025-03-01 14:45:16,132 - INFO - 开始处理20只股票...
2025-03-01 14:45:16,132 - INFO - 正在处理第1/20只股票: sh600000
2025-03-01 14:45:16,159 - INFO - 
检查股票 浦发银行(sh600000) 的条件：
当前价格: 10.17 (限制: 100.0)
成交量: 4465.11万 (限制: 100.0万)
涨幅: -0.68% (限制: 9.8%)
结果: 满足条件

2025-03-01 14:45:16,159 - INFO - 正在处理第2/20只股票: sh600036
2025-03-01 14:45:17,188 - INFO - 
检查股票 招商银行(sh600036) 的条件：
当前价格: 42.05 (限制: 100.0)
成交量: 7054.24万 (限制: 100.0万)
涨幅: -0.78% (限制: 9.8%)
结果: 满足条件

2025-03-01 14:45:17,188 - INFO - 正在处理第3/20只股票: sh600276
2025-03-01 14:45:18,205 - INFO - 
检查股票 恒瑞医药(sh600276) 的条件：
当前价格: 45.96 (限制: 100.0)
成交量: 4916.15万 (限制: 100.0万)
涨幅: -4.07% (限制: 9.8%)
结果: 满足条件

2025-03-01 14:45:18,205 - INFO - 正在处理第4/20只股票: sh600309
2025-03-01 14:45:19,221 - INFO - 
检查股票 万华化学(sh600309) 的条件：
当前价格: 68.81 (限制: 100.0)
成交量: 2650.95万 (限制: 100.0万)
涨幅: -0.16% (限制: 9.8%)
结果: 满足条件

2025-03-01 14:45:19,222 - INFO - 正在处理第5/20只股票: sh600519
2025-03-01 14:45:19,239 - INFO - 正在处理第6/20只股票: sh600887
2025-03-01 14:45:19,258 - INFO - 
检查股票 伊利股份(sh600887) 的条件：
当前价格: 28.28 (限制: 100.0)
成交量: 7257.58万 (限制: 100.0万)
涨幅: 0.28% (限制: 9.8%)
结果: 满足条件

2025-03-01 14:45:19,258 - INFO - 正在处理第7/20只股票: sh601318
2025-03-01 14:45:20,292 - INFO - 
检查股票 中国平安(sh601318) 的条件：
当前价格: 50.38 (限制: 100.0)
成交量: 8052.68万 (限制: 100.0万)
涨幅: -2.40% (限制: 9.8%)
结果: 满足条件

2025-03-01 14:45:20,292 - INFO - 正在处理第8/20只股票: sh601398
2025-03-01 14:45:20,311 - INFO - 
检查股票 工商银行(sh601398) 的条件：
当前价格: 6.87 (限制: 100.0)
成交量: 43158.96万 (限制: 100.0万)
涨幅: -0.87% (限制: 9.8%)
结果: 满足条件

2025-03-01 14:45:20,311 - INFO - 正在处理第9/20只股票: sh601668
2025-03-01 14:45:21,348 - INFO - 
检查股票 中国建筑(sh601668) 的条件：
当前价格: 5.48 (限制: 100.0)
成交量: 23355.58万 (限制: 100.0万)
涨幅: -0.54% (限制: 9.8%)
结果: 满足条件

2025-03-01 14:45:21,348 - INFO - 正在处理第10/20只股票: sh601888
2025-03-01 14:45:21,372 - INFO - 
检查股票 中国中免(sh601888) 的条件：
当前价格: 61.17 (限制: 100.0)
成交量: 2820.96万 (限制: 100.0万)
涨幅: -2.39% (限制: 9.8%)
结果: 满足条件

2025-03-01 14:45:21,372 - INFO - 正在处理第11/20只股票: sz000001
2025-03-01 14:45:21,390 - INFO - 
检查股票 平安银行(sz000001) 的条件：
当前价格: 11.53 (限制: 100.0)
成交量: 9490.88万 (限制: 100.0万)
涨幅: -0.77% (限制: 9.8%)
结果: 满足条件

2025-03-01 14:45:21,390 - INFO - 正在处理第12/20只股票: sz000333
2025-03-01 14:45:21,406 - INFO - 
检查股票 美的集团(sz000333) 的条件：
当前价格: 73.05 (限制: 100.0)
成交量: 5064.79万 (限制: 100.0万)
涨幅: 0.79% (限制: 9.8%)
结果: 满足条件

2025-03-01 14:45:21,406 - INFO - 正在处理第13/20只股票: sz000651
2025-03-01 14:45:21,424 - INFO - 
检查股票 格力电器(sz000651) 的条件：
当前价格: 40.85 (限制: 100.0)
成交量: 6137.28万 (限制: 100.0万)
涨幅: -1.40% (限制: 9.8%)
结果: 满足条件

2025-03-01 14:45:21,424 - INFO - 正在处理第14/20只股票: sz000858
2025-03-01 14:45:21,441 - INFO - 正在处理第15/20只股票: sz002594
2025-03-01 14:45:21,459 - INFO - 正在处理第16/20只股票: sz300059
2025-03-01 14:45:21,480 - INFO - 
检查股票 东方财富(sz300059) 的条件：
当前价格: 23.23 (限制: 100.0)
成交量: 46774.74万 (限制: 100.0万)
涨幅: -3.73% (限制: 9.8%)
结果: 满足条件

2025-03-01 14:45:21,480 - INFO - 正在处理第17/20只股票: sz300122
2025-03-01 14:45:21,499 - INFO - 
检查股票 智飞生物(sz300122) 的条件：
当前价格: 25.10 (限制: 100.0)
成交量: 2603.60万 (限制: 100.0万)
涨幅: -3.50% (限制: 9.8%)
结果: 满足条件

2025-03-01 14:45:21,499 - INFO - 正在处理第18/20只股票: sz300616
2025-03-01 14:45:21,518 - INFO - 
检查股票 尚品宅配(sz300616) 的条件：
当前价格: 12.99 (限制: 100.0)
成交量: 527.67万 (限制: 100.0万)
涨幅: -4.27% (限制: 9.8%)
结果: 满足条件

2025-03-01 14:45:21,518 - INFO - 正在处理第19/20只股票: sz300750
2025-03-01 14:45:21,537 - INFO - 正在处理第20/20只股票: sz300760
2025-03-01 14:45:22,561 - INFO - 选股完成，共找到15只符合条件的股票
2025-03-01 14:45:22,917 - INFO - 钉钉消息发送成功
2025-03-01 14:45:22,918 - INFO - 钉钉消息发送成功
2025-03-01 14:45:37,254 - INFO - 钉钉消息发送成功
2025-03-01 14:45:37,255 - INFO - 钉钉机器人连接测试成功！
2025-03-01 14:45:37,255 - INFO - 已加载20只股票
2025-03-01 14:45:37,255 - INFO - 开始处理20只股票...
2025-03-01 14:45:37,255 - INFO - 正在处理第1/20只股票: sh600000
2025-03-01 14:45:37,274 - INFO - 
检查股票 浦发银行(sh600000) 的条件：
当前价格: 10.17 (限制: 100.0)
成交量: 4465.11万 (限制: 100.0万)
涨幅: -0.68% (限制: 9.8%)
结果: 满足条件

2025-03-01 14:45:37,274 - INFO - 正在处理第2/20只股票: sh600036
2025-03-01 14:45:37,291 - INFO - 
检查股票 招商银行(sh600036) 的条件：
当前价格: 42.05 (限制: 100.0)
成交量: 7054.24万 (限制: 100.0万)
涨幅: -0.78% (限制: 9.8%)
结果: 满足条件

2025-03-01 14:45:37,291 - INFO - 正在处理第3/20只股票: sh600276
2025-03-01 14:45:37,309 - INFO - 
检查股票 恒瑞医药(sh600276) 的条件：
当前价格: 45.96 (限制: 100.0)
成交量: 4916.15万 (限制: 100.0万)
涨幅: -4.07% (限制: 9.8%)
结果: 满足条件

2025-03-01 14:45:37,309 - INFO - 正在处理第4/20只股票: sh600309
2025-03-01 14:45:37,327 - INFO - 
检查股票 万华化学(sh600309) 的条件：
当前价格: 68.81 (限制: 100.0)
成交量: 2650.95万 (限制: 100.0万)
涨幅: -0.16% (限制: 9.8%)
结果: 满足条件

2025-03-01 14:45:37,327 - INFO - 正在处理第5/20只股票: sh600519
2025-03-01 14:45:37,346 - INFO - 正在处理第6/20只股票: sh600887
2025-03-01 14:45:37,367 - INFO - 
检查股票 伊利股份(sh600887) 的条件：
当前价格: 28.28 (限制: 100.0)
成交量: 7257.58万 (限制: 100.0万)
涨幅: 0.28% (限制: 9.8%)
结果: 满足条件

2025-03-01 14:45:37,367 - INFO - 正在处理第7/20只股票: sh601318
2025-03-01 14:45:44,398 - INFO - 
检查股票 中国平安(sh601318) 的条件：
当前价格: 50.38 (限制: 100.0)
成交量: 8052.68万 (限制: 100.0万)
涨幅: -2.40% (限制: 9.8%)
结果: 满足条件

2025-03-01 14:45:44,398 - INFO - 正在处理第8/20只股票: sh601398
2025-03-01 14:45:44,419 - INFO - 
检查股票 工商银行(sh601398) 的条件：
当前价格: 6.87 (限制: 100.0)
成交量: 43158.96万 (限制: 100.0万)
涨幅: -0.87% (限制: 9.8%)
结果: 满足条件

2025-03-01 14:45:44,419 - INFO - 正在处理第9/20只股票: sh601668
2025-03-01 14:45:44,440 - INFO - 
检查股票 中国建筑(sh601668) 的条件：
当前价格: 5.48 (限制: 100.0)
成交量: 23355.58万 (限制: 100.0万)
涨幅: -0.54% (限制: 9.8%)
结果: 满足条件

2025-03-01 14:45:44,440 - INFO - 正在处理第10/20只股票: sh601888
2025-03-01 14:45:44,459 - INFO - 
检查股票 中国中免(sh601888) 的条件：
当前价格: 61.17 (限制: 100.0)
成交量: 2820.96万 (限制: 100.0万)
涨幅: -2.39% (限制: 9.8%)
结果: 满足条件

2025-03-01 14:45:44,459 - INFO - 正在处理第11/20只股票: sz000001
2025-03-01 14:45:44,481 - INFO - 
检查股票 平安银行(sz000001) 的条件：
当前价格: 11.53 (限制: 100.0)
成交量: 9490.88万 (限制: 100.0万)
涨幅: -0.77% (限制: 9.8%)
结果: 满足条件

2025-03-01 14:45:44,481 - INFO - 正在处理第12/20只股票: sz000333
2025-03-01 14:45:44,499 - INFO - 
检查股票 美的集团(sz000333) 的条件：
当前价格: 73.05 (限制: 100.0)
成交量: 5064.79万 (限制: 100.0万)
涨幅: 0.79% (限制: 9.8%)
结果: 满足条件

2025-03-01 14:45:44,499 - INFO - 正在处理第13/20只股票: sz000651
2025-03-01 14:45:44,520 - INFO - 
检查股票 格力电器(sz000651) 的条件：
当前价格: 40.85 (限制: 100.0)
成交量: 6137.28万 (限制: 100.0万)
涨幅: -1.40% (限制: 9.8%)
结果: 满足条件

2025-03-01 14:45:44,520 - INFO - 正在处理第14/20只股票: sz000858
2025-03-01 14:45:44,538 - INFO - 正在处理第15/20只股票: sz002594
2025-03-01 14:45:44,553 - INFO - 正在处理第16/20只股票: sz300059
2025-03-01 14:45:44,571 - INFO - 
检查股票 东方财富(sz300059) 的条件：
当前价格: 23.23 (限制: 100.0)
成交量: 46774.74万 (限制: 100.0万)
涨幅: -3.73% (限制: 9.8%)
结果: 满足条件

2025-03-01 14:45:44,571 - INFO - 正在处理第17/20只股票: sz300122
2025-03-01 14:45:44,589 - INFO - 
检查股票 智飞生物(sz300122) 的条件：
当前价格: 25.10 (限制: 100.0)
成交量: 2603.60万 (限制: 100.0万)
涨幅: -3.50% (限制: 9.8%)
结果: 满足条件

2025-03-01 14:45:44,589 - INFO - 正在处理第18/20只股票: sz300616
2025-03-01 14:45:44,609 - INFO - 
检查股票 尚品宅配(sz300616) 的条件：
当前价格: 12.99 (限制: 100.0)
成交量: 527.67万 (限制: 100.0万)
涨幅: -4.27% (限制: 9.8%)
结果: 满足条件

2025-03-01 14:45:44,609 - INFO - 正在处理第19/20只股票: sz300750
2025-03-01 14:45:44,628 - INFO - 正在处理第20/20只股票: sz300760
2025-03-01 14:45:44,650 - INFO - 选股完成，共找到15只符合条件的股票
2025-03-01 14:45:45,000 - INFO - 钉钉消息发送成功
2025-03-01 14:45:45,000 - INFO - 钉钉消息发送成功
2025-03-01 17:26:20,047 - INFO - 钉钉消息发送成功
2025-03-01 17:26:20,047 - INFO - 钉钉机器人连接测试成功！
2025-03-01 17:26:20,047 - INFO - 已加载20只股票
2025-03-01 17:26:20,047 - INFO - 开始处理20只股票...
2025-03-01 17:26:20,048 - INFO - 正在处理第1/20只股票: sh600000
2025-03-01 17:26:20,077 - INFO - 
检查股票 浦发银行(sh600000) 的条件：
当前价格: 10.17 (限制: 100.0)
成交量: 4465.11万 (限制: 100.0万)
涨幅: -0.68% (限制: 9.8%)
结果: 满足条件

2025-03-01 17:26:20,077 - INFO - 正在处理第2/20只股票: sh600036
2025-03-01 17:26:20,096 - INFO - 
检查股票 招商银行(sh600036) 的条件：
当前价格: 42.05 (限制: 100.0)
成交量: 7054.24万 (限制: 100.0万)
涨幅: -0.78% (限制: 9.8%)
结果: 满足条件

2025-03-01 17:26:20,097 - INFO - 正在处理第3/20只股票: sh600276
2025-03-01 17:26:20,116 - INFO - 
检查股票 恒瑞医药(sh600276) 的条件：
当前价格: 45.96 (限制: 100.0)
成交量: 4916.15万 (限制: 100.0万)
涨幅: -4.07% (限制: 9.8%)
结果: 满足条件

2025-03-01 17:26:20,116 - INFO - 正在处理第4/20只股票: sh600309
2025-03-01 17:26:20,133 - INFO - 
检查股票 万华化学(sh600309) 的条件：
当前价格: 68.81 (限制: 100.0)
成交量: 2650.95万 (限制: 100.0万)
涨幅: -0.16% (限制: 9.8%)
结果: 满足条件

2025-03-01 17:26:20,133 - INFO - 正在处理第5/20只股票: sh600519
2025-03-01 17:26:20,151 - INFO - 正在处理第6/20只股票: sh600887
2025-03-01 17:26:20,167 - INFO - 
检查股票 伊利股份(sh600887) 的条件：
当前价格: 28.28 (限制: 100.0)
成交量: 7257.58万 (限制: 100.0万)
涨幅: 0.28% (限制: 9.8%)
结果: 满足条件

2025-03-01 17:26:20,167 - INFO - 正在处理第7/20只股票: sh601318
2025-03-01 17:26:20,186 - INFO - 
检查股票 中国平安(sh601318) 的条件：
当前价格: 50.38 (限制: 100.0)
成交量: 8052.68万 (限制: 100.0万)
涨幅: -2.40% (限制: 9.8%)
结果: 满足条件

2025-03-01 17:26:20,187 - INFO - 正在处理第8/20只股票: sh601398
2025-03-01 17:26:20,203 - INFO - 
检查股票 工商银行(sh601398) 的条件：
当前价格: 6.87 (限制: 100.0)
成交量: 43158.96万 (限制: 100.0万)
涨幅: -0.87% (限制: 9.8%)
结果: 满足条件

2025-03-01 17:26:20,203 - INFO - 正在处理第9/20只股票: sh601668
2025-03-01 17:26:20,224 - INFO - 
检查股票 中国建筑(sh601668) 的条件：
当前价格: 5.48 (限制: 100.0)
成交量: 23355.58万 (限制: 100.0万)
涨幅: -0.54% (限制: 9.8%)
结果: 满足条件

2025-03-01 17:26:20,224 - INFO - 正在处理第10/20只股票: sh601888
2025-03-01 17:26:20,241 - INFO - 
检查股票 中国中免(sh601888) 的条件：
当前价格: 61.17 (限制: 100.0)
成交量: 2820.96万 (限制: 100.0万)
涨幅: -2.39% (限制: 9.8%)
结果: 满足条件

2025-03-01 17:26:20,241 - INFO - 正在处理第11/20只股票: sz000001
2025-03-01 17:26:20,259 - INFO - 
检查股票 平安银行(sz000001) 的条件：
当前价格: 11.53 (限制: 100.0)
成交量: 9490.88万 (限制: 100.0万)
涨幅: -0.77% (限制: 9.8%)
结果: 满足条件

2025-03-01 17:26:20,260 - INFO - 正在处理第12/20只股票: sz000333
2025-03-01 17:26:20,275 - INFO - 
检查股票 美的集团(sz000333) 的条件：
当前价格: 73.05 (限制: 100.0)
成交量: 5064.79万 (限制: 100.0万)
涨幅: 0.79% (限制: 9.8%)
结果: 满足条件

2025-03-01 17:26:20,276 - INFO - 正在处理第13/20只股票: sz000651
2025-03-01 17:26:20,295 - INFO - 
检查股票 格力电器(sz000651) 的条件：
当前价格: 40.85 (限制: 100.0)
成交量: 6137.28万 (限制: 100.0万)
涨幅: -1.40% (限制: 9.8%)
结果: 满足条件

2025-03-01 17:26:20,295 - INFO - 正在处理第14/20只股票: sz000858
2025-03-01 17:26:20,313 - INFO - 正在处理第15/20只股票: sz002594
2025-03-01 17:26:20,335 - INFO - 正在处理第16/20只股票: sz300059
2025-03-01 17:26:20,352 - INFO - 
检查股票 东方财富(sz300059) 的条件：
当前价格: 23.23 (限制: 100.0)
成交量: 46774.74万 (限制: 100.0万)
涨幅: -3.73% (限制: 9.8%)
结果: 满足条件

2025-03-01 17:26:20,352 - INFO - 正在处理第17/20只股票: sz300122
2025-03-01 17:26:20,372 - INFO - 
检查股票 智飞生物(sz300122) 的条件：
当前价格: 25.10 (限制: 100.0)
成交量: 2603.60万 (限制: 100.0万)
涨幅: -3.50% (限制: 9.8%)
结果: 满足条件

2025-03-01 17:26:20,372 - INFO - 正在处理第18/20只股票: sz300616
2025-03-01 17:26:20,391 - INFO - 
检查股票 尚品宅配(sz300616) 的条件：
当前价格: 12.99 (限制: 100.0)
成交量: 527.67万 (限制: 100.0万)
涨幅: -4.27% (限制: 9.8%)
结果: 满足条件

2025-03-01 17:26:20,391 - INFO - 正在处理第19/20只股票: sz300750
2025-03-01 17:26:20,413 - INFO - 正在处理第20/20只股票: sz300760
2025-03-01 17:26:20,431 - INFO - 选股完成，共找到15只符合条件的股票
2025-03-01 17:26:20,600 - INFO - 钉钉消息发送成功
2025-03-01 17:26:20,601 - INFO - 钉钉消息发送成功
2025-03-01 21:03:22,354 - INFO - 钉钉消息发送成功
2025-03-01 21:03:22,354 - INFO - 钉钉机器人连接测试成功！
2025-03-01 21:03:22,354 - INFO - 已加载20只股票
2025-03-01 21:03:22,354 - INFO - 开始处理20只股票...
2025-03-01 21:03:22,354 - INFO - 正在处理第1/20只股票: sh600000
2025-03-01 21:03:22,386 - INFO - 
检查股票 浦发银行(sh600000) 的条件：
当前价格: 10.17 (限制: 100.0)
成交量: 4465.11万 (限制: 100.0万)
涨幅: -0.68% (限制: 9.8%)
结果: 满足条件

2025-03-01 21:03:22,386 - INFO - 正在处理第2/20只股票: sh600036
2025-03-01 21:03:22,404 - INFO - 
检查股票 招商银行(sh600036) 的条件：
当前价格: 42.05 (限制: 100.0)
成交量: 7054.24万 (限制: 100.0万)
涨幅: -0.78% (限制: 9.8%)
结果: 满足条件

2025-03-01 21:03:22,404 - INFO - 正在处理第3/20只股票: sh600276
2025-03-01 21:03:22,420 - INFO - 
检查股票 恒瑞医药(sh600276) 的条件：
当前价格: 45.96 (限制: 100.0)
成交量: 4916.15万 (限制: 100.0万)
涨幅: -4.07% (限制: 9.8%)
结果: 满足条件

2025-03-01 21:03:22,420 - INFO - 正在处理第4/20只股票: sh600309
2025-03-01 21:03:22,439 - INFO - 
检查股票 万华化学(sh600309) 的条件：
当前价格: 68.81 (限制: 100.0)
成交量: 2650.95万 (限制: 100.0万)
涨幅: -0.16% (限制: 9.8%)
结果: 满足条件

2025-03-01 21:03:22,439 - INFO - 正在处理第5/20只股票: sh600519
2025-03-01 21:03:22,459 - INFO - 正在处理第6/20只股票: sh600887
2025-03-01 21:03:22,478 - INFO - 
检查股票 伊利股份(sh600887) 的条件：
当前价格: 28.28 (限制: 100.0)
成交量: 7257.58万 (限制: 100.0万)
涨幅: 0.28% (限制: 9.8%)
结果: 满足条件

2025-03-01 21:03:22,478 - INFO - 正在处理第7/20只股票: sh601318
2025-03-01 21:03:22,499 - INFO - 
检查股票 中国平安(sh601318) 的条件：
当前价格: 50.38 (限制: 100.0)
成交量: 8052.68万 (限制: 100.0万)
涨幅: -2.40% (限制: 9.8%)
结果: 满足条件

2025-03-01 21:03:22,499 - INFO - 正在处理第8/20只股票: sh601398
2025-03-01 21:03:22,520 - INFO - 
检查股票 工商银行(sh601398) 的条件：
当前价格: 6.87 (限制: 100.0)
成交量: 43158.96万 (限制: 100.0万)
涨幅: -0.87% (限制: 9.8%)
结果: 满足条件

2025-03-01 21:03:22,520 - INFO - 正在处理第9/20只股票: sh601668
2025-03-01 21:03:22,540 - INFO - 
检查股票 中国建筑(sh601668) 的条件：
当前价格: 5.48 (限制: 100.0)
成交量: 23355.58万 (限制: 100.0万)
涨幅: -0.54% (限制: 9.8%)
结果: 满足条件

2025-03-01 21:03:22,540 - INFO - 正在处理第10/20只股票: sh601888
2025-03-01 21:03:22,559 - INFO - 
检查股票 中国中免(sh601888) 的条件：
当前价格: 61.17 (限制: 100.0)
成交量: 2820.96万 (限制: 100.0万)
涨幅: -2.39% (限制: 9.8%)
结果: 满足条件

2025-03-01 21:03:22,559 - INFO - 正在处理第11/20只股票: sz000001
2025-03-01 21:03:22,579 - INFO - 
检查股票 平安银行(sz000001) 的条件：
当前价格: 11.53 (限制: 100.0)
成交量: 9490.88万 (限制: 100.0万)
涨幅: -0.77% (限制: 9.8%)
结果: 满足条件

2025-03-01 21:03:22,579 - INFO - 正在处理第12/20只股票: sz000333
2025-03-01 21:03:22,595 - INFO - 
检查股票 美的集团(sz000333) 的条件：
当前价格: 73.05 (限制: 100.0)
成交量: 5064.79万 (限制: 100.0万)
涨幅: 0.79% (限制: 9.8%)
结果: 满足条件

2025-03-01 21:03:22,595 - INFO - 正在处理第13/20只股票: sz000651
2025-03-01 21:03:22,613 - INFO - 
检查股票 格力电器(sz000651) 的条件：
当前价格: 40.85 (限制: 100.0)
成交量: 6137.28万 (限制: 100.0万)
涨幅: -1.40% (限制: 9.8%)
结果: 满足条件

2025-03-01 21:03:22,613 - INFO - 正在处理第14/20只股票: sz000858
2025-03-01 21:03:22,630 - INFO - 正在处理第15/20只股票: sz002594
2025-03-01 21:03:22,650 - INFO - 正在处理第16/20只股票: sz300059
2025-03-01 21:03:22,669 - INFO - 
检查股票 东方财富(sz300059) 的条件：
当前价格: 23.23 (限制: 100.0)
成交量: 46774.74万 (限制: 100.0万)
涨幅: -3.73% (限制: 9.8%)
结果: 满足条件

2025-03-01 21:03:22,669 - INFO - 正在处理第17/20只股票: sz300122
2025-03-01 21:03:22,686 - INFO - 
检查股票 智飞生物(sz300122) 的条件：
当前价格: 25.10 (限制: 100.0)
成交量: 2603.60万 (限制: 100.0万)
涨幅: -3.50% (限制: 9.8%)
结果: 满足条件

2025-03-01 21:03:22,686 - INFO - 正在处理第18/20只股票: sz300616
2025-03-01 21:03:22,704 - INFO - 
检查股票 尚品宅配(sz300616) 的条件：
当前价格: 12.99 (限制: 100.0)
成交量: 527.67万 (限制: 100.0万)
涨幅: -4.27% (限制: 9.8%)
结果: 满足条件

2025-03-01 21:03:22,704 - INFO - 正在处理第19/20只股票: sz300750
2025-03-01 21:03:22,724 - INFO - 正在处理第20/20只股票: sz300760
2025-03-01 21:03:22,743 - INFO - 选股完成，共找到15只符合条件的股票
2025-03-01 21:03:22,980 - INFO - 钉钉消息发送成功
2025-03-01 21:03:22,981 - INFO - 钉钉消息发送成功
