2025-02-28 08:00:24,496 - INFO - 开始运行策略...
2025-02-28 08:00:24,497 - ERROR - 获取历史数据出错: 'BaoStockData' object has no attribute 'get_history_k_data'
2025-02-28 08:01:44,465 - INFO - 开始运行策略...
2025-02-28 08:01:44,465 - ERROR - 获取历史数据出错: 'BaoStockData' object has no attribute 'get_history_k_data'
2025-03-01 09:16:33,733 - INFO - 开始运行策略...
2025-03-01 09:16:33,733 - ERROR - 获取历史数据出错: 'BaoStockData' object has no attribute 'get_history_k_data'
2025-03-01 11:01:46,746 - INFO - 开始运行策略...
2025-03-01 11:01:46,746 - ERROR - 获取历史数据出错: 'BaoStockData' object has no attribute 'get_history_k_data'
2025-03-01 11:01:52,797 - INFO - 开始运行策略...
2025-03-01 11:01:52,797 - ERROR - 获取历史数据出错: 'BaoStockData' object has no attribute 'get_history_k_data'
2025-03-01 11:04:01,280 - INFO - 开始运行策略...
2025-03-01 11:04:01,281 - ERROR - 获取历史数据出错: 'BaoStockData' object has no attribute 'get_history_k_data'
2025-03-01 11:55:58,372 - INFO - 开始运行策略...
2025-03-01 11:55:58,373 - ERROR - 获取历史数据出错: 'BaoStockData' object has no attribute 'get_history_k_data'
2025-03-02 16:02:37,386 - INFO - 开始运行策略...
2025-03-02 16:02:37,387 - ERROR - 获取历史数据出错: 'BaoStockData' object has no attribute 'get_history_k_data'
2025-03-02 16:03:34,112 - INFO - 开始运行策略...
2025-03-02 16:03:34,112 - ERROR - 获取历史数据出错: 'BaoStockData' object has no attribute 'get_history_k_data'
2025-03-04 08:47:07,250 - INFO - 开始运行策略...
2025-03-04 08:47:07,251 - ERROR - 获取历史数据出错: 'BaoStockData' object has no attribute 'get_history_k_data'
2025-03-04 08:48:21,560 - INFO - 开始运行策略...
2025-03-04 08:48:21,560 - ERROR - 获取历史数据出错: 'Market' object has no attribute 'get_kline_data'
2025-03-04 08:50:24,832 - INFO - 开始运行策略...
2025-03-04 08:50:24,832 - ERROR - 获取历史数据出错: 'Market' object has no attribute 'get_history_data'
2025-03-04 08:52:58,696 - INFO - 开始运行策略...
2025-03-04 08:52:58,697 - ERROR - 获取历史数据出错: 'Market' object has no attribute 'get_realtime_data'
2025-03-04 08:54:06,569 - INFO - 开始运行策略...
2025-03-04 08:54:06,569 - ERROR - 获取历史数据出错: kline() got an unexpected keyword argument 'start'
2025-03-04 08:55:21,670 - INFO - 开始运行策略...
2025-03-04 08:55:21,670 - ERROR - 获取历史数据出错: kline() got an unexpected keyword argument 'period'
2025-03-04 08:56:36,264 - INFO - 开始运行策略...
2025-03-04 08:58:24,178 - INFO - 开始运行策略...
2025-03-04 08:58:24,179 - ERROR - 获取历史数据出错: kline() got an unexpected keyword argument 'count'
2025-03-04 08:59:53,047 - INFO - 开始运行策略...
2025-03-04 08:59:53,048 - ERROR - timeframe error ！
2025-03-04 08:59:53,136 - ERROR - query_history_k_data_plus respond error: 数据类型（frequency）不可为空，请检查
2025-03-04 08:59:53,179 - ERROR - 获取历史数据出错: "['code'] not found in axis"
2025-03-04 09:01:10,596 - INFO - 开始运行策略...
2025-03-04 09:01:10,597 - ERROR - 获取历史数据出错: 'BaoStockData' object has no attribute 'get_history_k_data'
2025-03-04 09:01:35,021 - INFO - 开始运行策略...
2025-03-04 09:01:35,021 - ERROR - 获取历史数据出错: 'BaoStockData' object has no attribute 'get_history_k_data_plus'
2025-03-04 09:02:04,000 - INFO - 开始运行策略...
2025-03-04 09:02:04,002 - ERROR - 获取数据失败
2025-03-04 09:02:22,475 - INFO - 开始运行策略...
2025-03-04 09:02:22,554 - INFO - 
当前价格: 50.33
5日均线: 50.99 (前值: 51.32)
10日均线: 51.17 (前值: 51.32)

2025-03-04 09:02:22,555 - INFO - 
当前状态:
现金: 100000.00
持仓: 0股
总价值: 100000.00
--------------------------------
