2025-03-04 10:11:35,738 - INFO - 开始运行自动交易程序（模拟模式）...
2025-03-04 10:11:35,772 - ERROR - 获取历史数据出错: 'BaoStockData' object has no attribute 'get_history_k_data'
2025-03-04 10:11:35,789 - INFO - 模拟买入: sz300616, 数量: 100, 价格: 13.28
2025-03-04 10:11:35,789 - INFO - 买入信号触发成功
2025-03-04 10:12:35,815 - ERROR - 获取历史数据出错: 'BaoStockData' object has no attribute 'get_history_k_data'
2025-03-04 10:14:48,330 - INFO - 开始运行自动交易程序（模拟模式）...
2025-03-04 10:14:48,351 - WARNING - 获取历史数据失败或数据不足，使用模拟数据
2025-03-04 10:15:48,394 - WARNING - 获取历史数据失败或数据不足，使用模拟数据
2025-03-04 10:17:51,901 - INFO - BaoStock登录成功
2025-03-04 10:17:51,901 - INFO - 开始运行自动交易程序（模拟模式）...
2025-03-04 10:17:51,929 - INFO - 获取历史数据，股票代码: sz.300616
2025-03-04 10:17:52,029 - WARNING - 获取历史数据失败或数据不足，使用模拟数据。错误代码: 0, 错误信息: success
2025-03-04 10:18:52,065 - INFO - 获取历史数据，股票代码: sz.300616
2025-03-04 10:18:52,142 - WARNING - 获取历史数据失败或数据不足，使用模拟数据。错误代码: 0, 错误信息: success
2025-03-04 10:19:52,242 - INFO - 获取历史数据，股票代码: sz.300616
2025-03-04 10:19:52,326 - WARNING - 获取历史数据失败或数据不足，使用模拟数据。错误代码: 0, 错误信息: success
2025-03-04 10:22:00,732 - INFO - BaoStock登录成功: 0 success
2025-03-04 10:22:00,732 - INFO - 开始运行自动交易程序（模拟模式）...
2025-03-04 10:22:00,732 - INFO - 测试股票 1/4: sz.300616
2025-03-04 10:22:00,732 - INFO - 获取实时数据，股票代码: sz300616
2025-03-04 10:22:00,755 - INFO - 当前价格: 13.22
2025-03-04 10:22:00,755 - INFO - 获取历史数据，股票代码: sz.300616, 开始日期: 2025-02-02, 结束日期: 2025-03-04
2025-03-04 10:22:00,834 - INFO - 成功获取到 19 条历史数据
2025-03-04 10:22:00,834 - WARNING - 历史数据不足，使用模拟数据。获取到 19 条数据
2025-03-04 10:22:00,849 - INFO - 买入信号: 否
2025-03-04 10:22:01,858 - INFO - 测试股票 2/4: sh.600519
2025-03-04 10:22:01,859 - INFO - 获取实时数据，股票代码: sh600519
2025-03-04 10:22:01,877 - INFO - 当前价格: 1466.57
2025-03-04 10:22:01,877 - INFO - 获取历史数据，股票代码: sh.600519, 开始日期: 2025-02-02, 结束日期: 2025-03-04
2025-03-04 10:22:01,955 - INFO - 成功获取到 19 条历史数据
2025-03-04 10:22:01,955 - WARNING - 历史数据不足，使用模拟数据。获取到 19 条数据
2025-03-04 10:22:01,963 - INFO - 买入信号: 否
2025-03-04 10:22:02,979 - INFO - 测试股票 3/4: sz.000001
2025-03-04 10:22:02,979 - INFO - 获取实时数据，股票代码: sz000001
2025-03-04 10:22:02,998 - INFO - 当前价格: 11.52
2025-03-04 10:22:02,999 - INFO - 获取历史数据，股票代码: sz.000001, 开始日期: 2025-02-02, 结束日期: 2025-03-04
2025-03-04 10:22:03,077 - INFO - 成功获取到 19 条历史数据
2025-03-04 10:22:03,077 - WARNING - 历史数据不足，使用模拟数据。获取到 19 条数据
2025-03-04 10:22:03,085 - INFO - 买入信号: 否
2025-03-04 10:22:04,095 - INFO - 测试股票 4/4: sh.601318
2025-03-04 10:22:04,095 - INFO - 获取实时数据，股票代码: sh601318
2025-03-04 10:22:04,120 - INFO - 当前价格: 50.11
2025-03-04 10:22:04,120 - INFO - 获取历史数据，股票代码: sh.601318, 开始日期: 2025-02-02, 结束日期: 2025-03-04
2025-03-04 10:22:04,199 - INFO - 成功获取到 19 条历史数据
2025-03-04 10:22:04,199 - WARNING - 历史数据不足，使用模拟数据。获取到 19 条数据
2025-03-04 10:22:04,207 - INFO - 买入信号: 否
2025-03-04 10:22:05,218 - INFO - 所有股票测试完成
2025-03-04 10:24:51,672 - INFO - BaoStock登录成功: 0 success
2025-03-04 10:24:51,672 - INFO - 开始运行自动交易程序（模拟模式）...
2025-03-04 10:24:51,672 - INFO - 测试股票 1/4: sz.300616
2025-03-04 10:24:51,672 - INFO - 获取实时数据，股票代码: sz300616
2025-03-04 10:24:51,702 - INFO - 当前价格: 13.23
2025-03-04 10:24:51,703 - INFO - 获取历史数据，股票代码: sz.300616, 开始日期: 2025-02-02, 结束日期: 2025-03-04
2025-03-04 10:24:51,783 - INFO - 成功获取到 19 条历史数据
2025-03-04 10:24:51,783 - WARNING - 历史数据不足，使用模拟数据。获取到 19 条数据
2025-03-04 10:24:51,796 - INFO - 买入信号: 否
2025-03-04 10:24:52,809 - INFO - 测试股票 2/4: sh.600519
2025-03-04 10:24:52,809 - INFO - 获取实时数据，股票代码: sh600519
2025-03-04 10:24:52,829 - INFO - 当前价格: 1466.18
2025-03-04 10:24:52,829 - INFO - 获取历史数据，股票代码: sh.600519, 开始日期: 2025-02-02, 结束日期: 2025-03-04
2025-03-04 10:24:53,178 - INFO - 成功获取到 19 条历史数据
2025-03-04 10:24:53,179 - WARNING - 历史数据不足，使用模拟数据。获取到 19 条数据
2025-03-04 10:24:53,186 - INFO - 买入信号: 是
2025-03-04 10:24:53,187 - INFO - 模拟买入: sh.600519, 数量: 100, 价格: 1466.18
2025-03-04 10:24:53,187 - INFO - 卖出信号: 否
2025-03-04 10:24:54,191 - INFO - 测试股票 3/4: sz.000001
2025-03-04 10:24:54,191 - INFO - 获取实时数据，股票代码: sz000001
2025-03-04 10:24:54,212 - INFO - 当前价格: 11.54
2025-03-04 10:24:54,212 - INFO - 获取历史数据，股票代码: sz.000001, 开始日期: 2025-02-02, 结束日期: 2025-03-04
2025-03-04 10:24:58,064 - INFO - 成功获取到 19 条历史数据
2025-03-04 10:24:58,064 - WARNING - 历史数据不足，使用模拟数据。获取到 19 条数据
2025-03-04 10:24:58,071 - INFO - 买入信号: 否
2025-03-04 10:24:59,076 - INFO - 测试股票 4/4: sh.601318
2025-03-04 10:24:59,076 - INFO - 获取实时数据，股票代码: sh601318
2025-03-04 10:24:59,095 - INFO - 当前价格: 50.12
2025-03-04 10:24:59,096 - INFO - 获取历史数据，股票代码: sh.601318, 开始日期: 2025-02-02, 结束日期: 2025-03-04
2025-03-04 10:24:59,217 - INFO - 成功获取到 19 条历史数据
2025-03-04 10:24:59,217 - WARNING - 历史数据不足，使用模拟数据。获取到 19 条数据
2025-03-04 10:24:59,224 - INFO - 买入信号: 是
2025-03-04 10:24:59,225 - INFO - 模拟买入: sh.601318, 数量: 100, 价格: 50.12
2025-03-04 10:24:59,225 - INFO - 卖出信号: 否
2025-03-04 10:25:00,227 - INFO - 所有股票测试完成
2025-03-04 10:26:25,117 - INFO - BaoStock登录成功: 0 success
2025-03-04 10:26:25,118 - INFO - 开始运行自动交易程序（模拟模式）...
2025-03-04 10:26:25,118 - INFO - 测试股票 1/4: sz.300616
2025-03-04 10:26:25,118 - INFO - 获取实时数据，股票代码: sz300616
2025-03-04 10:26:25,135 - INFO - 当前价格: 13.23
2025-03-04 10:26:25,135 - INFO - 获取历史数据，股票代码: sz.300616, 开始日期: 2025-02-02, 结束日期: 2025-03-04
2025-03-04 10:26:25,374 - INFO - 成功获取到 19 条历史数据
2025-03-04 10:26:25,374 - WARNING - 历史数据不足，使用模拟数据。获取到 19 条数据
2025-03-04 10:26:25,388 - INFO - 买入信号: 否
2025-03-04 10:26:26,391 - INFO - 测试股票 2/4: sh.600519
2025-03-04 10:26:26,391 - INFO - 获取实时数据，股票代码: sh600519
2025-03-04 10:26:26,408 - INFO - 当前价格: 1466.0
2025-03-04 10:26:26,408 - INFO - 获取历史数据，股票代码: sh.600519, 开始日期: 2025-02-02, 结束日期: 2025-03-04
2025-03-04 10:26:26,504 - INFO - 成功获取到 19 条历史数据
2025-03-04 10:26:26,504 - WARNING - 历史数据不足，使用模拟数据。获取到 19 条数据
2025-03-04 10:26:26,512 - INFO - 买入信号: 否
2025-03-04 10:26:27,523 - INFO - 测试股票 3/4: sz.000001
2025-03-04 10:26:27,523 - INFO - 获取实时数据，股票代码: sz000001
2025-03-04 10:26:27,549 - INFO - 当前价格: 11.52
2025-03-04 10:26:27,549 - INFO - 获取历史数据，股票代码: sz.000001, 开始日期: 2025-02-02, 结束日期: 2025-03-04
2025-03-04 10:26:27,657 - INFO - 成功获取到 19 条历史数据
2025-03-04 10:26:27,657 - WARNING - 历史数据不足，使用模拟数据。获取到 19 条数据
2025-03-04 10:26:27,665 - INFO - 买入信号: 否
2025-03-04 10:26:28,676 - INFO - 测试股票 4/4: sh.601318
2025-03-04 10:26:28,676 - INFO - 获取实时数据，股票代码: sh601318
2025-03-04 10:26:28,697 - INFO - 当前价格: 50.13
2025-03-04 10:26:28,697 - INFO - 获取历史数据，股票代码: sh.601318, 开始日期: 2025-02-02, 结束日期: 2025-03-04
2025-03-04 10:26:28,788 - INFO - 成功获取到 19 条历史数据
2025-03-04 10:26:28,789 - WARNING - 历史数据不足，使用模拟数据。获取到 19 条数据
2025-03-04 10:26:28,796 - INFO - 买入信号: 否
2025-03-04 10:26:29,810 - INFO - 所有股票测试完成
2025-03-04 10:28:48,166 - INFO - BaoStock登录成功: 0 success
2025-03-04 10:28:48,166 - INFO - 开始运行自动交易程序...
2025-03-04 10:28:48,166 - INFO - 获取实时数据，股票代码: sz300616
2025-03-04 10:28:48,197 - INFO - 当前价格: 13.23
2025-03-04 10:28:48,198 - INFO - 获取历史数据，股票代码: sz.300616, 开始日期: 2025-02-02, 结束日期: 2025-03-04
2025-03-04 10:28:48,341 - INFO - 成功获取到 19 条历史数据
2025-03-04 10:28:48,341 - WARNING - 历史数据不足，使用模拟数据。获取到 19 条数据
2025-03-04 10:28:48,343 - INFO - 买入信号: 否
2025-03-04 10:28:48,343 - INFO - 价格在20日线上方
2025-03-04 10:29:11,570 - INFO - BaoStock登录成功: 0 success
2025-03-04 10:29:11,570 - INFO - 开始运行自动交易程序...
2025-03-04 10:29:11,571 - INFO - 获取实时数据，股票代码: sz300616
2025-03-04 10:29:11,591 - INFO - 当前价格: 13.22
2025-03-04 10:29:11,591 - INFO - 获取历史数据，股票代码: sz.300616, 开始日期: 2025-02-02, 结束日期: 2025-03-04
2025-03-04 10:29:11,670 - INFO - 成功获取到 19 条历史数据
2025-03-04 10:29:11,670 - WARNING - 历史数据不足，使用模拟数据。获取到 19 条数据
2025-03-04 10:29:11,673 - INFO - 买入信号: 否
2025-03-04 10:29:48,345 - INFO - 获取实时数据，股票代码: sz300616
2025-03-04 10:29:48,391 - INFO - 当前价格: 13.22
2025-03-04 10:29:48,391 - INFO - 获取历史数据，股票代码: sz.300616, 开始日期: 2025-02-02, 结束日期: 2025-03-04
2025-03-04 10:29:48,576 - INFO - 成功获取到 19 条历史数据
2025-03-04 10:29:48,576 - WARNING - 历史数据不足，使用模拟数据。获取到 19 条数据
2025-03-04 10:29:48,578 - INFO - 买入信号: 否
2025-03-04 10:30:11,684 - INFO - 获取实时数据，股票代码: sz300616
2025-03-04 10:30:11,713 - INFO - 当前价格: 13.22
2025-03-04 10:30:11,714 - INFO - 获取历史数据，股票代码: sz.300616, 开始日期: 2025-02-02, 结束日期: 2025-03-04
2025-03-04 10:30:11,851 - INFO - 成功获取到 19 条历史数据
2025-03-04 10:30:11,851 - WARNING - 历史数据不足，使用模拟数据。获取到 19 条数据
2025-03-04 10:30:11,853 - INFO - 买入信号: 否
2025-03-04 10:30:48,578 - INFO - 获取实时数据，股票代码: sz300616
2025-03-04 10:30:48,600 - INFO - 当前价格: 13.22
2025-03-04 10:30:48,601 - INFO - 获取历史数据，股票代码: sz.300616, 开始日期: 2025-02-02, 结束日期: 2025-03-04
2025-03-04 10:30:48,884 - INFO - 成功获取到 19 条历史数据
2025-03-04 10:30:48,884 - WARNING - 历史数据不足，使用模拟数据。获取到 19 条数据
2025-03-04 10:30:48,886 - INFO - 买入信号: 否
2025-03-04 10:31:11,859 - INFO - 获取实时数据，股票代码: sz300616
2025-03-04 10:31:11,884 - INFO - 当前价格: 13.22
2025-03-04 10:31:11,885 - INFO - 获取历史数据，股票代码: sz.300616, 开始日期: 2025-02-02, 结束日期: 2025-03-04
2025-03-04 10:31:12,086 - INFO - 成功获取到 19 条历史数据
2025-03-04 10:31:12,086 - WARNING - 历史数据不足，使用模拟数据。获取到 19 条数据
2025-03-04 10:31:12,088 - INFO - 买入信号: 否
2025-03-04 10:31:48,890 - INFO - 获取实时数据，股票代码: sz300616
2025-03-04 10:31:48,912 - INFO - 当前价格: 13.19
2025-03-04 10:31:48,913 - INFO - 获取历史数据，股票代码: sz.300616, 开始日期: 2025-02-02, 结束日期: 2025-03-04
2025-03-04 10:31:50,591 - INFO - 成功获取到 19 条历史数据
2025-03-04 10:31:50,592 - WARNING - 历史数据不足，使用模拟数据。获取到 19 条数据
2025-03-04 10:31:50,594 - INFO - 买入信号: 否
2025-03-04 10:33:11,957 - INFO - BaoStock登录成功: 0 success
2025-03-04 10:33:11,958 - INFO - 开始运行自动交易程序...
2025-03-04 10:33:11,958 - INFO - 获取实时数据，股票代码: sz300677
2025-03-04 10:33:11,978 - INFO - 当前价格: 24.93
2025-03-04 10:33:11,978 - INFO - 获取历史数据，股票代码: sz.300677, 开始日期: 2025-02-02, 结束日期: 2025-03-04
2025-03-04 10:33:12,065 - INFO - 成功获取到 19 条历史数据
2025-03-04 10:33:12,065 - WARNING - 历史数据不足，使用模拟数据。获取到 19 条数据
2025-03-04 10:33:12,067 - INFO - 买入信号: 否
2025-03-04 10:34:12,073 - INFO - 获取实时数据，股票代码: sz300677
2025-03-04 10:34:12,094 - INFO - 当前价格: 24.94
2025-03-04 10:34:12,094 - INFO - 获取历史数据，股票代码: sz.300677, 开始日期: 2025-02-02, 结束日期: 2025-03-04
2025-03-04 10:34:14,582 - INFO - 成功获取到 19 条历史数据
2025-03-04 10:34:14,582 - WARNING - 历史数据不足，使用模拟数据。获取到 19 条数据
2025-03-04 10:34:14,584 - INFO - 买入信号: 否
2025-03-04 10:35:24,421 - INFO - BaoStock登录成功: 0 success
2025-03-04 10:35:24,421 - INFO - 开始运行自动交易程序...
2025-03-04 10:35:24,421 - INFO - 获取实时数据，股票代码: sz300677
2025-03-04 10:35:24,452 - INFO - 当前价格: 24.94
2025-03-04 10:35:24,453 - INFO - 获取历史数据，股票代码: sz.300677, 开始日期: 2025-02-02, 结束日期: 2025-03-04
2025-03-04 10:35:24,605 - INFO - 成功获取到 19 条历史数据
2025-03-04 10:35:24,605 - WARNING - 历史数据不足，使用模拟数据。获取到 19 条数据
2025-03-04 10:35:24,607 - INFO - 模拟数据：创建金叉信号
2025-03-04 10:35:24,609 - INFO - 当前MA5: 24.75, 当前MA10: 25.37
2025-03-04 10:35:24,610 - INFO - 前一天MA5: 24.10, 前一天MA10: 25.53
2025-03-04 10:35:24,610 - INFO - 买入信号: 否
2025-03-04 10:36:33,861 - INFO - BaoStock登录成功: 0 success
2025-03-04 10:36:33,861 - INFO - 开始运行自动交易程序...
2025-03-04 10:36:33,862 - INFO - 获取实时数据，股票代码: sz300677
2025-03-04 10:36:33,881 - INFO - 当前价格: 24.96
2025-03-04 10:36:33,881 - INFO - 获取历史数据，股票代码: sz.300677, 开始日期: 2025-02-02, 结束日期: 2025-03-04
2025-03-04 10:36:33,980 - INFO - 成功获取到 19 条历史数据
2025-03-04 10:36:33,980 - WARNING - 历史数据不足，使用模拟数据。获取到 19 条数据
2025-03-04 10:36:33,980 - INFO - 模拟数据：创建金叉信号
2025-03-04 10:36:33,983 - INFO - 当前MA5: 24.46, 当前MA10: 24.85
2025-03-04 10:36:33,983 - INFO - 前一天MA5: 23.81, 前一天MA10: 24.81
2025-03-04 10:36:33,983 - INFO - 买入信号: 否
2025-03-04 10:36:33,983 - INFO - 价格在20日线上方
2025-03-04 10:37:14,221 - INFO - BaoStock登录成功: 0 success
2025-03-04 10:37:14,222 - INFO - 开始运行自动交易程序...
2025-03-04 10:37:14,222 - INFO - 获取实时数据，股票代码: sz300677
2025-03-04 10:37:14,244 - INFO - 当前价格: 24.94
2025-03-04 10:37:14,245 - INFO - 获取历史数据，股票代码: sz.300677, 开始日期: 2025-02-02, 结束日期: 2025-03-04
2025-03-04 10:37:14,594 - INFO - 成功获取到 19 条历史数据
2025-03-04 10:37:14,594 - WARNING - 历史数据不足，使用模拟数据。获取到 19 条数据
2025-03-04 10:37:14,595 - INFO - 模拟数据：创建明确的金叉信号
2025-03-04 10:37:14,597 - INFO - 当前MA5: 27.98, 当前MA10: 24.84
2025-03-04 10:37:14,597 - INFO - 前一天MA5: 26.69, 前一天MA10: 24.04
2025-03-04 10:37:14,598 - INFO - 买入信号: 否
2025-03-04 10:37:14,598 - INFO - 价格在20日线上方
2025-03-04 10:39:12,738 - INFO - BaoStock登录成功: 0 success
2025-03-04 10:39:12,738 - INFO - 开始运行自动交易程序...
2025-03-04 10:39:12,738 - INFO - 获取实时数据，股票代码: sz300677
2025-03-04 10:39:12,756 - INFO - 当前价格: 24.92
2025-03-04 10:39:12,756 - INFO - 获取历史数据，股票代码: sz.300677, 开始日期: 2025-02-02, 结束日期: 2025-03-04
2025-03-04 10:39:12,833 - INFO - 成功获取到 19 条历史数据
2025-03-04 10:39:12,834 - WARNING - 历史数据不足，使用模拟数据。获取到 19 条数据
2025-03-04 10:39:12,834 - INFO - 模拟数据：创建明确的金叉信号
2025-03-04 10:39:12,836 - INFO - 当前MA5: 27.96, 当前MA10: 24.82
2025-03-04 10:39:12,836 - INFO - 前一天MA5: 26.66, 前一天MA10: 24.14
2025-03-04 10:39:12,836 - INFO - 测试模式：忽略交易时间限制
2025-03-04 10:39:12,837 - INFO - 买入信号检查:
2025-03-04 10:39:12,837 - INFO -   - 5日线上穿10日线: 否
2025-03-04 10:39:12,837 - INFO -   - 价格在20日线上方: 是
2025-03-04 10:39:12,837 - INFO -   - 最终买入信号: 否
2025-03-04 10:40:06,676 - INFO - BaoStock登录成功: 0 success
2025-03-04 10:40:06,676 - INFO - 开始运行自动交易程序...
2025-03-04 10:40:06,676 - INFO - 获取实时数据，股票代码: sz300677
2025-03-04 10:40:06,698 - INFO - 当前价格: 24.92
2025-03-04 10:40:06,699 - INFO - 获取历史数据，股票代码: sz.300677, 开始日期: 2025-02-02, 结束日期: 2025-03-04
2025-03-04 10:40:06,905 - INFO - 成功获取到 19 条历史数据
2025-03-04 10:40:06,905 - WARNING - 历史数据不足，使用模拟数据。获取到 19 条数据
2025-03-04 10:40:06,905 - INFO - 模拟数据：创建明确的金叉信号
2025-03-04 10:40:06,906 - INFO - 模拟价格序列（最后10天）: [25.418400000000002, 25.916800000000002, 26.415200000000002, 26.913600000000002, 27.412000000000003, 27.412000000000003, 27.910400000000006, 28.408800000000006, 28.907200000000007, 24.92]
2025-03-04 10:40:06,908 - INFO - 当前MA5: 27.51, 当前MA10: 26.96
2025-03-04 10:40:06,908 - INFO - 前一天MA5: 28.01, 前一天MA10: 26.71
2025-03-04 10:40:06,908 - INFO - 测试模式：忽略交易时间限制
2025-03-04 10:40:06,908 - INFO - 买入信号检查:
2025-03-04 10:40:06,908 - INFO -   - 5日线上穿10日线: 否
2025-03-04 10:40:06,909 - INFO -   - 价格在20日线上方: 是
2025-03-04 10:40:06,909 - INFO -   - 最终买入信号: 否
2025-03-04 10:40:16,910 - INFO - 获取实时数据，股票代码: sz300677
2025-03-04 10:40:16,927 - INFO - 当前价格: 24.92
2025-03-04 10:40:16,927 - INFO - 获取历史数据，股票代码: sz.300677, 开始日期: 2025-02-02, 结束日期: 2025-03-04
2025-03-04 10:40:17,221 - INFO - 成功获取到 19 条历史数据
2025-03-04 10:40:17,222 - WARNING - 历史数据不足，使用模拟数据。获取到 19 条数据
2025-03-04 10:40:17,222 - INFO - 模拟数据：创建明确的金叉信号
2025-03-04 10:40:17,222 - INFO - 模拟价格序列（最后10天）: [25.418400000000002, 25.916800000000002, 26.415200000000002, 26.913600000000002, 27.412000000000003, 27.412000000000003, 27.910400000000006, 28.408800000000006, 28.907200000000007, 24.92]
2025-03-04 10:40:17,224 - INFO - 当前MA5: 27.51, 当前MA10: 26.96
2025-03-04 10:40:17,224 - INFO - 前一天MA5: 28.01, 前一天MA10: 26.71
2025-03-04 10:40:17,224 - INFO - 测试模式：忽略交易时间限制
2025-03-04 10:40:17,225 - INFO - 买入信号检查:
2025-03-04 10:40:17,225 - INFO -   - 5日线上穿10日线: 否
2025-03-04 10:40:17,225 - INFO -   - 价格在20日线上方: 是
2025-03-04 10:40:17,225 - INFO -   - 最终买入信号: 否
2025-03-04 10:40:27,235 - INFO - 获取实时数据，股票代码: sz300677
2025-03-04 10:40:27,264 - INFO - 当前价格: 24.92
2025-03-04 10:40:27,264 - INFO - 获取历史数据，股票代码: sz.300677, 开始日期: 2025-02-02, 结束日期: 2025-03-04
2025-03-04 10:40:27,350 - INFO - 成功获取到 19 条历史数据
2025-03-04 10:40:27,351 - WARNING - 历史数据不足，使用模拟数据。获取到 19 条数据
2025-03-04 10:40:27,351 - INFO - 测试模式：切换持仓状态为 持仓
2025-03-04 10:40:27,351 - INFO - 模拟数据：创建明确的死叉信号
2025-03-04 10:40:27,352 - INFO - 模拟价格序列（最后10天）: [26.913600000000002, 26.415200000000002, 25.916800000000002, 25.418400000000002, 24.92, 22.428, 21.9296, 21.4312, 20.932800000000004, 24.92]
2025-03-04 10:40:27,353 - INFO - 当前MA5: 22.33, 当前MA10: 24.12
2025-03-04 10:40:27,353 - INFO - 前一天MA5: 22.33, 前一天MA10: 24.37
2025-03-04 10:40:27,353 - INFO - 测试模式：忽略交易时间限制
2025-03-04 10:40:27,354 - INFO - 卖出信号检查:
2025-03-04 10:40:27,354 - INFO -   - 5日线下穿10日线: 否
2025-03-04 10:40:27,354 - INFO -   - 止损触发: 否
2025-03-04 10:40:27,354 - INFO -   - 跟踪止损触发: 否
2025-03-04 10:40:27,354 - INFO -   - 最终卖出信号: 否
2025-03-04 10:40:37,355 - INFO - 获取实时数据，股票代码: sz300677
2025-03-04 10:40:37,371 - INFO - 当前价格: 24.91
2025-03-04 10:40:37,371 - INFO - 获取历史数据，股票代码: sz.300677, 开始日期: 2025-02-02, 结束日期: 2025-03-04
2025-03-04 10:40:37,628 - INFO - 成功获取到 19 条历史数据
2025-03-04 10:40:37,628 - WARNING - 历史数据不足，使用模拟数据。获取到 19 条数据
2025-03-04 10:40:37,629 - INFO - 模拟数据：创建明确的死叉信号
2025-03-04 10:40:37,629 - INFO - 模拟价格序列（最后10天）: [26.902800000000003, 26.404600000000002, 25.9064, 25.4082, 24.91, 22.419, 21.9208, 21.4226, 20.924400000000002, 24.91]
2025-03-04 10:40:37,631 - INFO - 当前MA5: 22.32, 当前MA10: 24.11
2025-03-04 10:40:37,631 - INFO - 前一天MA5: 22.32, 前一天MA10: 24.36
2025-03-04 10:40:37,632 - INFO - 测试模式：忽略交易时间限制
2025-03-04 10:40:37,632 - INFO - 卖出信号检查:
2025-03-04 10:40:37,632 - INFO -   - 5日线下穿10日线: 否
2025-03-04 10:40:37,633 - INFO -   - 止损触发: 否
2025-03-04 10:40:37,633 - INFO -   - 跟踪止损触发: 否
2025-03-04 10:40:37,633 - INFO -   - 最终卖出信号: 否
2025-03-04 10:42:10,378 - INFO - BaoStock登录成功: 0 success
2025-03-04 10:42:10,378 - INFO - 开始运行自动交易程序...
2025-03-04 10:42:10,378 - INFO - 测试模式：当前周期 1
2025-03-04 10:42:10,378 - INFO - 获取实时数据，股票代码: sz300677
2025-03-04 10:42:10,400 - INFO - 当前价格: 24.95
2025-03-04 10:42:10,400 - INFO - 获取历史数据，股票代码: sz.300677, 开始日期: 2025-02-02, 结束日期: 2025-03-04
2025-03-04 10:42:10,479 - INFO - 成功获取到 19 条历史数据
2025-03-04 10:42:10,479 - WARNING - 历史数据不足，使用模拟数据。获取到 19 条数据
2025-03-04 10:42:10,479 - INFO - 模拟数据：创建明确的金叉信号
2025-03-04 10:42:10,480 - INFO - 模拟价格序列（最后10天）: [25.448999999999998, 25.948, 26.447, 26.946, 27.445, 27.445, 27.944000000000003, 28.443, 28.942000000000004, 24.95]
2025-03-04 10:42:10,481 - INFO - 当前MA5: 27.54, 当前MA10: 27.00
2025-03-04 10:42:10,481 - INFO - 前一天MA5: 28.04, 前一天MA10: 26.75
2025-03-04 10:42:10,481 - ERROR - 检查买入信号时出错: tuple indices must be integers or slices, not str
2025-03-04 10:42:20,492 - INFO - 测试模式：当前周期 3
2025-03-04 10:42:20,492 - INFO - 获取实时数据，股票代码: sz300677
2025-03-04 10:42:20,513 - INFO - 当前价格: 24.95
2025-03-04 10:42:20,513 - INFO - 获取历史数据，股票代码: sz.300677, 开始日期: 2025-02-02, 结束日期: 2025-03-04
2025-03-04 10:42:24,500 - INFO - 成功获取到 19 条历史数据
2025-03-04 10:42:24,500 - WARNING - 历史数据不足，使用模拟数据。获取到 19 条数据
2025-03-04 10:42:24,501 - INFO - 测试模式：切换持仓状态为 持仓
2025-03-04 10:42:24,501 - INFO - 模拟数据：创建明确的死叉信号
2025-03-04 10:42:24,501 - INFO - 模拟价格序列（最后10天）: [26.946, 26.447, 25.948, 25.448999999999998, 24.95, 22.455, 21.956, 21.457, 20.958000000000002, 24.95]
2025-03-04 10:42:24,503 - INFO - 当前MA5: 22.36, 当前MA10: 24.15
2025-03-04 10:42:24,503 - INFO - 前一天MA5: 22.36, 前一天MA10: 24.40
2025-03-04 10:42:24,503 - ERROR - 运行过程中出错: tuple indices must be integers or slices, not str
2025-03-04 10:42:54,515 - INFO - 测试模式：当前周期 1
2025-03-04 10:42:54,515 - INFO - 获取实时数据，股票代码: sz300677
2025-03-04 10:42:54,534 - INFO - 当前价格: 24.96
2025-03-04 10:42:54,534 - INFO - 获取历史数据，股票代码: sz.300677, 开始日期: 2025-02-02, 结束日期: 2025-03-04
2025-03-04 10:42:54,611 - INFO - 成功获取到 19 条历史数据
2025-03-04 10:42:54,611 - WARNING - 历史数据不足，使用模拟数据。获取到 19 条数据
2025-03-04 10:42:54,611 - INFO - 模拟数据：创建明确的死叉信号
2025-03-04 10:42:54,612 - INFO - 模拟价格序列（最后10天）: [26.9568, 26.457600000000003, 25.9584, 25.459200000000003, 24.96, 22.464000000000002, 21.9648, 21.465600000000002, 20.966400000000004, 24.96]
2025-03-04 10:42:54,613 - INFO - 当前MA5: 22.36, 当前MA10: 24.16
2025-03-04 10:42:54,614 - INFO - 前一天MA5: 22.36, 前一天MA10: 24.41
2025-03-04 10:42:54,614 - ERROR - 运行过程中出错: tuple indices must be integers or slices, not str
2025-03-04 10:43:24,626 - INFO - 测试模式：当前周期 3
2025-03-04 10:43:24,626 - INFO - 获取实时数据，股票代码: sz300677
2025-03-04 10:43:24,646 - INFO - 当前价格: 24.99
2025-03-04 10:43:24,646 - INFO - 获取历史数据，股票代码: sz.300677, 开始日期: 2025-02-02, 结束日期: 2025-03-04
2025-03-04 10:43:27,474 - INFO - 成功获取到 19 条历史数据
2025-03-04 10:43:27,475 - WARNING - 历史数据不足，使用模拟数据。获取到 19 条数据
2025-03-04 10:43:27,475 - INFO - 测试模式：切换持仓状态为 空仓
2025-03-04 10:43:27,475 - INFO - 模拟数据：创建明确的金叉信号
2025-03-04 10:43:27,476 - INFO - 模拟价格序列（最后10天）: [25.4898, 25.9896, 26.4894, 26.9892, 27.489, 27.489, 27.9888, 28.4886, 28.988400000000002, 24.99]
2025-03-04 10:43:27,477 - INFO - 当前MA5: 27.59, 当前MA10: 27.04
2025-03-04 10:43:27,477 - INFO - 前一天MA5: 28.09, 前一天MA10: 26.79
2025-03-04 10:43:27,477 - ERROR - 检查买入信号时出错: tuple indices must be integers or slices, not str
2025-03-04 10:43:37,485 - INFO - 测试模式：当前周期 1
2025-03-04 10:43:37,485 - INFO - 获取实时数据，股票代码: sz300677
2025-03-04 10:43:37,507 - INFO - 当前价格: 24.99
2025-03-04 10:43:37,507 - INFO - 获取历史数据，股票代码: sz.300677, 开始日期: 2025-02-02, 结束日期: 2025-03-04
2025-03-04 10:43:37,805 - INFO - 成功获取到 19 条历史数据
2025-03-04 10:43:37,805 - WARNING - 历史数据不足，使用模拟数据。获取到 19 条数据
2025-03-04 10:43:37,805 - INFO - 模拟数据：创建明确的金叉信号
2025-03-04 10:43:37,807 - INFO - 模拟价格序列（最后10天）: [25.4898, 25.9896, 26.4894, 26.9892, 27.489, 27.489, 27.9888, 28.4886, 28.988400000000002, 24.99]
2025-03-04 10:43:37,809 - INFO - 当前MA5: 27.59, 当前MA10: 27.04
2025-03-04 10:43:37,809 - INFO - 前一天MA5: 28.09, 前一天MA10: 26.79
2025-03-04 10:43:37,809 - ERROR - 检查买入信号时出错: tuple indices must be integers or slices, not str
2025-03-04 10:44:58,809 - INFO - BaoStock登录成功: 0 success
2025-03-04 10:44:58,809 - INFO - 开始运行自动交易程序...
2025-03-04 10:44:58,809 - INFO - 测试模式：当前周期 1
2025-03-04 10:44:58,809 - INFO - 获取实时数据，股票代码: sz300677
2025-03-04 10:44:58,809 - ERROR - 获取股票数据时出错: module 'baostock' has no attribute 'query_rt_data'
2025-03-04 10:44:58,810 - ERROR - Traceback (most recent call last):
  File "自动交易.py", line 60, in get_stock_data
    rs = bs.query_rt_data(code=self.stock_code.replace("sh", "sh.").replace("sz", "sz."))
AttributeError: module 'baostock' has no attribute 'query_rt_data'

2025-03-04 10:44:58,811 - WARNING - 未获取到有效数据，等待下一次尝试...
2025-03-04 10:45:08,824 - INFO - 测试模式：当前周期 2
2025-03-04 10:45:08,824 - INFO - 获取实时数据，股票代码: sz300677
2025-03-04 10:45:08,824 - ERROR - 获取股票数据时出错: module 'baostock' has no attribute 'query_rt_data'
2025-03-04 10:45:08,824 - ERROR - Traceback (most recent call last):
  File "自动交易.py", line 60, in get_stock_data
    rs = bs.query_rt_data(code=self.stock_code.replace("sh", "sh.").replace("sz", "sz."))
AttributeError: module 'baostock' has no attribute 'query_rt_data'

2025-03-04 10:45:08,825 - WARNING - 未获取到有效数据，等待下一次尝试...
2025-03-04 10:45:57,984 - INFO - BaoStock登录成功: 0 success
2025-03-04 10:45:57,984 - INFO - 开始运行自动交易程序...
2025-03-04 10:45:57,984 - INFO - 测试模式：当前周期 1
2025-03-04 10:45:57,984 - INFO - 获取实时数据，股票代码: sz300677
2025-03-04 10:45:57,985 - ERROR - 获取股票数据时出错: module 'baostock' has no attribute 'query_latest_quotes_data'
2025-03-04 10:45:57,985 - ERROR - Traceback (most recent call last):
  File "自动交易.py", line 61, in get_stock_data
    rs = bs.query_latest_quotes_data(code=stock_code)
AttributeError: module 'baostock' has no attribute 'query_latest_quotes_data'

2025-03-04 10:45:57,986 - WARNING - 未获取到有效数据，等待下一次尝试...
2025-03-04 10:46:53,705 - INFO - BaoStock登录成功: 0 success
2025-03-04 10:46:53,705 - INFO - 开始运行自动交易程序...
2025-03-04 10:46:53,706 - INFO - 测试模式：当前周期 1
2025-03-04 10:46:53,706 - INFO - 获取实时数据，股票代码: sz300677
2025-03-04 10:46:53,706 - INFO - 当前价格: 24.95
2025-03-04 10:46:53,707 - ERROR - 获取股票数据时出错: type object 'datetime.datetime' has no attribute 'datetime'
2025-03-04 10:46:53,707 - ERROR - Traceback (most recent call last):
  File "自动交易.py", line 64, in get_stock_data
    dates = [(datetime.datetime.now() - datetime.timedelta(days=i)).strftime('%Y-%m-%d') for i in range(30, 0, -1)]
  File "自动交易.py", line 64, in <listcomp>
    dates = [(datetime.datetime.now() - datetime.timedelta(days=i)).strftime('%Y-%m-%d') for i in range(30, 0, -1)]
AttributeError: type object 'datetime.datetime' has no attribute 'datetime'

2025-03-04 10:46:53,708 - WARNING - 未获取到有效数据，等待下一次尝试...
2025-03-04 10:47:03,716 - INFO - 测试模式：当前周期 2
2025-03-04 10:47:03,716 - INFO - 获取实时数据，股票代码: sz300677
2025-03-04 10:47:03,717 - INFO - 当前价格: 24.95
2025-03-04 10:47:03,717 - ERROR - 获取股票数据时出错: type object 'datetime.datetime' has no attribute 'datetime'
2025-03-04 10:47:03,717 - ERROR - Traceback (most recent call last):
  File "自动交易.py", line 64, in get_stock_data
    dates = [(datetime.datetime.now() - datetime.timedelta(days=i)).strftime('%Y-%m-%d') for i in range(30, 0, -1)]
  File "自动交易.py", line 64, in <listcomp>
    dates = [(datetime.datetime.now() - datetime.timedelta(days=i)).strftime('%Y-%m-%d') for i in range(30, 0, -1)]
AttributeError: type object 'datetime.datetime' has no attribute 'datetime'

2025-03-04 10:47:03,717 - WARNING - 未获取到有效数据，等待下一次尝试...
2025-03-04 10:47:13,724 - INFO - 测试模式：当前周期 3
2025-03-04 10:47:13,725 - INFO - 获取实时数据，股票代码: sz300677
2025-03-04 10:47:13,725 - INFO - 当前价格: 24.95
2025-03-04 10:47:13,725 - ERROR - 获取股票数据时出错: type object 'datetime.datetime' has no attribute 'datetime'
2025-03-04 10:47:13,726 - ERROR - Traceback (most recent call last):
  File "自动交易.py", line 64, in get_stock_data
    dates = [(datetime.datetime.now() - datetime.timedelta(days=i)).strftime('%Y-%m-%d') for i in range(30, 0, -1)]
  File "自动交易.py", line 64, in <listcomp>
    dates = [(datetime.datetime.now() - datetime.timedelta(days=i)).strftime('%Y-%m-%d') for i in range(30, 0, -1)]
AttributeError: type object 'datetime.datetime' has no attribute 'datetime'

2025-03-04 10:47:13,726 - WARNING - 未获取到有效数据，等待下一次尝试...
2025-03-04 10:47:23,740 - INFO - 测试模式：当前周期 4
2025-03-04 10:47:23,740 - INFO - 获取实时数据，股票代码: sz300677
2025-03-04 10:47:23,740 - INFO - 当前价格: 24.95
2025-03-04 10:47:23,740 - ERROR - 获取股票数据时出错: type object 'datetime.datetime' has no attribute 'datetime'
2025-03-04 10:47:23,741 - ERROR - Traceback (most recent call last):
  File "自动交易.py", line 64, in get_stock_data
    dates = [(datetime.datetime.now() - datetime.timedelta(days=i)).strftime('%Y-%m-%d') for i in range(30, 0, -1)]
  File "自动交易.py", line 64, in <listcomp>
    dates = [(datetime.datetime.now() - datetime.timedelta(days=i)).strftime('%Y-%m-%d') for i in range(30, 0, -1)]
AttributeError: type object 'datetime.datetime' has no attribute 'datetime'

2025-03-04 10:47:23,741 - WARNING - 未获取到有效数据，等待下一次尝试...
2025-03-04 10:47:33,742 - INFO - 测试模式：当前周期 5
2025-03-04 10:47:33,743 - INFO - 获取实时数据，股票代码: sz300677
2025-03-04 10:47:33,743 - INFO - 当前价格: 24.95
2025-03-04 10:47:33,743 - ERROR - 获取股票数据时出错: type object 'datetime.datetime' has no attribute 'datetime'
2025-03-04 10:47:33,743 - ERROR - Traceback (most recent call last):
  File "自动交易.py", line 64, in get_stock_data
    dates = [(datetime.datetime.now() - datetime.timedelta(days=i)).strftime('%Y-%m-%d') for i in range(30, 0, -1)]
  File "自动交易.py", line 64, in <listcomp>
    dates = [(datetime.datetime.now() - datetime.timedelta(days=i)).strftime('%Y-%m-%d') for i in range(30, 0, -1)]
AttributeError: type object 'datetime.datetime' has no attribute 'datetime'

2025-03-04 10:47:33,743 - WARNING - 未获取到有效数据，等待下一次尝试...
2025-03-04 10:47:43,760 - INFO - 测试模式：当前周期 6
2025-03-04 10:47:43,760 - INFO - 获取实时数据，股票代码: sz300677
2025-03-04 10:47:43,760 - INFO - 当前价格: 24.95
2025-03-04 10:47:43,761 - ERROR - 获取股票数据时出错: type object 'datetime.datetime' has no attribute 'datetime'
2025-03-04 10:47:43,761 - ERROR - Traceback (most recent call last):
  File "自动交易.py", line 64, in get_stock_data
    dates = [(datetime.datetime.now() - datetime.timedelta(days=i)).strftime('%Y-%m-%d') for i in range(30, 0, -1)]
  File "自动交易.py", line 64, in <listcomp>
    dates = [(datetime.datetime.now() - datetime.timedelta(days=i)).strftime('%Y-%m-%d') for i in range(30, 0, -1)]
AttributeError: type object 'datetime.datetime' has no attribute 'datetime'

2025-03-04 10:47:43,761 - WARNING - 未获取到有效数据，等待下一次尝试...
2025-03-04 10:48:38,968 - INFO - BaoStock登录成功: 0 success
2025-03-04 10:48:38,969 - INFO - 开始运行自动交易程序...
2025-03-04 10:48:38,969 - INFO - 测试模式：当前周期 1
2025-03-04 10:48:38,969 - INFO - 获取实时数据，股票代码: sz300677
2025-03-04 10:48:38,969 - INFO - 当前价格: 24.95
2025-03-04 10:48:38,969 - INFO - 模拟数据：创建明确的金叉信号
2025-03-04 10:48:38,970 - INFO - 模拟价格序列（最后10天）: [24.95, 25.448999999999998, 25.948, 26.447, 26.945999999999998, 27.45, 26.951, 26.451999999999998, 25.953, 25.454, 24.95]
2025-03-04 10:48:38,970 - ERROR - 获取股票数据时出错: arrays must all be same length
2025-03-04 10:48:38,973 - ERROR - Traceback (most recent call last):
  File "自动交易.py", line 118, in get_stock_data
    df = pd.DataFrame(sim_data)
  File "D:\ProgramData\Anaconda3\lib\site-packages\pandas\core\frame.py", line 468, in __init__
    mgr = init_dict(data, index, columns, dtype=dtype)
  File "D:\ProgramData\Anaconda3\lib\site-packages\pandas\core\internals\construction.py", line 283, in init_dict
    return arrays_to_mgr(arrays, data_names, index, columns, dtype=dtype)
  File "D:\ProgramData\Anaconda3\lib\site-packages\pandas\core\internals\construction.py", line 78, in arrays_to_mgr
    index = extract_index(arrays)
  File "D:\ProgramData\Anaconda3\lib\site-packages\pandas\core\internals\construction.py", line 397, in extract_index
    raise ValueError("arrays must all be same length")
ValueError: arrays must all be same length

2025-03-04 10:48:38,974 - WARNING - 未获取到有效数据，等待下一次尝试...
2025-03-04 10:48:48,987 - INFO - 测试模式：当前周期 2
2025-03-04 10:48:48,987 - INFO - 获取实时数据，股票代码: sz300677
2025-03-04 10:48:48,987 - INFO - 当前价格: 24.95
2025-03-04 10:48:48,987 - INFO - 模拟数据：创建明确的金叉信号
2025-03-04 10:48:48,988 - INFO - 模拟价格序列（最后10天）: [24.95, 25.448999999999998, 25.948, 26.447, 26.945999999999998, 27.45, 26.951, 26.451999999999998, 25.953, 25.454, 24.95]
2025-03-04 10:48:48,988 - ERROR - 获取股票数据时出错: arrays must all be same length
2025-03-04 10:48:48,988 - ERROR - Traceback (most recent call last):
  File "自动交易.py", line 118, in get_stock_data
    df = pd.DataFrame(sim_data)
  File "D:\ProgramData\Anaconda3\lib\site-packages\pandas\core\frame.py", line 468, in __init__
    mgr = init_dict(data, index, columns, dtype=dtype)
  File "D:\ProgramData\Anaconda3\lib\site-packages\pandas\core\internals\construction.py", line 283, in init_dict
    return arrays_to_mgr(arrays, data_names, index, columns, dtype=dtype)
  File "D:\ProgramData\Anaconda3\lib\site-packages\pandas\core\internals\construction.py", line 78, in arrays_to_mgr
    index = extract_index(arrays)
  File "D:\ProgramData\Anaconda3\lib\site-packages\pandas\core\internals\construction.py", line 397, in extract_index
    raise ValueError("arrays must all be same length")
ValueError: arrays must all be same length

2025-03-04 10:48:48,989 - WARNING - 未获取到有效数据，等待下一次尝试...
2025-03-04 10:49:22,979 - INFO - BaoStock登录成功: 0 success
2025-03-04 10:49:22,979 - INFO - 开始运行自动交易程序...
2025-03-04 10:49:22,979 - INFO - 测试模式：当前周期 1
2025-03-04 10:49:22,979 - INFO - 获取实时数据，股票代码: sz300677
2025-03-04 10:49:22,979 - INFO - 当前价格: 24.95
2025-03-04 10:49:22,980 - INFO - 模拟数据：创建明确的金叉信号
2025-03-04 10:49:22,980 - INFO - 模拟价格序列（最后10天）: [24.95, 25.448999999999998, 25.948, 26.447, 26.945999999999998, 27.45, 26.951, 26.451999999999998, 25.953, 25.454, 24.95]
2025-03-04 10:49:22,982 - INFO - 当前MA5: 25.95, 当前MA10: 26.20
2025-03-04 10:49:22,982 - INFO - 前一天MA5: 26.45, 前一天MA10: 26.20
2025-03-04 10:49:22,983 - INFO - 当前MA5: 25.95, 当前MA10: 26.20
2025-03-04 10:49:22,983 - INFO - 前一天MA5: 26.45, 前一天MA10: 26.20
2025-03-04 10:49:22,984 - INFO - 测试模式：忽略交易时间限制
2025-03-04 10:49:22,984 - INFO - 买入信号检查:
2025-03-04 10:49:22,984 - INFO -   - 5日线上穿10日线: 否
2025-03-04 10:49:22,984 - INFO -   - 价格在20日线上方: 否
2025-03-04 10:49:22,984 - INFO -   - 最终买入信号: 否
2025-03-04 10:49:32,992 - INFO - 测试模式：当前周期 2
2025-03-04 10:49:32,992 - INFO - 获取实时数据，股票代码: sz300677
2025-03-04 10:49:32,992 - INFO - 当前价格: 24.95
2025-03-04 10:49:32,992 - INFO - 模拟数据：创建明确的金叉信号
2025-03-04 10:49:32,992 - INFO - 模拟价格序列（最后10天）: [24.95, 25.448999999999998, 25.948, 26.447, 26.945999999999998, 27.45, 26.951, 26.451999999999998, 25.953, 25.454, 24.95]
2025-03-04 10:49:32,994 - INFO - 当前MA5: 25.95, 当前MA10: 26.20
2025-03-04 10:49:32,995 - INFO - 前一天MA5: 26.45, 前一天MA10: 26.20
2025-03-04 10:49:32,995 - INFO - 当前MA5: 25.95, 当前MA10: 26.20
2025-03-04 10:49:32,995 - INFO - 前一天MA5: 26.45, 前一天MA10: 26.20
2025-03-04 10:49:32,995 - INFO - 测试模式：忽略交易时间限制
2025-03-04 10:49:32,995 - INFO - 买入信号检查:
2025-03-04 10:49:32,995 - INFO -   - 5日线上穿10日线: 否
2025-03-04 10:49:32,995 - INFO -   - 价格在20日线上方: 否
2025-03-04 10:49:32,995 - INFO -   - 最终买入信号: 否
2025-03-04 10:49:43,003 - INFO - 测试模式：当前周期 3
2025-03-04 10:49:43,003 - INFO - 获取实时数据，股票代码: sz300677
2025-03-04 10:49:43,003 - INFO - 当前价格: 24.95
2025-03-04 10:49:43,004 - INFO - 测试模式：切换持仓状态为 持仓
2025-03-04 10:49:43,004 - INFO - 模拟数据：创建明确的死叉信号
2025-03-04 10:49:43,004 - INFO - 模拟价格序列（最后10天）: [27.445, 26.945999999999998, 26.447, 25.948, 25.448999999999998, 24.95, 24.451, 23.951999999999998, 23.453, 22.954, 24.95]
2025-03-04 10:49:43,006 - INFO - 当前MA5: 23.95, 当前MA10: 24.95
2025-03-04 10:49:43,006 - INFO - 前一天MA5: 23.95, 前一天MA10: 25.20
2025-03-04 10:49:43,006 - INFO - 当前MA5: 23.95, 当前MA10: 24.95
2025-03-04 10:49:43,006 - INFO - 前一天MA5: 23.95, 前一天MA10: 25.20
2025-03-04 10:49:43,007 - INFO - 测试模式：忽略交易时间限制
2025-03-04 10:49:43,007 - INFO - 卖出信号检查:
2025-03-04 10:49:43,007 - INFO -   - 5日线下穿10日线: 否
2025-03-04 10:49:43,007 - INFO -   - 止损触发: 否
2025-03-04 10:49:43,007 - INFO -   - 跟踪止损触发: 否
2025-03-04 10:49:43,007 - INFO -   - 最终卖出信号: 否
2025-03-04 10:49:53,022 - INFO - 测试模式：当前周期 4
2025-03-04 10:49:53,022 - INFO - 获取实时数据，股票代码: sz300677
2025-03-04 10:49:53,022 - INFO - 当前价格: 24.95
2025-03-04 10:49:53,023 - INFO - 模拟数据：创建明确的死叉信号
2025-03-04 10:49:53,023 - INFO - 模拟价格序列（最后10天）: [27.445, 26.945999999999998, 26.447, 25.948, 25.448999999999998, 24.95, 24.451, 23.951999999999998, 23.453, 22.954, 24.95]
2025-03-04 10:49:53,025 - INFO - 当前MA5: 23.95, 当前MA10: 24.95
2025-03-04 10:49:53,026 - INFO - 前一天MA5: 23.95, 前一天MA10: 25.20
2025-03-04 10:49:53,026 - INFO - 当前MA5: 23.95, 当前MA10: 24.95
2025-03-04 10:49:53,027 - INFO - 前一天MA5: 23.95, 前一天MA10: 25.20
2025-03-04 10:49:53,027 - INFO - 测试模式：忽略交易时间限制
2025-03-04 10:49:53,027 - INFO - 卖出信号检查:
2025-03-04 10:49:53,028 - INFO -   - 5日线下穿10日线: 否
2025-03-04 10:49:53,028 - INFO -   - 止损触发: 否
2025-03-04 10:49:53,028 - INFO -   - 跟踪止损触发: 否
2025-03-04 10:49:53,028 - INFO -   - 最终卖出信号: 否
2025-03-04 10:50:40,189 - INFO - BaoStock登录成功: 0 success
2025-03-04 10:50:40,189 - INFO - 开始运行自动交易程序...
2025-03-04 10:50:40,189 - INFO - 测试模式：当前周期 1
2025-03-04 10:50:40,189 - INFO - 获取实时数据，股票代码: sz300677
2025-03-04 10:50:40,190 - INFO - 当前价格: 24.95
2025-03-04 10:50:40,190 - INFO - 模拟数据：创建明确的金叉信号
2025-03-04 10:50:40,190 - INFO - 模拟价格序列（最后10天）: [24.95, 25.448999999999998, 25.948, 26.447, 26.945999999999998, 27.45, 26.951, 26.451999999999998, 25.953, 25.454, 24.95]
2025-03-04 10:50:40,192 - INFO - 当前MA5: 25.95, 当前MA10: 26.20
2025-03-04 10:50:40,192 - INFO - 前一天MA5: 26.45, 前一天MA10: 26.20
2025-03-04 10:50:40,192 - INFO - 当前MA5: 25.95, 当前MA10: 26.20
2025-03-04 10:50:40,192 - INFO - 前一天MA5: 26.45, 前一天MA10: 26.20
2025-03-04 10:50:40,193 - INFO - 测试模式：忽略交易时间限制
2025-03-04 10:50:40,194 - INFO - 买入信号检查:
2025-03-04 10:50:40,194 - INFO -   - 5日线上穿10日线: 否
2025-03-04 10:50:40,194 - INFO -   - 价格在20日线上方: 否
2025-03-04 10:50:40,194 - INFO -   - 最终买入信号: 否
2025-03-04 10:50:50,196 - INFO - 测试模式：当前周期 2
2025-03-04 10:50:50,196 - INFO - 获取实时数据，股票代码: sz300677
2025-03-04 10:50:50,196 - INFO - 当前价格: 24.95
2025-03-04 10:50:50,196 - INFO - 模拟数据：创建明确的金叉信号
2025-03-04 10:50:50,196 - INFO - 模拟价格序列（最后10天）: [24.95, 25.448999999999998, 25.948, 26.447, 26.945999999999998, 27.45, 26.951, 26.451999999999998, 25.953, 25.454, 24.95]
2025-03-04 10:50:50,198 - INFO - 当前MA5: 25.95, 当前MA10: 26.20
2025-03-04 10:50:50,198 - INFO - 前一天MA5: 26.45, 前一天MA10: 26.20
2025-03-04 10:50:50,199 - INFO - 当前MA5: 25.95, 当前MA10: 26.20
2025-03-04 10:50:50,199 - INFO - 前一天MA5: 26.45, 前一天MA10: 26.20
2025-03-04 10:50:50,199 - INFO - 测试模式：忽略交易时间限制
2025-03-04 10:50:50,199 - INFO - 买入信号检查:
2025-03-04 10:50:50,199 - INFO -   - 5日线上穿10日线: 否
2025-03-04 10:50:50,199 - INFO -   - 价格在20日线上方: 否
2025-03-04 10:50:50,199 - INFO -   - 最终买入信号: 否
2025-03-04 10:51:00,211 - INFO - 测试模式：当前周期 3
2025-03-04 10:51:00,211 - INFO - 获取实时数据，股票代码: sz300677
2025-03-04 10:51:00,212 - INFO - 当前价格: 24.95
2025-03-04 10:51:00,212 - INFO - 模拟数据：创建明确的金叉信号
2025-03-04 10:51:00,212 - INFO - 模拟价格序列（最后10天）: [22.455, 22.954, 23.453, 23.951999999999998, 24.451, 24.95, 25.448999999999998, 25.948, 26.447, 26.945999999999998, 24.95]
2025-03-04 10:51:00,214 - INFO - 当前MA5: 25.95, 当前MA10: 24.95
2025-03-04 10:51:00,214 - INFO - 前一天MA5: 25.95, 前一天MA10: 24.70
2025-03-04 10:51:00,215 - INFO - 当前MA5: 25.95, 当前MA10: 24.95
2025-03-04 10:51:00,215 - INFO - 前一天MA5: 25.95, 前一天MA10: 24.70
2025-03-04 10:51:00,216 - INFO - 测试模式：忽略交易时间限制
2025-03-04 10:51:00,216 - INFO - 买入信号检查:
2025-03-04 10:51:00,216 - INFO -   - 5日线上穿10日线: 否
2025-03-04 10:51:00,216 - INFO -   - 价格在20日线上方: 是
2025-03-04 10:51:00,216 - INFO - 测试模式：强制触发买入信号
2025-03-04 10:51:00,217 - INFO - 【模拟交易】买入: sz300677, 数量: 100, 价格: 24.95
2025-03-04 10:51:10,218 - INFO - 测试模式：当前周期 4
2025-03-04 10:51:10,218 - INFO - 获取实时数据，股票代码: sz300677
2025-03-04 10:51:10,218 - INFO - 当前价格: 24.95
2025-03-04 10:51:10,218 - INFO - 模拟数据：创建明确的死叉信号
2025-03-04 10:51:10,219 - INFO - 模拟价格序列（最后10天）: [27.445, 26.945999999999998, 26.447, 25.948, 25.448999999999998, 24.95, 24.451, 23.951999999999998, 23.453, 22.954, 24.95]
2025-03-04 10:51:10,221 - INFO - 当前MA5: 23.95, 当前MA10: 24.95
2025-03-04 10:51:10,221 - INFO - 前一天MA5: 23.95, 前一天MA10: 25.20
2025-03-04 10:51:10,221 - INFO - 当前MA5: 23.95, 当前MA10: 24.95
2025-03-04 10:51:10,221 - INFO - 前一天MA5: 23.95, 前一天MA10: 25.20
2025-03-04 10:51:10,221 - INFO - 测试模式：忽略交易时间限制
2025-03-04 10:51:10,222 - INFO - 卖出信号检查:
2025-03-04 10:51:10,222 - INFO -   - 5日线下穿10日线: 否
2025-03-04 10:51:10,222 - INFO -   - 止损触发: 否
2025-03-04 10:51:10,222 - INFO -   - 跟踪止损触发: 否
2025-03-04 10:51:10,222 - INFO -   - 最终卖出信号: 否
2025-03-04 10:51:24,508 - INFO - BaoStock登录成功: 0 success
2025-03-04 10:51:24,508 - INFO - 开始运行自动交易程序...
2025-03-04 10:51:24,509 - INFO - 测试模式：当前周期 1
2025-03-04 10:51:24,509 - INFO - 获取实时数据，股票代码: sz300677
2025-03-04 10:51:24,509 - INFO - 当前价格: 24.95
2025-03-04 10:51:24,509 - INFO - 模拟数据：创建明确的金叉信号
2025-03-04 10:51:24,509 - INFO - 模拟价格序列（最后10天）: [24.95, 25.448999999999998, 25.948, 26.447, 26.945999999999998, 27.45, 26.951, 26.451999999999998, 25.953, 25.454, 24.95]
2025-03-04 10:51:24,512 - INFO - 当前MA5: 25.95, 当前MA10: 26.20
2025-03-04 10:51:24,512 - INFO - 前一天MA5: 26.45, 前一天MA10: 26.20
2025-03-04 10:51:24,512 - INFO - 当前MA5: 25.95, 当前MA10: 26.20
2025-03-04 10:51:24,513 - INFO - 前一天MA5: 26.45, 前一天MA10: 26.20
2025-03-04 10:51:24,514 - INFO - 测试模式：忽略交易时间限制
2025-03-04 10:51:24,514 - INFO - 买入信号检查:
2025-03-04 10:51:24,514 - INFO -   - 5日线上穿10日线: 否
2025-03-04 10:51:24,514 - INFO -   - 价格在20日线上方: 否
2025-03-04 10:51:24,515 - INFO -   - 最终买入信号: 否
2025-03-04 10:51:34,517 - INFO - 测试模式：当前周期 2
2025-03-04 10:51:34,517 - INFO - 获取实时数据，股票代码: sz300677
2025-03-04 10:51:34,517 - INFO - 当前价格: 24.95
2025-03-04 10:51:34,517 - INFO - 模拟数据：创建明确的金叉信号
2025-03-04 10:51:34,518 - INFO - 模拟价格序列（最后10天）: [24.95, 25.448999999999998, 25.948, 26.447, 26.945999999999998, 27.45, 26.951, 26.451999999999998, 25.953, 25.454, 24.95]
2025-03-04 10:51:34,519 - INFO - 当前MA5: 25.95, 当前MA10: 26.20
2025-03-04 10:51:34,519 - INFO - 前一天MA5: 26.45, 前一天MA10: 26.20
2025-03-04 10:51:34,520 - INFO - 当前MA5: 25.95, 当前MA10: 26.20
2025-03-04 10:51:34,520 - INFO - 前一天MA5: 26.45, 前一天MA10: 26.20
2025-03-04 10:51:34,520 - INFO - 测试模式：忽略交易时间限制
2025-03-04 10:51:34,520 - INFO - 买入信号检查:
2025-03-04 10:51:34,520 - INFO -   - 5日线上穿10日线: 否
2025-03-04 10:51:34,520 - INFO -   - 价格在20日线上方: 否
2025-03-04 10:51:34,520 - INFO -   - 最终买入信号: 否
2025-03-04 10:51:44,530 - INFO - 测试模式：当前周期 3
2025-03-04 10:51:44,530 - INFO - 获取实时数据，股票代码: sz300677
2025-03-04 10:51:44,531 - INFO - 当前价格: 24.95
2025-03-04 10:51:44,531 - INFO - 模拟数据：创建明确的金叉信号
2025-03-04 10:51:44,531 - INFO - 模拟价格序列（最后10天）: [22.455, 22.954, 23.453, 23.951999999999998, 24.451, 24.95, 25.448999999999998, 25.948, 26.447, 26.945999999999998, 24.95]
2025-03-04 10:51:44,533 - INFO - 当前MA5: 25.95, 当前MA10: 24.95
2025-03-04 10:51:44,533 - INFO - 前一天MA5: 25.95, 前一天MA10: 24.70
2025-03-04 10:51:44,533 - INFO - 当前MA5: 25.95, 当前MA10: 24.95
2025-03-04 10:51:44,533 - INFO - 前一天MA5: 25.95, 前一天MA10: 24.70
2025-03-04 10:51:44,534 - INFO - 测试模式：忽略交易时间限制
2025-03-04 10:51:44,534 - INFO - 买入信号检查:
2025-03-04 10:51:44,534 - INFO -   - 5日线上穿10日线: 否
2025-03-04 10:51:44,534 - INFO -   - 价格在20日线上方: 是
2025-03-04 10:51:44,534 - INFO - 测试模式：强制触发买入信号
2025-03-04 10:51:44,534 - INFO - 【模拟交易】买入: sz300677, 数量: 100, 价格: 24.95
2025-03-04 10:51:53,292 - INFO - BaoStock登录成功: 0 success
2025-03-04 10:51:53,292 - INFO - 开始运行自动交易程序...
2025-03-04 10:51:53,293 - INFO - 测试模式：当前周期 1
2025-03-04 10:51:53,293 - INFO - 获取实时数据，股票代码: sz300677
2025-03-04 10:51:53,294 - INFO - 当前价格: 24.95
2025-03-04 10:51:53,294 - INFO - 模拟数据：创建明确的金叉信号
2025-03-04 10:51:53,294 - INFO - 模拟价格序列（最后10天）: [24.95, 25.448999999999998, 25.948, 26.447, 26.945999999999998, 27.45, 26.951, 26.451999999999998, 25.953, 25.454, 24.95]
2025-03-04 10:51:53,296 - INFO - 当前MA5: 25.95, 当前MA10: 26.20
2025-03-04 10:51:53,296 - INFO - 前一天MA5: 26.45, 前一天MA10: 26.20
2025-03-04 10:51:53,296 - INFO - 当前MA5: 25.95, 当前MA10: 26.20
2025-03-04 10:51:53,297 - INFO - 前一天MA5: 26.45, 前一天MA10: 26.20
2025-03-04 10:51:53,298 - INFO - 测试模式：忽略交易时间限制
2025-03-04 10:51:53,298 - INFO - 买入信号检查:
2025-03-04 10:51:53,298 - INFO -   - 5日线上穿10日线: 否
2025-03-04 10:51:53,298 - INFO -   - 价格在20日线上方: 否
2025-03-04 10:51:53,298 - INFO -   - 最终买入信号: 否
2025-03-04 10:51:54,538 - INFO - 测试模式：当前周期 4
2025-03-04 10:51:54,538 - INFO - 获取实时数据，股票代码: sz300677
2025-03-04 10:51:54,538 - INFO - 当前价格: 24.95
2025-03-04 10:51:54,539 - INFO - 模拟数据：创建明确的死叉信号
2025-03-04 10:51:54,539 - INFO - 模拟价格序列（最后10天）: [27.445, 26.945999999999998, 26.447, 25.948, 25.448999999999998, 24.95, 24.451, 23.951999999999998, 23.453, 22.954, 24.95]
2025-03-04 10:51:54,541 - INFO - 当前MA5: 23.95, 当前MA10: 24.95
2025-03-04 10:51:54,541 - INFO - 前一天MA5: 23.95, 前一天MA10: 25.20
2025-03-04 10:51:54,541 - INFO - 当前MA5: 23.95, 当前MA10: 24.95
2025-03-04 10:51:54,541 - INFO - 前一天MA5: 23.95, 前一天MA10: 25.20
2025-03-04 10:51:54,541 - INFO - 测试模式：忽略交易时间限制
2025-03-04 10:51:54,542 - INFO - 卖出信号检查:
2025-03-04 10:51:54,542 - INFO -   - 5日线下穿10日线: 否
2025-03-04 10:51:54,542 - INFO -   - 止损触发: 否
2025-03-04 10:51:54,542 - INFO -   - 跟踪止损触发: 否
2025-03-04 10:51:54,542 - INFO -   - 最终卖出信号: 否
2025-03-04 10:52:03,304 - INFO - 测试模式：当前周期 2
2025-03-04 10:52:03,304 - INFO - 获取实时数据，股票代码: sz300677
2025-03-04 10:52:03,304 - INFO - 当前价格: 24.95
2025-03-04 10:52:03,305 - INFO - 模拟数据：创建明确的金叉信号
2025-03-04 10:52:03,305 - INFO - 模拟价格序列（最后10天）: [24.95, 25.448999999999998, 25.948, 26.447, 26.945999999999998, 27.45, 26.951, 26.451999999999998, 25.953, 25.454, 24.95]
2025-03-04 10:52:03,307 - INFO - 当前MA5: 25.95, 当前MA10: 26.20
2025-03-04 10:52:03,307 - INFO - 前一天MA5: 26.45, 前一天MA10: 26.20
2025-03-04 10:52:03,307 - INFO - 当前MA5: 25.95, 当前MA10: 26.20
2025-03-04 10:52:03,307 - INFO - 前一天MA5: 26.45, 前一天MA10: 26.20
2025-03-04 10:52:03,308 - INFO - 测试模式：忽略交易时间限制
2025-03-04 10:52:03,308 - INFO - 买入信号检查:
2025-03-04 10:52:03,308 - INFO -   - 5日线上穿10日线: 否
2025-03-04 10:52:03,308 - INFO -   - 价格在20日线上方: 否
2025-03-04 10:52:03,308 - INFO -   - 最终买入信号: 否
2025-03-04 10:52:13,316 - INFO - 测试模式：当前周期 3
2025-03-04 10:52:13,316 - INFO - 获取实时数据，股票代码: sz300677
2025-03-04 10:52:13,317 - INFO - 当前价格: 24.95
2025-03-04 10:52:13,317 - INFO - 模拟数据：创建明确的金叉信号
2025-03-04 10:52:13,317 - INFO - 模拟价格序列（最后10天）: [22.455, 22.954, 23.453, 23.951999999999998, 24.451, 24.95, 25.448999999999998, 25.948, 26.447, 26.945999999999998, 24.95]
2025-03-04 10:52:13,319 - INFO - 当前MA5: 25.95, 当前MA10: 24.95
2025-03-04 10:52:13,319 - INFO - 前一天MA5: 25.95, 前一天MA10: 24.70
2025-03-04 10:52:13,320 - INFO - 当前MA5: 25.95, 当前MA10: 24.95
2025-03-04 10:52:13,320 - INFO - 前一天MA5: 25.95, 前一天MA10: 24.70
2025-03-04 10:52:13,320 - INFO - 测试模式：忽略交易时间限制
2025-03-04 10:52:13,320 - INFO - 买入信号检查:
2025-03-04 10:52:13,320 - INFO -   - 5日线上穿10日线: 否
2025-03-04 10:52:13,320 - INFO -   - 价格在20日线上方: 是
2025-03-04 10:52:13,320 - INFO - 测试模式：强制触发买入信号
2025-03-04 10:52:13,321 - INFO - 【模拟交易】买入: sz300677, 数量: 100, 价格: 24.95
2025-03-04 10:52:14,908 - INFO - BaoStock登录成功: 0 success
2025-03-04 10:52:14,909 - INFO - 开始运行自动交易程序...
2025-03-04 10:52:14,909 - INFO - 测试模式：当前周期 1
2025-03-04 10:52:14,909 - INFO - 获取实时数据，股票代码: sz300677
2025-03-04 10:52:14,909 - INFO - 当前价格: 24.95
2025-03-04 10:52:14,910 - INFO - 模拟数据：创建明确的金叉信号
2025-03-04 10:52:14,910 - INFO - 模拟价格序列（最后10天）: [24.95, 25.448999999999998, 25.948, 26.447, 26.945999999999998, 27.45, 26.951, 26.451999999999998, 25.953, 25.454, 24.95]
2025-03-04 10:52:14,912 - INFO - 当前MA5: 25.95, 当前MA10: 26.20
2025-03-04 10:52:14,912 - INFO - 前一天MA5: 26.45, 前一天MA10: 26.20
2025-03-04 10:52:14,912 - INFO - 当前MA5: 25.95, 当前MA10: 26.20
2025-03-04 10:52:14,913 - INFO - 前一天MA5: 26.45, 前一天MA10: 26.20
2025-03-04 10:52:14,914 - INFO - 测试模式：忽略交易时间限制
2025-03-04 10:52:14,915 - INFO - 买入信号检查:
2025-03-04 10:52:14,915 - INFO -   - 5日线上穿10日线: 否
2025-03-04 10:52:14,915 - INFO -   - 价格在20日线上方: 否
2025-03-04 10:52:14,915 - INFO -   - 最终买入信号: 否
2025-03-04 10:52:23,334 - INFO - 测试模式：当前周期 4
2025-03-04 10:52:23,334 - INFO - 获取实时数据，股票代码: sz300677
2025-03-04 10:52:23,335 - INFO - 当前价格: 24.95
2025-03-04 10:52:23,335 - INFO - 模拟数据：创建明确的死叉信号
2025-03-04 10:52:23,335 - INFO - 模拟价格序列（最后10天）: [27.445, 26.945999999999998, 26.447, 25.948, 25.448999999999998, 24.95, 24.451, 23.951999999999998, 23.453, 22.954, 24.95]
2025-03-04 10:52:23,337 - INFO - 当前MA5: 23.95, 当前MA10: 24.95
2025-03-04 10:52:23,337 - INFO - 前一天MA5: 23.95, 前一天MA10: 25.20
2025-03-04 10:52:23,337 - INFO - 当前MA5: 23.95, 当前MA10: 24.95
2025-03-04 10:52:23,337 - INFO - 前一天MA5: 23.95, 前一天MA10: 25.20
2025-03-04 10:52:23,338 - INFO - 测试模式：忽略交易时间限制
2025-03-04 10:52:23,338 - INFO - 卖出信号检查:
2025-03-04 10:52:23,338 - INFO -   - 5日线下穿10日线: 否
2025-03-04 10:52:23,338 - INFO -   - 止损触发: 否
2025-03-04 10:52:23,338 - INFO -   - 跟踪止损触发: 否
2025-03-04 10:52:23,338 - INFO -   - 最终卖出信号: 否
2025-03-04 10:52:24,918 - INFO - 测试模式：当前周期 2
2025-03-04 10:52:24,918 - INFO - 获取实时数据，股票代码: sz300677
2025-03-04 10:52:24,918 - INFO - 当前价格: 24.95
2025-03-04 10:52:24,918 - INFO - 模拟数据：创建明确的金叉信号
2025-03-04 10:52:24,918 - INFO - 模拟价格序列（最后10天）: [24.95, 25.448999999999998, 25.948, 26.447, 26.945999999999998, 27.45, 26.951, 26.451999999999998, 25.953, 25.454, 24.95]
2025-03-04 10:52:24,920 - INFO - 当前MA5: 25.95, 当前MA10: 26.20
2025-03-04 10:52:24,921 - INFO - 前一天MA5: 26.45, 前一天MA10: 26.20
2025-03-04 10:52:24,921 - INFO - 当前MA5: 25.95, 当前MA10: 26.20
2025-03-04 10:52:24,921 - INFO - 前一天MA5: 26.45, 前一天MA10: 26.20
2025-03-04 10:52:24,921 - INFO - 测试模式：忽略交易时间限制
2025-03-04 10:52:24,921 - INFO - 买入信号检查:
2025-03-04 10:52:24,921 - INFO -   - 5日线上穿10日线: 否
2025-03-04 10:52:24,921 - INFO -   - 价格在20日线上方: 否
2025-03-04 10:52:24,922 - INFO -   - 最终买入信号: 否
2025-03-04 10:52:33,352 - INFO - 测试模式：当前周期 5
2025-03-04 10:52:33,352 - INFO - 获取实时数据，股票代码: sz300677
2025-03-04 10:52:33,352 - INFO - 当前价格: 24.95
2025-03-04 10:52:33,353 - INFO - 模拟数据：创建明确的死叉信号
2025-03-04 10:52:33,353 - INFO - 模拟价格序列（最后10天）: [27.445, 26.945999999999998, 26.447, 25.948, 25.448999999999998, 24.95, 24.451, 23.951999999999998, 23.453, 22.954, 24.95]
2025-03-04 10:52:33,355 - INFO - 当前MA5: 23.95, 当前MA10: 24.95
2025-03-04 10:52:33,355 - INFO - 前一天MA5: 23.95, 前一天MA10: 25.20
2025-03-04 10:52:33,355 - INFO - 当前MA5: 23.95, 当前MA10: 24.95
2025-03-04 10:52:33,355 - INFO - 前一天MA5: 23.95, 前一天MA10: 25.20
2025-03-04 10:52:33,355 - INFO - 测试模式：忽略交易时间限制
2025-03-04 10:52:33,355 - INFO - 卖出信号检查:
2025-03-04 10:52:33,355 - INFO -   - 5日线下穿10日线: 否
2025-03-04 10:52:33,356 - INFO -   - 止损触发: 否
2025-03-04 10:52:33,356 - INFO -   - 跟踪止损触发: 否
2025-03-04 10:52:33,356 - INFO -   - 最终卖出信号: 否
2025-03-04 10:52:34,927 - INFO - 测试模式：当前周期 3
2025-03-04 10:52:34,927 - INFO - 获取实时数据，股票代码: sz300677
2025-03-04 10:52:34,927 - INFO - 当前价格: 24.95
2025-03-04 10:52:34,928 - INFO - 模拟数据：创建明确的金叉信号
2025-03-04 10:52:34,928 - INFO - 模拟价格序列（最后10天）: [22.455, 22.954, 23.453, 23.951999999999998, 24.451, 24.95, 25.448999999999998, 25.948, 26.447, 26.945999999999998, 24.95]
2025-03-04 10:52:34,930 - INFO - 当前MA5: 25.95, 当前MA10: 24.95
2025-03-04 10:52:34,931 - INFO - 前一天MA5: 25.95, 前一天MA10: 24.70
2025-03-04 10:52:34,931 - INFO - 当前MA5: 25.95, 当前MA10: 24.95
2025-03-04 10:52:34,931 - INFO - 前一天MA5: 25.95, 前一天MA10: 24.70
2025-03-04 10:52:34,931 - INFO - 测试模式：忽略交易时间限制
2025-03-04 10:52:34,931 - INFO - 买入信号检查:
2025-03-04 10:52:34,931 - INFO -   - 5日线上穿10日线: 否
2025-03-04 10:52:34,931 - INFO -   - 价格在20日线上方: 是
2025-03-04 10:52:34,932 - INFO - 测试模式：强制触发买入信号
2025-03-04 10:52:34,932 - INFO - 【模拟交易】买入: sz300677, 数量: 100, 价格: 24.95
2025-03-04 10:52:44,940 - INFO - 测试模式：当前周期 4
2025-03-04 10:52:44,940 - INFO - 获取实时数据，股票代码: sz300677
2025-03-04 10:52:44,940 - INFO - 当前价格: 24.95
2025-03-04 10:52:44,941 - INFO - 模拟数据：创建明确的死叉信号
2025-03-04 10:52:44,941 - INFO - 模拟价格序列（最后10天）: [27.445, 26.945999999999998, 26.447, 25.948, 25.448999999999998, 24.95, 24.451, 23.951999999999998, 23.453, 22.954, 24.95]
2025-03-04 10:52:44,943 - INFO - 当前MA5: 23.95, 当前MA10: 24.95
2025-03-04 10:52:44,943 - INFO - 前一天MA5: 23.95, 前一天MA10: 25.20
2025-03-04 10:52:44,943 - INFO - 当前MA5: 23.95, 当前MA10: 24.95
2025-03-04 10:52:44,944 - INFO - 前一天MA5: 23.95, 前一天MA10: 25.20
2025-03-04 10:52:44,944 - INFO - 测试模式：忽略交易时间限制
2025-03-04 10:52:44,944 - INFO - 卖出信号检查:
2025-03-04 10:52:44,944 - INFO -   - 5日线下穿10日线: 否
2025-03-04 10:52:44,944 - INFO -   - 止损触发: 否
2025-03-04 10:52:44,944 - INFO -   - 跟踪止损触发: 否
2025-03-04 10:52:44,944 - INFO -   - 最终卖出信号: 否
2025-03-04 11:03:06,478 - INFO - BaoStock登录成功: 0 success
2025-03-04 11:03:06,479 - INFO - 开始运行自动交易程序...
2025-03-04 11:03:06,479 - INFO - 测试模式：当前周期 1
2025-03-04 11:03:06,479 - INFO - 获取实时数据，股票代码: sz300677
2025-03-04 11:03:06,480 - INFO - 当前价格: 24.95
2025-03-04 11:03:06,480 - INFO - 模拟数据：创建明确的金叉信号
2025-03-04 11:03:06,480 - INFO - 模拟价格序列（最后10天）: [24.95, 25.448999999999998, 25.948, 26.447, 26.945999999999998, 27.45, 26.951, 26.451999999999998, 25.953, 25.454, 24.95]
2025-03-04 11:03:06,502 - INFO - 当前MA5: 25.95, 当前MA10: 26.20
2025-03-04 11:03:06,502 - INFO - 前一天MA5: 26.45, 前一天MA10: 26.20
2025-03-04 11:03:06,502 - INFO - 当前RSI: 50.00, 当前MACD: 0.24
2025-03-04 11:03:06,503 - INFO - 当前KDJ - K: 36.70, D: 55.12, J: -0.14
2025-03-04 11:03:06,503 - INFO - 当前MA5: 25.95, 当前MA10: 26.20
2025-03-04 11:03:06,503 - INFO - 前一天MA5: 26.45, 前一天MA10: 26.20
2025-03-04 11:03:06,503 - INFO - 当前RSI: 50.00, 前一天RSI: 55.60
2025-03-04 11:03:06,503 - INFO - 当前MACD: 0.24, 当前Signal: 0.31
2025-03-04 11:03:06,503 - INFO - 当前KDJ - K: 36.70, D: 55.12, J: -0.14
2025-03-04 11:03:06,505 - INFO - 测试模式：忽略交易时间限制
2025-03-04 11:03:06,505 - INFO - 买入信号检查:
2025-03-04 11:03:06,505 - INFO -   - 5日线上穿10日线: 否
2025-03-04 11:03:06,505 - INFO -   - 价格在20日线上方: 否
2025-03-04 11:03:06,506 - INFO -   - RSI超卖反弹: 否
2025-03-04 11:03:06,506 - INFO -   - MACD金叉: 否
2025-03-04 11:03:06,506 - INFO -   - KDJ金叉: 否
2025-03-04 11:03:06,506 - INFO -   - 布林带下轨反弹: 否
2025-03-04 11:03:06,506 - INFO -   - 成交量放大: 否
2025-03-04 11:03:06,506 - INFO -   - 最终买入信号: 否
2025-03-04 11:03:16,518 - INFO - 测试模式：当前周期 2
2025-03-04 11:03:16,518 - INFO - 获取实时数据，股票代码: sz300677
2025-03-04 11:03:16,518 - INFO - 当前价格: 24.95
2025-03-04 11:03:16,518 - INFO - 模拟数据：创建明确的金叉信号
2025-03-04 11:03:16,518 - INFO - 模拟价格序列（最后10天）: [24.95, 25.448999999999998, 25.948, 26.447, 26.945999999999998, 27.45, 26.951, 26.451999999999998, 25.953, 25.454, 24.95]
2025-03-04 11:03:16,526 - INFO - 当前MA5: 25.95, 当前MA10: 26.20
2025-03-04 11:03:16,526 - INFO - 前一天MA5: 26.45, 前一天MA10: 26.20
2025-03-04 11:03:16,527 - INFO - 当前RSI: 50.00, 当前MACD: 0.24
2025-03-04 11:03:16,527 - INFO - 当前KDJ - K: 35.64, D: 54.39, J: -1.85
2025-03-04 11:03:16,527 - INFO - 当前MA5: 25.95, 当前MA10: 26.20
2025-03-04 11:03:16,527 - INFO - 前一天MA5: 26.45, 前一天MA10: 26.20
2025-03-04 11:03:16,527 - INFO - 当前RSI: 50.00, 前一天RSI: 55.60
2025-03-04 11:03:16,527 - INFO - 当前MACD: 0.24, 当前Signal: 0.31
2025-03-04 11:03:16,527 - INFO - 当前KDJ - K: 35.64, D: 54.39, J: -1.85
2025-03-04 11:03:16,528 - INFO - 测试模式：忽略交易时间限制
2025-03-04 11:03:16,528 - INFO - 买入信号检查:
2025-03-04 11:03:16,528 - INFO -   - 5日线上穿10日线: 否
2025-03-04 11:03:16,528 - INFO -   - 价格在20日线上方: 否
2025-03-04 11:03:16,528 - INFO -   - RSI超卖反弹: 否
2025-03-04 11:03:16,529 - INFO -   - MACD金叉: 否
2025-03-04 11:03:16,529 - INFO -   - KDJ金叉: 否
2025-03-04 11:03:16,529 - INFO -   - 布林带下轨反弹: 否
2025-03-04 11:03:16,529 - INFO -   - 成交量放大: 否
2025-03-04 11:03:16,529 - INFO -   - 最终买入信号: 否
2025-03-04 11:03:26,529 - INFO - 测试模式：当前周期 3
2025-03-04 11:03:26,529 - INFO - 获取实时数据，股票代码: sz300677
2025-03-04 11:03:26,530 - INFO - 当前价格: 24.95
2025-03-04 11:03:26,530 - INFO - 模拟数据：创建明确的金叉信号
2025-03-04 11:03:26,530 - INFO - 模拟价格序列（最后10天）: [22.455, 22.954, 23.453, 23.951999999999998, 24.451, 24.95, 25.448999999999998, 25.948, 26.447, 26.945999999999998, 24.95]
2025-03-04 11:03:26,539 - INFO - 当前MA5: 25.95, 当前MA10: 24.95
2025-03-04 11:03:26,539 - INFO - 前一天MA5: 25.95, 前一天MA10: 24.70
2025-03-04 11:03:26,539 - INFO - 当前RSI: 50.00, 当前MACD: 0.25
2025-03-04 11:03:26,539 - INFO - 当前KDJ - K: 72.79, D: 75.57, J: 67.24
2025-03-04 11:03:26,540 - INFO - 当前MA5: 25.95, 当前MA10: 24.95
2025-03-04 11:03:26,540 - INFO - 前一天MA5: 25.95, 前一天MA10: 24.70
2025-03-04 11:03:26,540 - INFO - 当前RSI: 50.00, 前一天RSI: 64.29
2025-03-04 11:03:26,540 - INFO - 当前MACD: 0.25, 当前Signal: 0.04
2025-03-04 11:03:26,540 - INFO - 当前KDJ - K: 72.79, D: 75.57, J: 67.24
2025-03-04 11:03:26,540 - INFO - 测试模式：忽略交易时间限制
2025-03-04 11:03:26,540 - INFO - 买入信号检查:
2025-03-04 11:03:26,540 - INFO -   - 5日线上穿10日线: 否
2025-03-04 11:03:26,540 - INFO -   - 价格在20日线上方: 是
2025-03-04 11:03:26,541 - INFO -   - RSI超卖反弹: 否
2025-03-04 11:03:26,541 - INFO -   - MACD金叉: 否
2025-03-04 11:03:26,541 - INFO -   - KDJ金叉: 否
2025-03-04 11:03:26,541 - INFO -   - 布林带下轨反弹: 否
2025-03-04 11:03:26,541 - INFO -   - 成交量放大: 是
2025-03-04 11:03:26,541 - INFO - 测试模式：强制触发买入信号
2025-03-04 11:03:26,541 - INFO - 【模拟交易】买入: sz300677, 数量: 100, 价格: 24.95
2025-03-04 11:03:37,583 - INFO - BaoStock登录成功: 0 success
2025-03-04 11:03:37,584 - INFO - 开始运行自动交易程序...
2025-03-04 11:03:37,584 - INFO - 测试模式：当前周期 1
2025-03-04 11:03:37,584 - INFO - 获取实时数据，股票代码: sz300677
2025-03-04 11:03:37,584 - INFO - 当前价格: 24.95
2025-03-04 11:03:37,585 - INFO - 模拟数据：创建明确的金叉信号
2025-03-04 11:03:37,585 - INFO - 模拟价格序列（最后10天）: [24.95, 25.448999999999998, 25.948, 26.447, 26.945999999999998, 27.45, 26.951, 26.451999999999998, 25.953, 25.454, 24.95]
2025-03-04 11:03:37,598 - INFO - 当前MA5: 25.95, 当前MA10: 26.20
2025-03-04 11:03:37,598 - INFO - 前一天MA5: 26.45, 前一天MA10: 26.20
2025-03-04 11:03:37,598 - INFO - 当前RSI: 50.00, 当前MACD: 0.24
2025-03-04 11:03:37,599 - INFO - 当前KDJ - K: 34.74, D: 53.23, J: -2.24
2025-03-04 11:03:37,599 - INFO - 当前MA5: 25.95, 当前MA10: 26.20
2025-03-04 11:03:37,599 - INFO - 前一天MA5: 26.45, 前一天MA10: 26.20
2025-03-04 11:03:37,599 - INFO - 当前RSI: 50.00, 前一天RSI: 55.60
2025-03-04 11:03:37,600 - INFO - 当前MACD: 0.24, 当前Signal: 0.31
2025-03-04 11:03:37,600 - INFO - 当前KDJ - K: 34.74, D: 53.23, J: -2.24
2025-03-04 11:03:37,601 - INFO - 测试模式：忽略交易时间限制
2025-03-04 11:03:37,601 - INFO - 买入信号检查:
2025-03-04 11:03:37,602 - INFO -   - 5日线上穿10日线: 否
2025-03-04 11:03:37,602 - INFO -   - 价格在20日线上方: 否
2025-03-04 11:03:37,602 - INFO -   - RSI超卖反弹: 否
2025-03-04 11:03:37,602 - INFO -   - MACD金叉: 否
2025-03-04 11:03:37,602 - INFO -   - KDJ金叉: 否
2025-03-04 11:03:37,602 - INFO -   - 布林带下轨反弹: 否
2025-03-04 11:03:37,603 - INFO -   - 成交量放大: 是
2025-03-04 11:03:37,603 - INFO -   - 最终买入信号: 否
2025-03-04 11:03:47,617 - INFO - 测试模式：当前周期 2
2025-03-04 11:03:47,617 - INFO - 获取实时数据，股票代码: sz300677
2025-03-04 11:03:47,617 - INFO - 当前价格: 24.95
2025-03-04 11:03:47,617 - INFO - 模拟数据：创建明确的金叉信号
2025-03-04 11:03:47,617 - INFO - 模拟价格序列（最后10天）: [24.95, 25.448999999999998, 25.948, 26.447, 26.945999999999998, 27.45, 26.951, 26.451999999999998, 25.953, 25.454, 24.95]
2025-03-04 11:03:47,625 - INFO - 当前MA5: 25.95, 当前MA10: 26.20
2025-03-04 11:03:47,626 - INFO - 前一天MA5: 26.45, 前一天MA10: 26.20
2025-03-04 11:03:47,626 - INFO - 当前RSI: 50.00, 当前MACD: 0.24
2025-03-04 11:03:47,626 - INFO - 当前KDJ - K: 34.55, D: 52.94, J: -2.24
2025-03-04 11:03:47,626 - INFO - 当前MA5: 25.95, 当前MA10: 26.20
2025-03-04 11:03:47,627 - INFO - 前一天MA5: 26.45, 前一天MA10: 26.20
2025-03-04 11:03:47,627 - INFO - 当前RSI: 50.00, 前一天RSI: 55.60
2025-03-04 11:03:47,627 - INFO - 当前MACD: 0.24, 当前Signal: 0.31
2025-03-04 11:03:47,627 - INFO - 当前KDJ - K: 34.55, D: 52.94, J: -2.24
2025-03-04 11:03:47,627 - INFO - 测试模式：忽略交易时间限制
2025-03-04 11:03:47,627 - INFO - 买入信号检查:
2025-03-04 11:03:47,628 - INFO -   - 5日线上穿10日线: 否
2025-03-04 11:03:47,628 - INFO -   - 价格在20日线上方: 否
2025-03-04 11:03:47,628 - INFO -   - RSI超卖反弹: 否
2025-03-04 11:03:47,629 - INFO -   - MACD金叉: 否
2025-03-04 11:03:47,629 - INFO -   - KDJ金叉: 否
2025-03-04 11:03:47,629 - INFO -   - 布林带下轨反弹: 否
2025-03-04 11:03:47,629 - INFO -   - 成交量放大: 是
2025-03-04 11:03:47,629 - INFO -   - 最终买入信号: 否
2025-03-04 11:03:57,630 - INFO - 测试模式：当前周期 3
2025-03-04 11:03:57,630 - INFO - 获取实时数据，股票代码: sz300677
2025-03-04 11:03:57,630 - INFO - 当前价格: 24.95
2025-03-04 11:03:57,631 - INFO - 模拟数据：创建明确的金叉信号
2025-03-04 11:03:57,631 - INFO - 模拟价格序列（最后10天）: [22.455, 22.954, 23.453, 23.951999999999998, 24.451, 24.95, 25.448999999999998, 25.948, 26.447, 26.945999999999998, 24.95]
2025-03-04 11:03:57,639 - INFO - 当前MA5: 25.95, 当前MA10: 24.95
2025-03-04 11:03:57,639 - INFO - 前一天MA5: 25.95, 前一天MA10: 24.70
2025-03-04 11:03:57,639 - INFO - 当前RSI: 50.00, 当前MACD: 0.25
2025-03-04 11:03:57,640 - INFO - 当前KDJ - K: 70.44, D: 73.91, J: 63.49
2025-03-04 11:03:57,640 - INFO - 当前MA5: 25.95, 当前MA10: 24.95
2025-03-04 11:03:57,640 - INFO - 前一天MA5: 25.95, 前一天MA10: 24.70
2025-03-04 11:03:57,640 - INFO - 当前RSI: 50.00, 前一天RSI: 64.29
2025-03-04 11:03:57,641 - INFO - 当前MACD: 0.25, 当前Signal: 0.04
2025-03-04 11:03:57,641 - INFO - 当前KDJ - K: 70.44, D: 73.91, J: 63.49
2025-03-04 11:03:57,641 - INFO - 测试模式：忽略交易时间限制
2025-03-04 11:03:57,641 - INFO - 买入信号检查:
2025-03-04 11:03:57,642 - INFO -   - 5日线上穿10日线: 否
2025-03-04 11:03:57,642 - INFO -   - 价格在20日线上方: 是
2025-03-04 11:03:57,642 - INFO -   - RSI超卖反弹: 否
2025-03-04 11:03:57,642 - INFO -   - MACD金叉: 否
2025-03-04 11:03:57,642 - INFO -   - KDJ金叉: 否
2025-03-04 11:03:57,642 - INFO -   - 布林带下轨反弹: 否
2025-03-04 11:03:57,642 - INFO -   - 成交量放大: 否
2025-03-04 11:03:57,643 - INFO - 测试模式：强制触发买入信号
2025-03-04 11:03:57,643 - INFO - 【模拟交易】买入: sz300677, 数量: 100, 价格: 24.95
2025-03-04 11:06:36,380 - INFO - BaoStock登录成功: 0 success
2025-03-04 11:06:36,381 - INFO - 开始运行自动交易程序...
2025-03-04 11:06:36,381 - INFO - 测试模式：当前周期 1
2025-03-04 11:06:36,381 - INFO - 当前价格: 24.95
2025-03-04 11:06:36,381 - INFO - 模拟数据：创建明确的金叉信号
2025-03-04 11:06:36,381 - INFO - 模拟价格序列（最后10天）: [29.45, 28.95, 28.45, 27.95, 27.45, 26.95, 26.45, 25.95, 25.45, 24.95]
2025-03-04 11:06:36,393 - INFO - 当前MA5: 25.95, 当前MA10: 27.20
2025-03-04 11:06:36,394 - INFO - 前一天MA5: 26.45, 前一天MA10: 27.20
2025-03-04 11:06:36,394 - INFO - 当前RSI: 50.00, 当前MACD: 0.25
2025-03-04 11:06:36,394 - INFO - 当前KDJ - K: 17.75, D: 36.63, J: -20.01
2025-03-04 11:06:36,395 - INFO - 当前MA5: 25.95, 当前MA10: 27.20
2025-03-04 11:06:36,395 - INFO - 前一天MA5: 26.45, 前一天MA10: 27.20
2025-03-04 11:06:36,395 - INFO - 当前RSI: 50.00, 前一天RSI: 52.94
2025-03-04 11:06:36,395 - INFO - 当前MACD: 0.25, 当前Signal: 0.47
2025-03-04 11:06:36,395 - INFO - 当前KDJ - K: 17.75, D: 36.63, J: -20.01
2025-03-04 11:06:36,397 - INFO - 测试模式：忽略交易时间限制
2025-03-04 11:06:36,397 - INFO - 买入信号检查:
2025-03-04 11:06:36,397 - INFO -   - 5日线上穿10日线: 否
2025-03-04 11:06:36,397 - INFO -   - 价格在20日线上方: 否
2025-03-04 11:06:36,397 - INFO -   - RSI超卖反弹: 否
2025-03-04 11:06:36,398 - INFO -   - MACD金叉: 否
2025-03-04 11:06:36,398 - INFO -   - KDJ金叉: 否
2025-03-04 11:06:36,398 - INFO -   - 布林带下轨反弹: 否
2025-03-04 11:06:36,398 - INFO -   - 成交量放大: 是
2025-03-04 11:06:36,398 - INFO -   - 最终买入信号: 否
2025-03-04 11:06:46,408 - INFO - 测试模式：当前周期 2
2025-03-04 11:06:46,408 - INFO - 当前价格: 24.95
2025-03-04 11:06:46,408 - INFO - 模拟数据：创建明确的金叉信号
2025-03-04 11:06:46,408 - INFO - 模拟价格序列（最后10天）: [29.45, 28.95, 28.45, 27.95, 27.45, 26.95, 26.45, 25.95, 25.45, 24.95]
2025-03-04 11:06:46,415 - INFO - 当前MA5: 25.95, 当前MA10: 27.20
2025-03-04 11:06:46,416 - INFO - 前一天MA5: 26.45, 前一天MA10: 27.20
2025-03-04 11:06:46,416 - INFO - 当前RSI: 50.00, 当前MACD: 0.25
2025-03-04 11:06:46,416 - INFO - 当前KDJ - K: 17.75, D: 36.63, J: -20.01
2025-03-04 11:06:46,416 - INFO - 当前MA5: 25.95, 当前MA10: 27.20
2025-03-04 11:06:46,416 - INFO - 前一天MA5: 26.45, 前一天MA10: 27.20
2025-03-04 11:06:46,416 - INFO - 当前RSI: 50.00, 前一天RSI: 52.94
2025-03-04 11:06:46,416 - INFO - 当前MACD: 0.25, 当前Signal: 0.47
2025-03-04 11:06:46,416 - INFO - 当前KDJ - K: 17.75, D: 36.63, J: -20.01
2025-03-04 11:06:46,417 - INFO - 测试模式：忽略交易时间限制
2025-03-04 11:06:46,417 - INFO - 买入信号检查:
2025-03-04 11:06:46,417 - INFO -   - 5日线上穿10日线: 否
2025-03-04 11:06:46,417 - INFO -   - 价格在20日线上方: 否
2025-03-04 11:06:46,417 - INFO -   - RSI超卖反弹: 否
2025-03-04 11:06:46,418 - INFO -   - MACD金叉: 否
2025-03-04 11:06:46,418 - INFO -   - KDJ金叉: 否
2025-03-04 11:06:46,418 - INFO -   - 布林带下轨反弹: 否
2025-03-04 11:06:46,418 - INFO -   - 成交量放大: 是
2025-03-04 11:06:46,418 - INFO -   - 最终买入信号: 否
2025-03-04 11:06:56,427 - INFO - 测试模式：当前周期 3
2025-03-04 11:06:56,427 - INFO - 当前价格: 24.95
2025-03-04 11:06:56,427 - INFO - 模拟数据：创建明确的金叉信号
2025-03-04 11:06:56,428 - INFO - 模拟价格序列（最后10天）: [22.45, 22.95, 23.45, 23.95, 24.45, 24.95, 25.45, 25.95, 26.45, 26.95]
2025-03-04 11:06:56,434 - INFO - 当前MA5: 25.95, 当前MA10: 24.70
2025-03-04 11:06:56,435 - INFO - 前一天MA5: 25.45, 前一天MA10: 24.50
2025-03-04 11:06:56,435 - INFO - 当前RSI: 64.29, 当前MACD: 0.30
2025-03-04 11:06:56,435 - INFO - 当前KDJ - K: 94.78, D: 83.55, J: 117.24
2025-03-04 11:06:56,435 - INFO - 当前MA5: 25.95, 当前MA10: 24.70
2025-03-04 11:06:56,436 - INFO - 前一天MA5: 25.45, 前一天MA10: 24.50
2025-03-04 11:06:56,436 - INFO - 当前RSI: 64.29, 前一天RSI: 61.54
2025-03-04 11:06:56,436 - INFO - 当前MACD: 0.30, 当前Signal: -0.01
2025-03-04 11:06:56,436 - INFO - 当前KDJ - K: 94.78, D: 83.55, J: 117.24
2025-03-04 11:06:56,436 - INFO - 测试模式：忽略交易时间限制
2025-03-04 11:06:56,436 - INFO - 测试模式：强制触发买入信号
2025-03-04 11:06:56,436 - INFO - 【模拟交易】买入: sz300677, 数量: 100, 价格: 26.95
2025-03-04 11:07:12,099 - INFO - BaoStock登录成功: 0 success
2025-03-04 11:07:12,099 - INFO - 开始运行自动交易程序...
2025-03-04 11:07:12,099 - INFO - 测试模式：当前周期 1
2025-03-04 11:07:12,100 - INFO - 当前价格: 24.95
2025-03-04 11:07:12,100 - INFO - 模拟数据：创建明确的金叉信号
2025-03-04 11:07:12,100 - INFO - 模拟价格序列（最后10天）: [29.45, 28.95, 28.45, 27.95, 27.45, 26.95, 26.45, 25.95, 25.45, 24.95]
2025-03-04 11:07:12,112 - INFO - 当前MA5: 25.95, 当前MA10: 27.20
2025-03-04 11:07:12,113 - INFO - 前一天MA5: 26.45, 前一天MA10: 27.20
2025-03-04 11:07:12,113 - INFO - 当前RSI: 50.00, 当前MACD: 0.25
2025-03-04 11:07:12,113 - INFO - 当前KDJ - K: 17.75, D: 36.63, J: -20.01
2025-03-04 11:07:12,114 - INFO - 当前MA5: 25.95, 当前MA10: 27.20
2025-03-04 11:07:12,114 - INFO - 前一天MA5: 26.45, 前一天MA10: 27.20
2025-03-04 11:07:12,114 - INFO - 当前RSI: 50.00, 前一天RSI: 52.94
2025-03-04 11:07:12,114 - INFO - 当前MACD: 0.25, 当前Signal: 0.47
2025-03-04 11:07:12,114 - INFO - 当前KDJ - K: 17.75, D: 36.63, J: -20.01
2025-03-04 11:07:12,115 - INFO - 测试模式：忽略交易时间限制
2025-03-04 11:07:12,116 - INFO - 买入信号检查:
2025-03-04 11:07:12,116 - INFO -   - 5日线上穿10日线: 否
2025-03-04 11:07:12,116 - INFO -   - 价格在20日线上方: 否
2025-03-04 11:07:12,117 - INFO -   - RSI超卖反弹: 否
2025-03-04 11:07:12,117 - INFO -   - MACD金叉: 否
2025-03-04 11:07:12,117 - INFO -   - KDJ金叉: 否
2025-03-04 11:07:12,117 - INFO -   - 布林带下轨反弹: 否
2025-03-04 11:07:12,117 - INFO -   - 成交量放大: 是
2025-03-04 11:07:12,118 - INFO -   - 最终买入信号: 否
2025-03-04 11:07:22,119 - INFO - 测试模式：当前周期 2
2025-03-04 11:07:22,119 - INFO - 当前价格: 24.95
2025-03-04 11:07:22,119 - INFO - 模拟数据：创建明确的金叉信号
2025-03-04 11:07:22,120 - INFO - 模拟价格序列（最后10天）: [29.45, 28.95, 28.45, 27.95, 27.45, 26.95, 26.45, 25.95, 25.45, 24.95]
2025-03-04 11:07:22,126 - INFO - 当前MA5: 25.95, 当前MA10: 27.20
2025-03-04 11:07:22,126 - INFO - 前一天MA5: 26.45, 前一天MA10: 27.20
2025-03-04 11:07:22,126 - INFO - 当前RSI: 50.00, 当前MACD: 0.25
2025-03-04 11:07:22,127 - INFO - 当前KDJ - K: 17.75, D: 36.63, J: -20.01
2025-03-04 11:07:22,127 - INFO - 当前MA5: 25.95, 当前MA10: 27.20
2025-03-04 11:07:22,127 - INFO - 前一天MA5: 26.45, 前一天MA10: 27.20
2025-03-04 11:07:22,127 - INFO - 当前RSI: 50.00, 前一天RSI: 52.94
2025-03-04 11:07:22,127 - INFO - 当前MACD: 0.25, 当前Signal: 0.47
2025-03-04 11:07:22,127 - INFO - 当前KDJ - K: 17.75, D: 36.63, J: -20.01
2025-03-04 11:07:22,127 - INFO - 测试模式：忽略交易时间限制
2025-03-04 11:07:22,128 - INFO - 买入信号检查:
2025-03-04 11:07:22,128 - INFO -   - 5日线上穿10日线: 否
2025-03-04 11:07:22,128 - INFO -   - 价格在20日线上方: 否
2025-03-04 11:07:22,128 - INFO -   - RSI超卖反弹: 否
2025-03-04 11:07:22,129 - INFO -   - MACD金叉: 否
2025-03-04 11:07:22,129 - INFO -   - KDJ金叉: 否
2025-03-04 11:07:22,129 - INFO -   - 布林带下轨反弹: 否
2025-03-04 11:07:22,129 - INFO -   - 成交量放大: 是
2025-03-04 11:07:22,129 - INFO -   - 最终买入信号: 否
2025-03-04 11:07:32,134 - INFO - 测试模式：当前周期 3
2025-03-04 11:07:32,134 - INFO - 当前价格: 24.95
2025-03-04 11:07:32,135 - INFO - 模拟数据：创建明确的金叉信号
2025-03-04 11:07:32,135 - INFO - 模拟价格序列（最后10天）: [22.45, 22.95, 23.45, 23.95, 24.45, 24.95, 25.45, 25.95, 26.45, 26.95]
2025-03-04 11:07:32,142 - INFO - 当前MA5: 25.95, 当前MA10: 24.70
2025-03-04 11:07:32,142 - INFO - 前一天MA5: 25.45, 前一天MA10: 24.50
2025-03-04 11:07:32,142 - INFO - 当前RSI: 64.29, 当前MACD: 0.30
2025-03-04 11:07:32,142 - INFO - 当前KDJ - K: 94.78, D: 83.55, J: 117.24
2025-03-04 11:07:32,143 - INFO - 当前MA5: 25.95, 当前MA10: 24.70
2025-03-04 11:07:32,144 - INFO - 前一天MA5: 25.45, 前一天MA10: 24.50
2025-03-04 11:07:32,144 - INFO - 当前RSI: 64.29, 前一天RSI: 61.54
2025-03-04 11:07:32,144 - INFO - 当前MACD: 0.30, 当前Signal: -0.01
2025-03-04 11:07:32,144 - INFO - 当前KDJ - K: 94.78, D: 83.55, J: 117.24
2025-03-04 11:07:32,144 - INFO - 测试模式：忽略交易时间限制
2025-03-04 11:07:32,144 - INFO - 测试模式：强制触发买入信号
2025-03-04 11:07:32,145 - INFO - 【模拟交易】买入: sz300677, 数量: 100, 价格: 26.95
2025-03-04 11:08:05,461 - INFO - BaoStock登录成功: 0 success
2025-03-04 11:08:05,462 - INFO - 开始运行自动交易程序...
2025-03-04 11:08:05,462 - INFO - 测试模式：当前周期 1
2025-03-04 11:08:05,462 - INFO - 当前价格: 24.95
2025-03-04 11:08:05,462 - INFO - 模拟数据：创建明确的金叉信号
2025-03-04 11:08:05,462 - INFO - 模拟价格序列（最后10天）: [29.45, 28.95, 28.45, 27.95, 27.45, 26.95, 26.45, 25.95, 25.45, 24.95]
2025-03-04 11:08:05,476 - INFO - 当前MA5: 25.95, 当前MA10: 27.20
2025-03-04 11:08:05,476 - INFO - 前一天MA5: 26.45, 前一天MA10: 27.20
2025-03-04 11:08:05,476 - INFO - 当前RSI: 50.00, 当前MACD: 0.25
2025-03-04 11:08:05,477 - INFO - 当前KDJ - K: 17.75, D: 36.63, J: -20.01
2025-03-04 11:08:05,477 - INFO - 当前MA5: 25.95, 当前MA10: 27.20
2025-03-04 11:08:05,477 - INFO - 前一天MA5: 26.45, 前一天MA10: 27.20
2025-03-04 11:08:05,477 - INFO - 当前RSI: 50.00, 前一天RSI: 52.94
2025-03-04 11:08:05,477 - INFO - 当前MACD: 0.25, 当前Signal: 0.47
2025-03-04 11:08:05,478 - INFO - 当前KDJ - K: 17.75, D: 36.63, J: -20.01
2025-03-04 11:08:05,479 - INFO - 测试模式：忽略交易时间限制
2025-03-04 11:08:05,479 - INFO - 买入信号检查:
2025-03-04 11:08:05,479 - INFO -   - 5日线上穿10日线: 否
2025-03-04 11:08:05,479 - INFO -   - 价格在20日线上方: 否
2025-03-04 11:08:05,479 - INFO -   - RSI超卖反弹: 否
2025-03-04 11:08:05,480 - INFO -   - MACD金叉: 否
2025-03-04 11:08:05,480 - INFO -   - KDJ金叉: 否
2025-03-04 11:08:05,480 - INFO -   - 布林带下轨反弹: 否
2025-03-04 11:08:05,480 - INFO -   - 成交量放大: 是
2025-03-04 11:08:05,480 - INFO -   - 最终买入信号: 否
2025-03-04 11:08:15,493 - INFO - 测试模式：当前周期 2
2025-03-04 11:08:15,493 - INFO - 当前价格: 24.95
2025-03-04 11:08:15,493 - INFO - 模拟数据：创建明确的金叉信号
2025-03-04 11:08:15,494 - INFO - 模拟价格序列（最后10天）: [29.45, 28.95, 28.45, 27.95, 27.45, 26.95, 26.45, 25.95, 25.45, 24.95]
2025-03-04 11:08:15,500 - INFO - 当前MA5: 25.95, 当前MA10: 27.20
2025-03-04 11:08:15,500 - INFO - 前一天MA5: 26.45, 前一天MA10: 27.20
2025-03-04 11:08:15,501 - INFO - 当前RSI: 50.00, 当前MACD: 0.25
2025-03-04 11:08:15,502 - INFO - 当前KDJ - K: 17.75, D: 36.63, J: -20.01
2025-03-04 11:08:15,502 - INFO - 当前MA5: 25.95, 当前MA10: 27.20
2025-03-04 11:08:15,502 - INFO - 前一天MA5: 26.45, 前一天MA10: 27.20
2025-03-04 11:08:15,502 - INFO - 当前RSI: 50.00, 前一天RSI: 52.94
2025-03-04 11:08:15,502 - INFO - 当前MACD: 0.25, 当前Signal: 0.47
2025-03-04 11:08:15,502 - INFO - 当前KDJ - K: 17.75, D: 36.63, J: -20.01
2025-03-04 11:08:15,503 - INFO - 测试模式：忽略交易时间限制
2025-03-04 11:08:15,503 - INFO - 买入信号检查:
2025-03-04 11:08:15,503 - INFO -   - 5日线上穿10日线: 否
2025-03-04 11:08:15,503 - INFO -   - 价格在20日线上方: 否
2025-03-04 11:08:15,504 - INFO -   - RSI超卖反弹: 否
2025-03-04 11:08:15,504 - INFO -   - MACD金叉: 否
2025-03-04 11:08:15,504 - INFO -   - KDJ金叉: 否
2025-03-04 11:08:15,504 - INFO -   - 布林带下轨反弹: 否
2025-03-04 11:08:15,504 - INFO -   - 成交量放大: 是
2025-03-04 11:08:15,504 - INFO -   - 最终买入信号: 否
2025-03-04 11:08:25,514 - INFO - 测试模式：当前周期 3
2025-03-04 11:08:25,515 - INFO - 当前价格: 24.95
2025-03-04 11:08:25,515 - INFO - 模拟数据：创建明确的金叉信号
2025-03-04 11:08:25,515 - INFO - 模拟价格序列（最后10天）: [22.45, 22.95, 23.45, 23.95, 24.45, 24.95, 25.45, 25.95, 26.45, 26.95]
2025-03-04 11:08:25,521 - INFO - 当前MA5: 25.95, 当前MA10: 24.70
2025-03-04 11:08:25,522 - INFO - 前一天MA5: 25.45, 前一天MA10: 24.50
2025-03-04 11:08:25,522 - INFO - 当前RSI: 64.29, 当前MACD: 0.30
2025-03-04 11:08:25,522 - INFO - 当前KDJ - K: 94.78, D: 83.55, J: 117.24
2025-03-04 11:08:25,523 - INFO - 当前MA5: 25.95, 当前MA10: 24.70
2025-03-04 11:08:25,523 - INFO - 前一天MA5: 25.45, 前一天MA10: 24.50
2025-03-04 11:08:25,523 - INFO - 当前RSI: 64.29, 前一天RSI: 61.54
2025-03-04 11:08:25,523 - INFO - 当前MACD: 0.30, 当前Signal: -0.01
2025-03-04 11:08:25,523 - INFO - 当前KDJ - K: 94.78, D: 83.55, J: 117.24
2025-03-04 11:08:25,524 - INFO - 测试模式：忽略交易时间限制
2025-03-04 11:08:25,524 - INFO - 测试模式：强制触发买入信号
2025-03-04 11:08:25,524 - INFO - 【模拟交易】买入: sz300677, 数量: 100, 价格: 26.95
2025-03-04 11:08:35,533 - INFO - 测试模式：当前周期 4
2025-03-04 11:08:35,533 - INFO - 当前价格: 24.95
2025-03-04 11:08:35,534 - INFO - 模拟数据：创建明确的死叉信号
2025-03-04 11:08:35,534 - INFO - 模拟价格序列（最后10天）: [26.95, 26.45, 25.95, 25.45, 24.95, 24.45, 23.95, 23.45, 22.95, 22.45]
2025-03-04 11:08:35,541 - INFO - 当前MA5: 23.45, 当前MA10: 24.70
2025-03-04 11:08:35,542 - INFO - 前一天MA5: 23.95, 前一天MA10: 24.95
2025-03-04 11:08:35,542 - INFO - 当前RSI: 30.77, 当前MACD: -0.43
2025-03-04 11:08:35,542 - INFO - 当前KDJ - K: 3.61, D: 12.57, J: -14.30
2025-03-04 11:08:35,543 - INFO - 当前MA5: 23.45, 当前MA10: 24.70
2025-03-04 11:08:35,543 - INFO - 前一天MA5: 23.95, 前一天MA10: 24.95
2025-03-04 11:08:35,543 - INFO - 当前RSI: 30.77, 前一天RSI: 33.33
2025-03-04 11:08:35,543 - INFO - 当前MACD: -0.43, 当前Signal: -0.10
2025-03-04 11:08:35,543 - INFO - 当前KDJ - K: 3.61, D: 12.57, J: -14.30
2025-03-04 11:08:35,544 - INFO - 测试模式：忽略交易时间限制
2025-03-04 11:08:35,544 - INFO - 卖出信号检查:
2025-03-04 11:08:35,544 - INFO -   - 5日线下穿10日线: 否
2025-03-04 11:08:35,544 - INFO -   - 价格跌破20日线: 是
2025-03-04 11:08:35,544 - INFO -   - RSI超买回落: 否
2025-03-04 11:08:35,544 - INFO -   - MACD死叉: 否
2025-03-04 11:08:35,545 - INFO -   - KDJ死叉: 否
2025-03-04 11:08:35,545 - INFO -   - 布林带上轨回落: 否
2025-03-04 11:08:35,545 - INFO -   - 止损触发(5%): 是
2025-03-04 11:08:35,545 - INFO -   - 止盈触发(10%): 否
2025-03-04 11:08:35,545 - INFO -   - 最终卖出信号: 是
2025-03-04 11:08:35,545 - INFO - 【模拟交易】卖出: sz300677, 数量: 100, 价格: 22.45
2025-03-04 11:13:06,889 - INFO - BaoStock登录成功: 0 success
2025-03-04 11:13:06,889 - INFO - 开始运行自动交易程序...
2025-03-04 11:13:06,890 - INFO - 测试模式：当前周期 1
2025-03-04 11:13:06,890 - INFO - 当前价格: 24.95
2025-03-04 11:13:06,890 - INFO - 模拟数据：创建明确的金叉信号
2025-03-04 11:13:06,890 - INFO - 模拟价格序列（最后10天）: [29.45, 28.95, 28.45, 27.95, 27.45, 26.95, 26.45, 25.95, 25.45, 24.95]
2025-03-04 11:13:06,903 - INFO - 当前MA5: 25.95, 当前MA10: 27.20
2025-03-04 11:13:06,903 - INFO - 前一天MA5: 26.45, 前一天MA10: 27.20
2025-03-04 11:13:06,903 - INFO - 当前RSI: 50.00, 当前MACD: 0.25
2025-03-04 11:13:06,903 - INFO - 当前KDJ - K: 17.75, D: 36.63, J: -20.01
2025-03-04 11:13:06,904 - INFO - 当前成交量: 90176, 5日均量: 90541, 10日均量: 100803
2025-03-04 11:13:06,904 - INFO - 当前MA5: 25.95, 当前MA10: 27.20
2025-03-04 11:13:06,904 - INFO - 前一天MA5: 26.45, 前一天MA10: 27.20
2025-03-04 11:13:06,904 - INFO - 当前RSI: 50.00, 前一天RSI: 52.94
2025-03-04 11:13:06,904 - INFO - 当前MACD: 0.25, 当前Signal: 0.47
2025-03-04 11:13:06,905 - INFO - 当前KDJ - K: 17.75, D: 36.63, J: -20.01
2025-03-04 11:13:06,905 - INFO - 当前成交量: 90176, 5日均量: 90541, 10日均量: 100803
2025-03-04 11:13:06,906 - INFO - 测试模式：忽略交易时间限制
2025-03-04 11:13:06,906 - INFO - 买入信号检查:
2025-03-04 11:13:06,906 - INFO -   - 5日线上穿10日线: 否
2025-03-04 11:13:06,906 - INFO -   - 价格在20日线上方: 否
2025-03-04 11:13:06,906 - INFO -   - RSI超卖反弹: 否
2025-03-04 11:13:06,907 - INFO -   - MACD金叉: 否
2025-03-04 11:13:06,907 - INFO -   - KDJ金叉: 否
2025-03-04 11:13:06,907 - INFO -   - 布林带下轨反弹: 否
2025-03-04 11:13:06,907 - INFO -   - 成交量放大: 否
2025-03-04 11:13:06,907 - INFO -   - 最终买入信号: 否
2025-03-04 11:13:16,917 - INFO - 测试模式：当前周期 2
2025-03-04 11:13:16,917 - INFO - 当前价格: 24.95
2025-03-04 11:13:16,917 - INFO - 模拟数据：创建明确的金叉信号
2025-03-04 11:13:16,917 - INFO - 模拟价格序列（最后10天）: [29.45, 28.95, 28.45, 27.95, 27.45, 26.95, 26.45, 25.95, 25.45, 24.95]
2025-03-04 11:13:16,924 - INFO - 当前MA5: 25.95, 当前MA10: 27.20
2025-03-04 11:13:16,924 - INFO - 前一天MA5: 26.45, 前一天MA10: 27.20
2025-03-04 11:13:16,924 - INFO - 当前RSI: 50.00, 当前MACD: 0.25
2025-03-04 11:13:16,925 - INFO - 当前KDJ - K: 17.75, D: 36.63, J: -20.01
2025-03-04 11:13:16,925 - INFO - 当前成交量: 90176, 5日均量: 90541, 10日均量: 100803
2025-03-04 11:13:16,925 - INFO - 当前MA5: 25.95, 当前MA10: 27.20
2025-03-04 11:13:16,926 - INFO - 前一天MA5: 26.45, 前一天MA10: 27.20
2025-03-04 11:13:16,926 - INFO - 当前RSI: 50.00, 前一天RSI: 52.94
2025-03-04 11:13:16,926 - INFO - 当前MACD: 0.25, 当前Signal: 0.47
2025-03-04 11:13:16,926 - INFO - 当前KDJ - K: 17.75, D: 36.63, J: -20.01
2025-03-04 11:13:16,926 - INFO - 当前成交量: 90176, 5日均量: 90541, 10日均量: 100803
2025-03-04 11:13:16,926 - INFO - 测试模式：忽略交易时间限制
2025-03-04 11:13:16,926 - INFO - 买入信号检查:
2025-03-04 11:13:16,927 - INFO -   - 5日线上穿10日线: 否
2025-03-04 11:13:16,927 - INFO -   - 价格在20日线上方: 否
2025-03-04 11:13:16,928 - INFO -   - RSI超卖反弹: 否
2025-03-04 11:13:16,928 - INFO -   - MACD金叉: 否
2025-03-04 11:13:16,928 - INFO -   - KDJ金叉: 否
2025-03-04 11:13:16,928 - INFO -   - 布林带下轨反弹: 否
2025-03-04 11:13:16,929 - INFO -   - 成交量放大: 否
2025-03-04 11:13:16,929 - INFO -   - 最终买入信号: 否
2025-03-04 11:13:26,937 - INFO - 测试模式：当前周期 3
2025-03-04 11:13:26,937 - INFO - 当前价格: 24.95
2025-03-04 11:13:26,938 - INFO - 模拟数据：创建明确的金叉信号
2025-03-04 11:13:26,938 - INFO - 模拟价格序列（最后10天）: [22.45, 22.95, 23.45, 23.95, 24.45, 24.95, 25.45, 25.95, 26.45, 26.95]
2025-03-04 11:13:26,945 - INFO - 当前MA5: 25.95, 当前MA10: 24.70
2025-03-04 11:13:26,946 - INFO - 前一天MA5: 25.45, 前一天MA10: 24.50
2025-03-04 11:13:26,946 - INFO - 当前RSI: 64.29, 当前MACD: 0.30
2025-03-04 11:13:26,946 - INFO - 当前KDJ - K: 94.78, D: 83.55, J: 117.24
2025-03-04 11:13:26,947 - INFO - 当前成交量: 109451, 5日均量: 109830, 10日均量: 104228
2025-03-04 11:13:26,947 - INFO - 当前MA5: 25.95, 当前MA10: 24.70
2025-03-04 11:13:26,947 - INFO - 前一天MA5: 25.45, 前一天MA10: 24.50
2025-03-04 11:13:26,947 - INFO - 当前RSI: 64.29, 前一天RSI: 61.54
2025-03-04 11:13:26,947 - INFO - 当前MACD: 0.30, 当前Signal: -0.01
2025-03-04 11:13:26,947 - INFO - 当前KDJ - K: 94.78, D: 83.55, J: 117.24
2025-03-04 11:13:26,947 - INFO - 当前成交量: 109451, 5日均量: 109830, 10日均量: 104228
2025-03-04 11:13:26,947 - INFO - 测试模式：忽略交易时间限制
2025-03-04 11:13:26,948 - INFO - 测试模式：强制触发买入信号
2025-03-04 11:13:26,948 - INFO - 【模拟交易】买入: sz300677, 数量: 100, 价格: 26.95
2025-03-04 11:13:36,955 - INFO - 测试模式：当前周期 4
2025-03-04 11:13:36,955 - INFO - 当前价格: 24.95
2025-03-04 11:13:36,955 - INFO - 模拟数据：创建明确的死叉信号
2025-03-04 11:13:36,956 - INFO - 模拟价格序列（最后10天）: [26.95, 26.45, 25.95, 25.45, 24.95, 24.45, 23.95, 23.45, 22.95, 22.45]
2025-03-04 11:13:36,963 - INFO - 当前MA5: 23.45, 当前MA10: 24.70
2025-03-04 11:13:36,963 - INFO - 前一天MA5: 23.95, 前一天MA10: 24.95
2025-03-04 11:13:36,963 - INFO - 当前RSI: 30.77, 当前MACD: -0.43
2025-03-04 11:13:36,964 - INFO - 当前KDJ - K: 3.61, D: 12.57, J: -14.30
2025-03-04 11:13:36,964 - INFO - 当前成交量: 89106, 5日均量: 89552, 10日均量: 94965
2025-03-04 11:13:36,964 - INFO - 当前MA5: 23.45, 当前MA10: 24.70
2025-03-04 11:13:36,965 - INFO - 前一天MA5: 23.95, 前一天MA10: 24.95
2025-03-04 11:13:36,965 - INFO - 当前RSI: 30.77, 前一天RSI: 33.33
2025-03-04 11:13:36,965 - INFO - 当前MACD: -0.43, 当前Signal: -0.10
2025-03-04 11:13:36,965 - INFO - 当前KDJ - K: 3.61, D: 12.57, J: -14.30
2025-03-04 11:13:36,965 - INFO - 当前成交量: 89106, 5日均量: 89552, 10日均量: 94965
2025-03-04 11:13:36,965 - INFO - 测试模式：忽略交易时间限制
2025-03-04 11:13:36,966 - INFO - 卖出信号检查:
2025-03-04 11:13:36,966 - INFO -   - 5日线下穿10日线: 否
2025-03-04 11:13:36,966 - INFO -   - 价格跌破20日线: 是
2025-03-04 11:13:36,966 - INFO -   - RSI超买回落: 否
2025-03-04 11:13:36,966 - INFO -   - MACD死叉: 否
2025-03-04 11:13:36,966 - INFO -   - KDJ死叉: 否
2025-03-04 11:13:36,967 - INFO -   - 布林带上轨回落: 否
2025-03-04 11:13:36,967 - INFO -   - 成交量萎缩: 否
2025-03-04 11:13:36,967 - INFO -   - 止损触发(5%): 是
2025-03-04 11:13:36,967 - INFO -   - 止盈触发(10%): 否
2025-03-04 11:13:36,967 - INFO -   - 放量下跌: 否
2025-03-04 11:13:36,967 - INFO -   - 最终卖出信号: 是
2025-03-04 11:13:36,968 - INFO - 【模拟交易】卖出: sz300677, 数量: 100, 价格: 22.45
2025-03-04 11:13:46,982 - INFO - 测试模式：当前周期 5
2025-03-04 11:13:46,982 - INFO - 当前价格: 24.95
2025-03-04 11:13:46,983 - INFO - 模拟数据：创建明确的金叉信号
2025-03-04 11:13:46,983 - INFO - 模拟价格序列（最后10天）: [22.45, 22.95, 23.45, 23.95, 24.45, 24.95, 25.45, 25.95, 26.45, 26.95]
2025-03-04 11:13:46,991 - INFO - 当前MA5: 25.95, 当前MA10: 24.70
2025-03-04 11:13:46,991 - INFO - 前一天MA5: 25.45, 前一天MA10: 24.50
2025-03-04 11:13:46,992 - INFO - 当前RSI: 64.29, 当前MACD: 0.30
2025-03-04 11:13:46,992 - INFO - 当前KDJ - K: 94.78, D: 83.55, J: 117.24
2025-03-04 11:13:46,992 - INFO - 当前成交量: 109451, 5日均量: 109830, 10日均量: 104228
2025-03-04 11:13:46,992 - INFO - 当前MA5: 25.95, 当前MA10: 24.70
2025-03-04 11:13:46,992 - INFO - 前一天MA5: 25.45, 前一天MA10: 24.50
2025-03-04 11:13:46,992 - INFO - 当前RSI: 64.29, 前一天RSI: 61.54
2025-03-04 11:13:46,992 - INFO - 当前MACD: 0.30, 当前Signal: -0.01
2025-03-04 11:13:46,992 - INFO - 当前KDJ - K: 94.78, D: 83.55, J: 117.24
2025-03-04 11:13:46,992 - INFO - 当前成交量: 109451, 5日均量: 109830, 10日均量: 104228
2025-03-04 11:13:46,993 - INFO - 测试模式：忽略交易时间限制
2025-03-04 11:13:46,993 - INFO - 买入信号检查:
2025-03-04 11:13:46,993 - INFO -   - 5日线上穿10日线: 否
2025-03-04 11:13:46,993 - INFO -   - 价格在20日线上方: 是
2025-03-04 11:13:46,994 - INFO -   - RSI超卖反弹: 否
2025-03-04 11:13:46,994 - INFO -   - MACD金叉: 否
2025-03-04 11:13:46,994 - INFO -   - KDJ金叉: 否
2025-03-04 11:13:46,995 - INFO -   - 布林带下轨反弹: 否
2025-03-04 11:13:46,995 - INFO -   - 成交量放大: 否
2025-03-04 11:13:46,995 - INFO -   - 最终买入信号: 否
2025-03-04 11:13:56,995 - INFO - 测试模式：当前周期 6
2025-03-04 11:13:56,995 - INFO - 当前价格: 24.95
2025-03-04 11:13:56,996 - INFO - 模拟数据：创建明确的金叉信号
2025-03-04 11:13:56,996 - INFO - 模拟价格序列（最后10天）: [22.45, 22.95, 23.45, 23.95, 24.45, 24.95, 25.45, 25.95, 26.45, 26.95]
2025-03-04 11:13:57,003 - INFO - 当前MA5: 25.95, 当前MA10: 24.70
2025-03-04 11:13:57,003 - INFO - 前一天MA5: 25.45, 前一天MA10: 24.50
2025-03-04 11:13:57,003 - INFO - 当前RSI: 64.29, 当前MACD: 0.30
2025-03-04 11:13:57,003 - INFO - 当前KDJ - K: 94.78, D: 83.55, J: 117.24
2025-03-04 11:13:57,004 - INFO - 当前成交量: 109451, 5日均量: 109830, 10日均量: 104228
2025-03-04 11:13:57,004 - INFO - 当前MA5: 25.95, 当前MA10: 24.70
2025-03-04 11:13:57,004 - INFO - 前一天MA5: 25.45, 前一天MA10: 24.50
2025-03-04 11:13:57,004 - INFO - 当前RSI: 64.29, 前一天RSI: 61.54
2025-03-04 11:13:57,005 - INFO - 当前MACD: 0.30, 当前Signal: -0.01
2025-03-04 11:13:57,005 - INFO - 当前KDJ - K: 94.78, D: 83.55, J: 117.24
2025-03-04 11:13:57,005 - INFO - 当前成交量: 109451, 5日均量: 109830, 10日均量: 104228
2025-03-04 11:13:57,005 - INFO - 测试模式：忽略交易时间限制
2025-03-04 11:13:57,005 - INFO - 买入信号检查:
2025-03-04 11:13:57,005 - INFO -   - 5日线上穿10日线: 否
2025-03-04 11:13:57,005 - INFO -   - 价格在20日线上方: 是
2025-03-04 11:13:57,005 - INFO -   - RSI超卖反弹: 否
2025-03-04 11:13:57,006 - INFO -   - MACD金叉: 否
2025-03-04 11:13:57,006 - INFO -   - KDJ金叉: 否
2025-03-04 11:13:57,006 - INFO -   - 布林带下轨反弹: 否
2025-03-04 11:13:57,006 - INFO -   - 成交量放大: 否
2025-03-04 11:13:57,006 - INFO -   - 最终买入信号: 否
2025-03-04 11:14:07,018 - INFO - 测试模式：当前周期 7
2025-03-04 11:14:07,018 - INFO - 当前价格: 24.95
2025-03-04 11:14:07,019 - INFO - 模拟数据：创建明确的金叉信号
2025-03-04 11:14:07,019 - INFO - 模拟价格序列（最后10天）: [22.45, 22.95, 23.45, 23.95, 24.45, 24.95, 25.45, 25.95, 26.45, 26.95]
2025-03-04 11:14:07,029 - INFO - 当前MA5: 25.95, 当前MA10: 24.70
2025-03-04 11:14:07,029 - INFO - 前一天MA5: 25.45, 前一天MA10: 24.50
2025-03-04 11:14:07,030 - INFO - 当前RSI: 64.29, 当前MACD: 0.30
2025-03-04 11:14:07,030 - INFO - 当前KDJ - K: 94.78, D: 83.55, J: 117.24
2025-03-04 11:14:07,031 - INFO - 当前成交量: 109451, 5日均量: 109830, 10日均量: 104228
2025-03-04 11:14:07,031 - INFO - 当前MA5: 25.95, 当前MA10: 24.70
2025-03-04 11:14:07,031 - INFO - 前一天MA5: 25.45, 前一天MA10: 24.50
2025-03-04 11:14:07,032 - INFO - 当前RSI: 64.29, 前一天RSI: 61.54
2025-03-04 11:14:07,032 - INFO - 当前MACD: 0.30, 当前Signal: -0.01
2025-03-04 11:14:07,032 - INFO - 当前KDJ - K: 94.78, D: 83.55, J: 117.24
2025-03-04 11:14:07,032 - INFO - 当前成交量: 109451, 5日均量: 109830, 10日均量: 104228
2025-03-04 11:14:07,032 - INFO - 测试模式：忽略交易时间限制
2025-03-04 11:14:07,032 - INFO - 买入信号检查:
2025-03-04 11:14:07,033 - INFO -   - 5日线上穿10日线: 否
2025-03-04 11:14:07,033 - INFO -   - 价格在20日线上方: 是
2025-03-04 11:14:07,033 - INFO -   - RSI超卖反弹: 否
2025-03-04 11:14:07,033 - INFO -   - MACD金叉: 否
2025-03-04 11:14:07,033 - INFO -   - KDJ金叉: 否
2025-03-04 11:14:07,034 - INFO -   - 布林带下轨反弹: 否
2025-03-04 11:14:07,034 - INFO -   - 成交量放大: 否
2025-03-04 11:14:07,034 - INFO -   - 最终买入信号: 否
2025-03-04 11:14:07,399 - INFO - BaoStock登录成功: 0 success
2025-03-04 11:14:07,400 - INFO - 开始运行自动交易程序...
2025-03-04 11:14:07,400 - INFO - 测试模式：当前周期 1
2025-03-04 11:14:07,400 - INFO - 当前价格: 24.95
2025-03-04 11:14:07,400 - INFO - 模拟数据：创建明确的金叉信号
2025-03-04 11:14:07,400 - INFO - 模拟价格序列（最后10天）: [29.45, 28.95, 28.45, 27.95, 27.45, 26.95, 26.45, 25.95, 25.45, 24.95]
2025-03-04 11:14:07,414 - INFO - 当前MA5: 25.95, 当前MA10: 27.20
2025-03-04 11:14:07,414 - INFO - 前一天MA5: 26.45, 前一天MA10: 27.20
2025-03-04 11:14:07,414 - INFO - 当前RSI: 50.00, 当前MACD: 0.25
2025-03-04 11:14:07,415 - INFO - 当前KDJ - K: 17.75, D: 36.63, J: -20.01
2025-03-04 11:14:07,415 - INFO - 当前成交量: 90176, 5日均量: 90541, 10日均量: 100803
2025-03-04 11:14:07,415 - INFO - 当前MA5: 25.95, 当前MA10: 27.20
2025-03-04 11:14:07,415 - INFO - 前一天MA5: 26.45, 前一天MA10: 27.20
2025-03-04 11:14:07,416 - INFO - 当前RSI: 50.00, 前一天RSI: 52.94
2025-03-04 11:14:07,416 - INFO - 当前MACD: 0.25, 当前Signal: 0.47
2025-03-04 11:14:07,416 - INFO - 当前KDJ - K: 17.75, D: 36.63, J: -20.01
2025-03-04 11:14:07,416 - INFO - 当前成交量: 90176, 5日均量: 90541, 10日均量: 100803
2025-03-04 11:14:07,417 - INFO - 测试模式：忽略交易时间限制
2025-03-04 11:14:07,417 - INFO - 买入信号检查:
2025-03-04 11:14:07,418 - INFO -   - 5日线上穿10日线: 否
2025-03-04 11:14:07,418 - INFO -   - 价格在20日线上方: 否
2025-03-04 11:14:07,418 - INFO -   - RSI超卖反弹: 否
2025-03-04 11:14:07,418 - INFO -   - MACD金叉: 否
2025-03-04 11:14:07,418 - INFO -   - KDJ金叉: 否
2025-03-04 11:14:07,418 - INFO -   - 布林带下轨反弹: 否
2025-03-04 11:14:07,418 - INFO -   - 成交量放大: 否
2025-03-04 11:14:07,419 - INFO -   - 最终买入信号: 否
2025-03-04 11:14:17,036 - INFO - 测试模式：当前周期 8
2025-03-04 11:14:17,036 - INFO - 当前价格: 24.95
2025-03-04 11:14:17,036 - INFO - 模拟数据：创建明确的金叉信号
2025-03-04 11:14:17,037 - INFO - 模拟价格序列（最后10天）: [22.45, 22.95, 23.45, 23.95, 24.45, 24.95, 25.45, 25.95, 26.45, 26.95]
2025-03-04 11:14:17,044 - INFO - 当前MA5: 25.95, 当前MA10: 24.70
2025-03-04 11:14:17,044 - INFO - 前一天MA5: 25.45, 前一天MA10: 24.50
2025-03-04 11:14:17,045 - INFO - 当前RSI: 64.29, 当前MACD: 0.30
2025-03-04 11:14:17,045 - INFO - 当前KDJ - K: 94.78, D: 83.55, J: 117.24
2025-03-04 11:14:17,045 - INFO - 当前成交量: 109451, 5日均量: 109830, 10日均量: 104228
2025-03-04 11:14:17,046 - INFO - 当前MA5: 25.95, 当前MA10: 24.70
2025-03-04 11:14:17,046 - INFO - 前一天MA5: 25.45, 前一天MA10: 24.50
2025-03-04 11:14:17,046 - INFO - 当前RSI: 64.29, 前一天RSI: 61.54
2025-03-04 11:14:17,046 - INFO - 当前MACD: 0.30, 当前Signal: -0.01
2025-03-04 11:14:17,046 - INFO - 当前KDJ - K: 94.78, D: 83.55, J: 117.24
2025-03-04 11:14:17,046 - INFO - 当前成交量: 109451, 5日均量: 109830, 10日均量: 104228
2025-03-04 11:14:17,047 - INFO - 测试模式：忽略交易时间限制
2025-03-04 11:14:17,047 - INFO - 买入信号检查:
2025-03-04 11:14:17,047 - INFO -   - 5日线上穿10日线: 否
2025-03-04 11:14:17,047 - INFO -   - 价格在20日线上方: 是
2025-03-04 11:14:17,047 - INFO -   - RSI超卖反弹: 否
2025-03-04 11:14:17,047 - INFO -   - MACD金叉: 否
2025-03-04 11:14:17,047 - INFO -   - KDJ金叉: 否
2025-03-04 11:14:17,048 - INFO -   - 布林带下轨反弹: 否
2025-03-04 11:14:17,048 - INFO -   - 成交量放大: 否
2025-03-04 11:14:17,048 - INFO -   - 最终买入信号: 否
2025-03-04 11:14:17,425 - INFO - 测试模式：当前周期 2
2025-03-04 11:14:17,425 - INFO - 当前价格: 24.95
2025-03-04 11:14:17,425 - INFO - 模拟数据：创建明确的金叉信号
2025-03-04 11:14:17,426 - INFO - 模拟价格序列（最后10天）: [29.45, 28.95, 28.45, 27.95, 27.45, 26.95, 26.45, 25.95, 25.45, 24.95]
2025-03-04 11:14:17,433 - INFO - 当前MA5: 25.95, 当前MA10: 27.20
2025-03-04 11:14:17,434 - INFO - 前一天MA5: 26.45, 前一天MA10: 27.20
2025-03-04 11:14:17,434 - INFO - 当前RSI: 50.00, 当前MACD: 0.25
2025-03-04 11:14:17,434 - INFO - 当前KDJ - K: 17.75, D: 36.63, J: -20.01
2025-03-04 11:14:17,434 - INFO - 当前成交量: 90176, 5日均量: 90541, 10日均量: 100803
2025-03-04 11:14:17,435 - INFO - 当前MA5: 25.95, 当前MA10: 27.20
2025-03-04 11:14:17,435 - INFO - 前一天MA5: 26.45, 前一天MA10: 27.20
2025-03-04 11:14:17,435 - INFO - 当前RSI: 50.00, 前一天RSI: 52.94
2025-03-04 11:14:17,435 - INFO - 当前MACD: 0.25, 当前Signal: 0.47
2025-03-04 11:14:17,435 - INFO - 当前KDJ - K: 17.75, D: 36.63, J: -20.01
2025-03-04 11:14:17,436 - INFO - 当前成交量: 90176, 5日均量: 90541, 10日均量: 100803
2025-03-04 11:14:17,436 - INFO - 测试模式：忽略交易时间限制
2025-03-04 11:14:17,436 - INFO - 买入信号检查:
2025-03-04 11:14:17,436 - INFO -   - 5日线上穿10日线: 否
2025-03-04 11:14:17,436 - INFO -   - 价格在20日线上方: 否
2025-03-04 11:14:17,436 - INFO -   - RSI超卖反弹: 否
2025-03-04 11:14:17,437 - INFO -   - MACD金叉: 否
2025-03-04 11:14:17,437 - INFO -   - KDJ金叉: 否
2025-03-04 11:14:17,437 - INFO -   - 布林带下轨反弹: 否
2025-03-04 11:14:17,438 - INFO -   - 成交量放大: 否
2025-03-04 11:14:17,438 - INFO -   - 最终买入信号: 否
2025-03-04 11:14:27,054 - INFO - 测试模式：完成8个周期，退出程序
2025-03-04 11:14:27,444 - INFO - 测试模式：当前周期 3
2025-03-04 11:14:27,444 - INFO - 当前价格: 24.95
2025-03-04 11:14:27,444 - INFO - 模拟数据：创建明确的金叉信号
2025-03-04 11:14:27,445 - INFO - 模拟价格序列（最后10天）: [22.45, 22.95, 23.45, 23.95, 24.45, 24.95, 25.45, 25.95, 26.45, 26.95]
2025-03-04 11:14:27,452 - INFO - 当前MA5: 25.95, 当前MA10: 24.70
2025-03-04 11:14:27,452 - INFO - 前一天MA5: 25.45, 前一天MA10: 24.50
2025-03-04 11:14:27,452 - INFO - 当前RSI: 64.29, 当前MACD: 0.30
2025-03-04 11:14:27,453 - INFO - 当前KDJ - K: 94.78, D: 83.55, J: 117.24
2025-03-04 11:14:27,453 - INFO - 当前成交量: 109451, 5日均量: 109830, 10日均量: 104228
2025-03-04 11:14:27,453 - INFO - 当前MA5: 25.95, 当前MA10: 24.70
2025-03-04 11:14:27,454 - INFO - 前一天MA5: 25.45, 前一天MA10: 24.50
2025-03-04 11:14:27,454 - INFO - 当前RSI: 64.29, 前一天RSI: 61.54
2025-03-04 11:14:27,454 - INFO - 当前MACD: 0.30, 当前Signal: -0.01
2025-03-04 11:14:27,454 - INFO - 当前KDJ - K: 94.78, D: 83.55, J: 117.24
2025-03-04 11:14:27,454 - INFO - 当前成交量: 109451, 5日均量: 109830, 10日均量: 104228
2025-03-04 11:14:27,454 - INFO - 测试模式：忽略交易时间限制
2025-03-04 11:14:27,455 - INFO - 测试模式：强制触发买入信号
2025-03-04 11:14:27,455 - INFO - 【模拟交易】买入: sz300677, 数量: 100, 价格: 26.95
2025-03-04 11:14:37,470 - INFO - 测试模式：当前周期 4
2025-03-04 11:14:37,470 - INFO - 当前价格: 24.95
2025-03-04 11:14:37,471 - INFO - 模拟数据：创建明确的死叉信号
2025-03-04 11:14:37,471 - INFO - 模拟价格序列（最后10天）: [26.95, 26.45, 25.95, 25.45, 24.95, 24.45, 23.95, 23.45, 22.95, 22.45]
2025-03-04 11:14:37,478 - INFO - 当前MA5: 23.45, 当前MA10: 24.70
2025-03-04 11:14:37,478 - INFO - 前一天MA5: 23.95, 前一天MA10: 24.95
2025-03-04 11:14:37,478 - INFO - 当前RSI: 30.77, 当前MACD: -0.43
2025-03-04 11:14:37,479 - INFO - 当前KDJ - K: 3.61, D: 12.57, J: -14.30
2025-03-04 11:14:37,479 - INFO - 当前成交量: 89106, 5日均量: 89552, 10日均量: 94965
2025-03-04 11:14:37,479 - INFO - 当前MA5: 23.45, 当前MA10: 24.70
2025-03-04 11:14:37,480 - INFO - 前一天MA5: 23.95, 前一天MA10: 24.95
2025-03-04 11:14:37,480 - INFO - 当前RSI: 30.77, 前一天RSI: 33.33
2025-03-04 11:14:37,480 - INFO - 当前MACD: -0.43, 当前Signal: -0.10
2025-03-04 11:14:37,480 - INFO - 当前KDJ - K: 3.61, D: 12.57, J: -14.30
2025-03-04 11:14:37,480 - INFO - 当前成交量: 89106, 5日均量: 89552, 10日均量: 94965
2025-03-04 11:14:37,480 - INFO - 测试模式：忽略交易时间限制
2025-03-04 11:14:37,481 - INFO - 卖出信号检查:
2025-03-04 11:14:37,481 - INFO -   - 5日线下穿10日线: 否
2025-03-04 11:14:37,481 - INFO -   - 价格跌破20日线: 是
2025-03-04 11:14:37,481 - INFO -   - RSI超买回落: 否
2025-03-04 11:14:37,481 - INFO -   - MACD死叉: 否
2025-03-04 11:14:37,481 - INFO -   - KDJ死叉: 否
2025-03-04 11:14:37,481 - INFO -   - 布林带上轨回落: 否
2025-03-04 11:14:37,482 - INFO -   - 成交量萎缩: 否
2025-03-04 11:14:37,482 - INFO -   - 止损触发(5%): 是
2025-03-04 11:14:37,482 - INFO -   - 止盈触发(10%): 否
2025-03-04 11:14:37,482 - INFO -   - 放量下跌: 否
2025-03-04 11:14:37,482 - INFO -   - 最终卖出信号: 是
2025-03-04 11:14:37,483 - INFO - 【模拟交易】卖出: sz300677, 数量: 100, 价格: 22.45
2025-03-04 11:14:47,487 - INFO - 测试模式：当前周期 5
2025-03-04 11:14:47,487 - INFO - 当前价格: 24.95
2025-03-04 11:14:47,487 - INFO - 模拟数据：创建明确的金叉信号
2025-03-04 11:14:47,488 - INFO - 模拟价格序列（最后10天）: [22.45, 22.95, 23.45, 23.95, 24.45, 24.95, 25.45, 25.95, 26.45, 26.95]
2025-03-04 11:14:47,495 - INFO - 当前MA5: 25.95, 当前MA10: 24.70
2025-03-04 11:14:47,495 - INFO - 前一天MA5: 25.45, 前一天MA10: 24.50
2025-03-04 11:14:47,496 - INFO - 当前RSI: 64.29, 当前MACD: 0.30
2025-03-04 11:14:47,496 - INFO - 当前KDJ - K: 94.78, D: 83.55, J: 117.24
2025-03-04 11:14:47,496 - INFO - 当前成交量: 109451, 5日均量: 109830, 10日均量: 104228
2025-03-04 11:14:47,496 - INFO - 当前MA5: 25.95, 当前MA10: 24.70
2025-03-04 11:14:47,497 - INFO - 前一天MA5: 25.45, 前一天MA10: 24.50
2025-03-04 11:14:47,497 - INFO - 当前RSI: 64.29, 前一天RSI: 61.54
2025-03-04 11:14:47,497 - INFO - 当前MACD: 0.30, 当前Signal: -0.01
2025-03-04 11:14:47,497 - INFO - 当前KDJ - K: 94.78, D: 83.55, J: 117.24
2025-03-04 11:14:47,497 - INFO - 当前成交量: 109451, 5日均量: 109830, 10日均量: 104228
2025-03-04 11:14:47,498 - INFO - 测试模式：忽略交易时间限制
2025-03-04 11:14:47,498 - INFO - 买入信号检查:
2025-03-04 11:14:47,498 - INFO -   - 5日线上穿10日线: 否
2025-03-04 11:14:47,498 - INFO -   - 价格在20日线上方: 是
2025-03-04 11:14:47,499 - INFO -   - RSI超卖反弹: 否
2025-03-04 11:14:47,499 - INFO -   - MACD金叉: 否
2025-03-04 11:14:47,499 - INFO -   - KDJ金叉: 否
2025-03-04 11:14:47,499 - INFO -   - 布林带下轨反弹: 否
2025-03-04 11:14:47,499 - INFO -   - 成交量放大: 否
2025-03-04 11:14:47,500 - INFO -   - 最终买入信号: 否
2025-03-04 11:14:57,505 - INFO - 测试模式：当前周期 6
2025-03-04 11:14:57,506 - INFO - 当前价格: 24.95
2025-03-04 11:14:57,506 - INFO - 模拟数据：创建明确的金叉信号
2025-03-04 11:14:57,506 - INFO - 模拟价格序列（最后10天）: [22.45, 22.95, 23.45, 23.95, 24.45, 24.95, 25.45, 25.95, 26.45, 26.95]
2025-03-04 11:14:57,514 - INFO - 当前MA5: 25.95, 当前MA10: 24.70
2025-03-04 11:14:57,514 - INFO - 前一天MA5: 25.45, 前一天MA10: 24.50
2025-03-04 11:14:57,514 - INFO - 当前RSI: 64.29, 当前MACD: 0.30
2025-03-04 11:14:57,514 - INFO - 当前KDJ - K: 94.78, D: 83.55, J: 117.24
2025-03-04 11:14:57,515 - INFO - 当前成交量: 109451, 5日均量: 109830, 10日均量: 104228
2025-03-04 11:14:57,515 - INFO - 当前MA5: 25.95, 当前MA10: 24.70
2025-03-04 11:14:57,515 - INFO - 前一天MA5: 25.45, 前一天MA10: 24.50
2025-03-04 11:14:57,515 - INFO - 当前RSI: 64.29, 前一天RSI: 61.54
2025-03-04 11:14:57,515 - INFO - 当前MACD: 0.30, 当前Signal: -0.01
2025-03-04 11:14:57,516 - INFO - 当前KDJ - K: 94.78, D: 83.55, J: 117.24
2025-03-04 11:14:57,516 - INFO - 当前成交量: 109451, 5日均量: 109830, 10日均量: 104228
2025-03-04 11:14:57,516 - INFO - 测试模式：忽略交易时间限制
2025-03-04 11:14:57,516 - INFO - 买入信号检查:
2025-03-04 11:14:57,516 - INFO -   - 5日线上穿10日线: 否
2025-03-04 11:14:57,516 - INFO -   - 价格在20日线上方: 是
2025-03-04 11:14:57,517 - INFO -   - RSI超卖反弹: 否
2025-03-04 11:14:57,517 - INFO -   - MACD金叉: 否
2025-03-04 11:14:57,517 - INFO -   - KDJ金叉: 否
2025-03-04 11:14:57,518 - INFO -   - 布林带下轨反弹: 否
2025-03-04 11:14:57,518 - INFO -   - 成交量放大: 否
2025-03-04 11:14:57,518 - INFO -   - 最终买入信号: 否
2025-03-04 11:15:07,524 - INFO - 测试模式：当前周期 7
2025-03-04 11:15:07,524 - INFO - 当前价格: 24.95
2025-03-04 11:15:07,524 - INFO - 模拟数据：创建明确的金叉信号
2025-03-04 11:15:07,525 - INFO - 模拟价格序列（最后10天）: [22.45, 22.95, 23.45, 23.95, 24.45, 24.95, 25.45, 25.95, 26.45, 26.95]
2025-03-04 11:15:07,532 - INFO - 当前MA5: 25.95, 当前MA10: 24.70
2025-03-04 11:15:07,532 - INFO - 前一天MA5: 25.45, 前一天MA10: 24.50
2025-03-04 11:15:07,532 - INFO - 当前RSI: 64.29, 当前MACD: 0.30
2025-03-04 11:15:07,533 - INFO - 当前KDJ - K: 94.78, D: 83.55, J: 117.24
2025-03-04 11:15:07,533 - INFO - 当前成交量: 109451, 5日均量: 109830, 10日均量: 104228
2025-03-04 11:15:07,533 - INFO - 当前MA5: 25.95, 当前MA10: 24.70
2025-03-04 11:15:07,533 - INFO - 前一天MA5: 25.45, 前一天MA10: 24.50
2025-03-04 11:15:07,534 - INFO - 当前RSI: 64.29, 前一天RSI: 61.54
2025-03-04 11:15:07,534 - INFO - 当前MACD: 0.30, 当前Signal: -0.01
2025-03-04 11:15:07,534 - INFO - 当前KDJ - K: 94.78, D: 83.55, J: 117.24
2025-03-04 11:15:07,534 - INFO - 当前成交量: 109451, 5日均量: 109830, 10日均量: 104228
2025-03-04 11:15:07,534 - INFO - 测试模式：忽略交易时间限制
2025-03-04 11:15:07,535 - INFO - 买入信号检查:
2025-03-04 11:15:07,535 - INFO -   - 5日线上穿10日线: 否
2025-03-04 11:15:07,535 - INFO -   - 价格在20日线上方: 是
2025-03-04 11:15:07,535 - INFO -   - RSI超卖反弹: 否
2025-03-04 11:15:07,535 - INFO -   - MACD金叉: 否
2025-03-04 11:15:07,535 - INFO -   - KDJ金叉: 否
2025-03-04 11:15:07,536 - INFO -   - 布林带下轨反弹: 否
2025-03-04 11:15:07,536 - INFO -   - 成交量放大: 否
2025-03-04 11:15:07,536 - INFO -   - 最终买入信号: 否
2025-03-04 11:15:17,539 - INFO - 测试模式：当前周期 8
2025-03-04 11:15:17,539 - INFO - 当前价格: 24.95
2025-03-04 11:15:17,539 - INFO - 模拟数据：创建明确的金叉信号
2025-03-04 11:15:17,540 - INFO - 模拟价格序列（最后10天）: [22.45, 22.95, 23.45, 23.95, 24.45, 24.95, 25.45, 25.95, 26.45, 26.95]
2025-03-04 11:15:17,547 - INFO - 当前MA5: 25.95, 当前MA10: 24.70
2025-03-04 11:15:17,547 - INFO - 前一天MA5: 25.45, 前一天MA10: 24.50
2025-03-04 11:15:17,547 - INFO - 当前RSI: 64.29, 当前MACD: 0.30
2025-03-04 11:15:17,547 - INFO - 当前KDJ - K: 94.78, D: 83.55, J: 117.24
2025-03-04 11:15:17,548 - INFO - 当前成交量: 109451, 5日均量: 109830, 10日均量: 104228
2025-03-04 11:15:17,548 - INFO - 当前MA5: 25.95, 当前MA10: 24.70
2025-03-04 11:15:17,548 - INFO - 前一天MA5: 25.45, 前一天MA10: 24.50
2025-03-04 11:15:17,548 - INFO - 当前RSI: 64.29, 前一天RSI: 61.54
2025-03-04 11:15:17,548 - INFO - 当前MACD: 0.30, 当前Signal: -0.01
2025-03-04 11:15:17,548 - INFO - 当前KDJ - K: 94.78, D: 83.55, J: 117.24
2025-03-04 11:15:17,549 - INFO - 当前成交量: 109451, 5日均量: 109830, 10日均量: 104228
2025-03-04 11:15:17,549 - INFO - 测试模式：忽略交易时间限制
2025-03-04 11:15:17,549 - INFO - 买入信号检查:
2025-03-04 11:15:17,549 - INFO -   - 5日线上穿10日线: 否
2025-03-04 11:15:17,549 - INFO -   - 价格在20日线上方: 是
2025-03-04 11:15:17,549 - INFO -   - RSI超卖反弹: 否
2025-03-04 11:15:17,549 - INFO -   - MACD金叉: 否
2025-03-04 11:15:17,549 - INFO -   - KDJ金叉: 否
2025-03-04 11:15:17,550 - INFO -   - 布林带下轨反弹: 否
2025-03-04 11:15:17,550 - INFO -   - 成交量放大: 否
2025-03-04 11:15:17,550 - INFO -   - 最终买入信号: 否
2025-03-04 11:15:27,566 - INFO - 测试模式：完成8个周期，退出程序
2025-03-04 13:36:33,040 - INFO - BaoStock登录成功: 0 success
2025-03-04 13:36:33,041 - INFO - 开始运行自动交易程序...
2025-03-04 13:36:33,041 - INFO - 测试模式：当前周期 1
2025-03-04 13:36:33,041 - INFO - 当前价格: 24.95
2025-03-04 13:36:33,041 - INFO - 模拟数据：创建明确的金叉信号
2025-03-04 13:36:33,041 - INFO - 模拟价格序列（最后10天）: [29.45, 28.95, 28.45, 27.95, 27.45, 26.95, 26.45, 25.95, 25.45, 24.95]
2025-03-04 13:36:33,081 - INFO - 当前MA5: 25.95, 当前MA10: 27.20
2025-03-04 13:36:33,082 - INFO - 前一天MA5: 26.45, 前一天MA10: 27.20
2025-03-04 13:36:33,082 - INFO - 当前RSI: 50.00, 当前MACD: 0.25
2025-03-04 13:36:33,082 - INFO - 当前KDJ - K: 17.75, D: 36.63, J: -20.01
2025-03-04 13:36:33,082 - INFO - 当前成交量: 90176, 5日均量: 90541, 10日均量: 100803
2025-03-04 13:36:33,083 - INFO - 当前MA5: 25.95, 当前MA10: 27.20
2025-03-04 13:36:33,083 - INFO - 前一天MA5: 26.45, 前一天MA10: 27.20
2025-03-04 13:36:33,083 - INFO - 当前RSI: 50.00, 前一天RSI: 52.94
2025-03-04 13:36:33,083 - INFO - 当前MACD: 0.25, 当前Signal: 0.47
2025-03-04 13:36:33,083 - INFO - 当前KDJ - K: 17.75, D: 36.63, J: -20.01
2025-03-04 13:36:33,084 - INFO - 当前成交量: 90176, 5日均量: 90541, 10日均量: 100803
2025-03-04 13:36:33,085 - INFO - 测试模式：忽略交易时间限制
2025-03-04 13:36:33,086 - INFO - 买入信号检查:
2025-03-04 13:36:33,086 - INFO -   - 5日线上穿10日线: 否
2025-03-04 13:36:33,086 - INFO -   - 价格在20日线上方: 否
2025-03-04 13:36:33,086 - INFO -   - RSI超卖反弹: 否
2025-03-04 13:36:33,086 - INFO -   - MACD金叉: 否
2025-03-04 13:36:33,087 - INFO -   - KDJ金叉: 否
2025-03-04 13:36:33,087 - INFO -   - 布林带下轨反弹: 否
2025-03-04 13:36:33,087 - INFO -   - 成交量放大: 否
2025-03-04 13:36:33,087 - INFO -   - 最终买入信号: 否
2025-03-04 13:36:43,091 - INFO - 测试模式：当前周期 2
2025-03-04 13:36:43,092 - INFO - 当前价格: 24.95
2025-03-04 13:36:43,092 - INFO - 模拟数据：创建明确的金叉信号
2025-03-04 13:36:43,092 - INFO - 模拟价格序列（最后10天）: [29.45, 28.95, 28.45, 27.95, 27.45, 26.95, 26.45, 25.95, 25.45, 24.95]
2025-03-04 13:36:43,099 - INFO - 当前MA5: 25.95, 当前MA10: 27.20
2025-03-04 13:36:43,099 - INFO - 前一天MA5: 26.45, 前一天MA10: 27.20
2025-03-04 13:36:43,099 - INFO - 当前RSI: 50.00, 当前MACD: 0.25
2025-03-04 13:36:43,100 - INFO - 当前KDJ - K: 17.75, D: 36.63, J: -20.01
2025-03-04 13:36:43,100 - INFO - 当前成交量: 90176, 5日均量: 90541, 10日均量: 100803
2025-03-04 13:36:43,100 - INFO - 当前MA5: 25.95, 当前MA10: 27.20
2025-03-04 13:36:43,101 - INFO - 前一天MA5: 26.45, 前一天MA10: 27.20
2025-03-04 13:36:43,101 - INFO - 当前RSI: 50.00, 前一天RSI: 52.94
2025-03-04 13:36:43,101 - INFO - 当前MACD: 0.25, 当前Signal: 0.47
2025-03-04 13:36:43,102 - INFO - 当前KDJ - K: 17.75, D: 36.63, J: -20.01
2025-03-04 13:36:43,102 - INFO - 当前成交量: 90176, 5日均量: 90541, 10日均量: 100803
2025-03-04 13:36:43,102 - INFO - 测试模式：忽略交易时间限制
2025-03-04 13:36:43,102 - INFO - 买入信号检查:
2025-03-04 13:36:43,102 - INFO -   - 5日线上穿10日线: 否
2025-03-04 13:36:43,102 - INFO -   - 价格在20日线上方: 否
2025-03-04 13:36:43,102 - INFO -   - RSI超卖反弹: 否
2025-03-04 13:36:43,103 - INFO -   - MACD金叉: 否
2025-03-04 13:36:43,103 - INFO -   - KDJ金叉: 否
2025-03-04 13:36:43,103 - INFO -   - 布林带下轨反弹: 否
2025-03-04 13:36:43,103 - INFO -   - 成交量放大: 否
2025-03-04 13:36:43,103 - INFO -   - 最终买入信号: 否
