2025-02-16 23:21:02,169 [ERROR] 获取新浪股票实时数据失败: list index out of range
2025-02-16 23:35:11,275 [WARNING] 未配置钉钉机器人webhook，消息未发送
2025-02-16 23:38:31,295 [WARNING] 未配置钉钉机器人webhook，消息未发送
2025-02-16 23:39:10,192 [ERROR] 钉钉消息发送失败: 错误描述:关键词不匹配;解决方案:请联系群管理员查看此机器人的关键词，并在发送的信息中包含此关键词;
2025-02-16 23:39:54,467 [ERROR] 钉钉消息发送失败: 错误描述:关键词不匹配;解决方案:请联系群管理员查看此机器人的关键词，并在发送的信息中包含此关键词;
2025-02-16 23:42:05,481 [ERROR] 钉钉消息发送失败: 错误描述:关键词不匹配;解决方案:请联系群管理员查看此机器人的关键词，并在发送的信息中包含此关键词;
2025-02-16 23:48:20,938 [INFO] 钉钉消息发送成功
2025-02-17 00:04:44,205 [ERROR] 钉钉消息发送失败: 错误描述:关键词不匹配;解决方案:请联系群管理员查看此机器人的关键词，并在发送的信息中包含此关键词;
2025-02-17 00:05:59,312 [ERROR] 钉钉消息发送失败: 错误描述:关键词不匹配;解决方案:请联系群管理员查看此机器人的关键词，并在发送的信息中包含此关键词;
2025-02-17 00:05:59,313 [ERROR] 【小火箭】选股程序运行出错: name 'TuShareData' is not defined
2025-02-17 00:05:59,483 [INFO] 钉钉消息发送成功
2025-02-17 00:07:17,602 [ERROR] 钉钉消息发送失败: 错误描述:关键词不匹配;解决方案:请联系群管理员查看此机器人的关键词，并在发送的信息中包含此关键词;
2025-02-17 00:07:17,604 [ERROR] 【小火箭】选股程序运行出错: name 'TuShareData' is not defined
2025-02-17 00:07:17,770 [INFO] 钉钉消息发送成功
2025-02-17 00:09:13,930 [ERROR] 【小火箭】选股程序运行出错: name 'TuShareData' is not defined
2025-02-17 00:09:14,120 [INFO] 钉钉消息发送成功
2025-02-17 00:10:24,092 [ERROR] 【小火箭】选股程序运行出错: name 'TuShareData' is not defined
2025-02-17 00:10:24,265 [INFO] 钉钉消息发送成功
2025-02-17 00:11:32,673 [ERROR] 【小火箭】选股程序运行出错: name 'TuShareData' is not defined
2025-02-17 00:11:32,849 [INFO] 钉钉消息发送成功
2025-02-17 00:12:59,118 [ERROR] 【小火箭】选股程序运行出错: name 'TuShareData' is not defined
2025-02-17 00:12:59,283 [INFO] 钉钉消息发送成功
2025-02-17 00:20:48,341 [ERROR] 【小火箭】选股程序运行出错: name 'TuShareData' is not defined
2025-02-17 00:20:48,530 [INFO] 钉钉消息发送成功
2025-02-17 00:29:51,407 [INFO] 钉钉消息发送成功
2025-02-17 10:55:33,491 [ERROR] 【小火箭】选股程序运行出错: name 'TuShareData' is not defined
2025-02-17 10:55:33,711 [INFO] 钉钉消息发送成功
2025-02-17 10:56:30,831 [ERROR] 【小火箭】选股程序运行出错: name 'TuShareData' is not defined
2025-02-17 10:56:30,999 [INFO] 钉钉消息发送成功
2025-02-17 11:40:31,309 [ERROR] 【小火箭】选股程序运行出错: name 'TuShareData' is not defined
2025-02-17 11:40:31,546 [INFO] 钉钉消息发送成功
2025-02-17 11:59:38,786 [INFO] 钉钉消息发送成功
2025-02-17 13:29:27,390 [INFO] 钉钉消息发送成功
2025-02-17 13:42:31,829 [ERROR] 【小火箭】选股程序运行出错: 抱歉，您每小时最多访问该接口1次，权限的具体详情访问：https://tushare.pro/document/1?doc_id=108。
2025-02-17 13:42:32,009 [INFO] 钉钉消息发送成功
2025-02-17 13:46:33,547 [INFO] 钉钉消息发送成功
2025-02-17 14:13:25,733 [INFO] 钉钉消息发送成功
2025-02-17 14:16:36,457 [INFO] 钉钉消息发送成功
2025-02-17 14:39:12,784 [INFO] 钉钉消息发送成功
2025-02-17 14:45:06,593 [INFO] 钉钉消息发送成功
2025-02-17 14:51:43,742 [INFO] 钉钉消息发送成功
2025-02-17 15:05:23,230 - INFO - 开始执行选股...
2025-02-17 15:05:23,233 - INFO - 正在获取股票列表...
2025-02-17 15:05:23,427 - ERROR - 选股失败: 抱歉，您每小时最多访问该接口1次，权限的具体详情访问：https://tushare.pro/document/1?doc_id=108。
2025-02-17 15:10:10,877 - INFO - 查询股票信息: sz300616
2025-02-17 15:12:13,397 - INFO - 查询股票信息: sz300616
2025-02-17 15:12:24,150 - INFO - 开始执行选股...
2025-02-17 15:12:24,151 - INFO - 正在获取股票列表...
2025-02-17 15:12:24,307 - ERROR - 选股失败: 抱歉，您每分钟最多访问该接口1次，权限的具体详情访问：https://tushare.pro/document/1?doc_id=108。
2025-02-17 15:15:13,620 - INFO - 查询股票信息: sz300616
2025-02-17 15:15:42,629 - INFO - 开始执行选股...
2025-02-17 15:15:42,630 - INFO - 正在获取股票列表...
2025-02-17 15:15:42,784 - ERROR - 选股失败: 抱歉，您每分钟最多访问该接口1次，权限的具体详情访问：https://tushare.pro/document/1?doc_id=108。
